2024-03-04 02:11:46.597 [info] 로그 수준: Info
2024-03-04 02:11:46.597 [info] "git"에서 찾은 git 유효성을 검사하는 중
2024-03-04 02:11:46.597 [info] "2.25.1"에서 git "git"을(를) 사용하는 중
2024-03-04 02:11:46.597 [info] > git rev-parse --show-toplevel [15ms]
2024-03-04 02:11:46.597 [info] fatal: not a git repository (or any of the parent directories): .git
2024-03-04 02:11:46.597 [info] > git rev-parse --show-toplevel [6ms]
2024-03-04 02:11:46.597 [info] fatal: not a git repository (or any of the parent directories): .git
2024-03-04 02:11:46.597 [info] > git rev-parse --show-toplevel [78ms]
2024-03-04 02:11:46.597 [info] fatal: not a git repository (or any of the parent directories): .git
2024-03-04 02:11:46.597 [info] > git rev-parse --show-toplevel [8ms]
2024-03-04 02:11:46.597 [info] fatal: not a git repository (or any of the parent directories): .git
2024-03-04 02:11:49.096 [info] > git rev-parse --show-toplevel [2ms]
2024-03-04 02:11:49.096 [info] fatal: not a git repository (or any of the parent directories): .git
2024-03-04 02:11:50.433 [info] > git rev-parse --show-toplevel [2ms]
2024-03-04 02:11:50.433 [info] fatal: not a git repository (or any of the parent directories): .git
2024-03-04 02:11:56.461 [info] > git rev-parse --show-toplevel [1ms]
2024-03-04 02:11:56.461 [info] fatal: not a git repository (or any of the parent directories): .git
2024-03-04 02:11:59.860 [info] > git rev-parse --show-toplevel [1ms]
2024-03-04 02:11:59.860 [info] fatal: not a git repository (or any of the parent directories): .git
2024-03-04 02:12:01.813 [info] > git rev-parse --show-toplevel [1ms]
2024-03-04 02:12:01.813 [info] fatal: not a git repository (or any of the parent directories): .git
2024-03-04 02:15:23.848 [info] > git rev-parse --show-toplevel [2ms]
2024-03-04 02:15:23.848 [info] fatal: not a git repository (or any of the parent directories): .git
2024-03-04 02:15:25.393 [info] > git rev-parse --show-toplevel [4ms]
2024-03-04 02:15:25.393 [info] fatal: not a git repository (or any of the parent directories): .git
2024-03-04 02:15:39.594 [info] > git rev-parse --show-toplevel [2ms]
2024-03-04 02:15:39.594 [info] fatal: not a git repository (or any of the parent directories): .git
2024-03-04 02:15:41.092 [info] > git rev-parse --show-toplevel [1ms]
2024-03-04 02:15:41.092 [info] fatal: not a git repository (or any of the parent directories): .git
