["INFO" - 2:03:51 PM] Extension Name: esbenp.prettier-vscode.
["INFO" - 2:03:51 PM] Extension Version: 10.1.0.
["INFO" - 2:20:11 PM] Formatting file:///home/khj415/frontend/src/container/pages/MainForm.js
["INFO" - 2:20:11 PM] PrettierInstance:
{
  "modulePath": "/home/khj415/frontend/node_modules/prettier/index.cjs",
  "importResolver": {},
  "callMethodResolvers": {},
  "currentCallMethodId": 29,
  "version": "3.2.5"
}
["INFO" - 2:20:11 PM] Using ignore file (if present) at /home/khj415/frontend/.prettierignore
["INFO" - 2:20:11 PM] File Info:
{
  "ignored": false,
  "inferredParser": "babel"
}
["INFO" - 2:20:11 PM] No local configuration (i.e. .prettierrc or .editorconfig) detected, falling back to VS Code configuration
["INFO" - 2:20:11 PM] Prettier Options:
{
  "arrowParens": "always",
  "bracketSpacing": true,
  "endOfLine": "lf",
  "htmlWhitespaceSensitivity": "css",
  "insertPragma": false,
  "singleAttributePerLine": false,
  "bracketSameLine": false,
  "jsxBracketSameLine": false,
  "jsxSingleQuote": false,
  "printWidth": 80,
  "proseWrap": "preserve",
  "quoteProps": "as-needed",
  "requirePragma": false,
  "semi": true,
  "singleQuote": false,
  "tabWidth": 2,
  "trailingComma": "es5",
  "useTabs": false,
  "embeddedLanguageFormatting": "auto",
  "vueIndentScriptAndStyle": false,
  "filepath": "/home/khj415/frontend/src/container/pages/MainForm.js",
  "parser": "babel"
}
["INFO" - 2:20:11 PM] Formatting completed in 77ms.
["INFO" - 2:25:31 PM] Formatting file:///home/khj415/frontend/src/container/pages/MainForm.js
["INFO" - 2:25:31 PM] PrettierInstance:
{
  "modulePath": "/home/khj415/frontend/node_modules/prettier/index.cjs",
  "importResolver": {},
  "callMethodResolvers": {},
  "currentCallMethodId": 51,
  "version": "3.2.5"
}
["INFO" - 2:25:31 PM] Using ignore file (if present) at /home/khj415/frontend/.prettierignore
["INFO" - 2:25:31 PM] File Info:
{
  "ignored": false,
  "inferredParser": "babel"
}
["INFO" - 2:25:31 PM] No local configuration (i.e. .prettierrc or .editorconfig) detected, falling back to VS Code configuration
["INFO" - 2:25:31 PM] Prettier Options:
{
  "arrowParens": "always",
  "bracketSpacing": true,
  "endOfLine": "lf",
  "htmlWhitespaceSensitivity": "css",
  "insertPragma": false,
  "singleAttributePerLine": false,
  "bracketSameLine": false,
  "jsxBracketSameLine": false,
  "jsxSingleQuote": false,
  "printWidth": 80,
  "proseWrap": "preserve",
  "quoteProps": "as-needed",
  "requirePragma": false,
  "semi": true,
  "singleQuote": false,
  "tabWidth": 2,
  "trailingComma": "es5",
  "useTabs": false,
  "embeddedLanguageFormatting": "auto",
  "vueIndentScriptAndStyle": false,
  "filepath": "/home/khj415/frontend/src/container/pages/MainForm.js",
  "parser": "babel"
}
["INFO" - 2:25:31 PM] Formatting completed in 26ms.
["INFO" - 2:26:22 PM] Formatting file:///home/khj415/frontend/src/container/pages/MainForm.js
["INFO" - 2:26:22 PM] PrettierInstance:
{
  "modulePath": "/home/khj415/frontend/node_modules/prettier/index.cjs",
  "importResolver": {},
  "callMethodResolvers": {},
  "currentCallMethodId": 61,
  "version": "3.2.5"
}
["INFO" - 2:26:22 PM] Using ignore file (if present) at /home/khj415/frontend/.prettierignore
["INFO" - 2:26:22 PM] File Info:
{
  "ignored": false,
  "inferredParser": "babel"
}
["INFO" - 2:26:22 PM] No local configuration (i.e. .prettierrc or .editorconfig) detected, falling back to VS Code configuration
["INFO" - 2:26:22 PM] Prettier Options:
{
  "arrowParens": "always",
  "bracketSpacing": true,
  "endOfLine": "lf",
  "htmlWhitespaceSensitivity": "css",
  "insertPragma": false,
  "singleAttributePerLine": false,
  "bracketSameLine": false,
  "jsxBracketSameLine": false,
  "jsxSingleQuote": false,
  "printWidth": 80,
  "proseWrap": "preserve",
  "quoteProps": "as-needed",
  "requirePragma": false,
  "semi": true,
  "singleQuote": false,
  "tabWidth": 2,
  "trailingComma": "es5",
  "useTabs": false,
  "embeddedLanguageFormatting": "auto",
  "vueIndentScriptAndStyle": false,
  "filepath": "/home/khj415/frontend/src/container/pages/MainForm.js",
  "parser": "babel"
}
["INFO" - 2:26:22 PM] Formatting completed in 33ms.
["INFO" - 2:26:38 PM] Formatting file:///home/khj415/frontend/src/container/pages/MainForm.js
["INFO" - 2:26:38 PM] PrettierInstance:
{
  "modulePath": "/home/khj415/frontend/node_modules/prettier/index.cjs",
  "importResolver": {},
  "callMethodResolvers": {},
  "currentCallMethodId": 65,
  "version": "3.2.5"
}
["INFO" - 2:26:38 PM] Using ignore file (if present) at /home/khj415/frontend/.prettierignore
["INFO" - 2:26:38 PM] File Info:
{
  "ignored": false,
  "inferredParser": "babel"
}
["INFO" - 2:26:38 PM] No local configuration (i.e. .prettierrc or .editorconfig) detected, falling back to VS Code configuration
["INFO" - 2:26:38 PM] Prettier Options:
{
  "arrowParens": "always",
  "bracketSpacing": true,
  "endOfLine": "lf",
  "htmlWhitespaceSensitivity": "css",
  "insertPragma": false,
  "singleAttributePerLine": false,
  "bracketSameLine": false,
  "jsxBracketSameLine": false,
  "jsxSingleQuote": false,
  "printWidth": 80,
  "proseWrap": "preserve",
  "quoteProps": "as-needed",
  "requirePragma": false,
  "semi": true,
  "singleQuote": false,
  "tabWidth": 2,
  "trailingComma": "es5",
  "useTabs": false,
  "embeddedLanguageFormatting": "auto",
  "vueIndentScriptAndStyle": false,
  "filepath": "/home/khj415/frontend/src/container/pages/MainForm.js",
  "parser": "babel"
}
["INFO" - 2:26:38 PM] Formatting completed in 28ms.
["INFO" - 2:26:43 PM] Formatting file:///home/khj415/frontend/src/container/pages/MainForm.js
["INFO" - 2:26:43 PM] PrettierInstance:
{
  "modulePath": "/home/khj415/frontend/node_modules/prettier/index.cjs",
  "importResolver": {},
  "callMethodResolvers": {},
  "currentCallMethodId": 69,
  "version": "3.2.5"
}
["INFO" - 2:26:43 PM] Using ignore file (if present) at /home/khj415/frontend/.prettierignore
["INFO" - 2:26:43 PM] File Info:
{
  "ignored": false,
  "inferredParser": "babel"
}
["INFO" - 2:26:43 PM] No local configuration (i.e. .prettierrc or .editorconfig) detected, falling back to VS Code configuration
["INFO" - 2:26:43 PM] Prettier Options:
{
  "arrowParens": "always",
  "bracketSpacing": true,
  "endOfLine": "lf",
  "htmlWhitespaceSensitivity": "css",
  "insertPragma": false,
  "singleAttributePerLine": false,
  "bracketSameLine": false,
  "jsxBracketSameLine": false,
  "jsxSingleQuote": false,
  "printWidth": 80,
  "proseWrap": "preserve",
  "quoteProps": "as-needed",
  "requirePragma": false,
  "semi": true,
  "singleQuote": false,
  "tabWidth": 2,
  "trailingComma": "es5",
  "useTabs": false,
  "embeddedLanguageFormatting": "auto",
  "vueIndentScriptAndStyle": false,
  "filepath": "/home/khj415/frontend/src/container/pages/MainForm.js",
  "parser": "babel"
}
["INFO" - 2:26:43 PM] Formatting completed in 20ms.
["INFO" - 2:27:10 PM] Formatting file:///home/khj415/frontend/src/container/pages/MainForm.js
["INFO" - 2:27:10 PM] PrettierInstance:
{
  "modulePath": "/home/khj415/frontend/node_modules/prettier/index.cjs",
  "importResolver": {},
  "callMethodResolvers": {},
  "currentCallMethodId": 73,
  "version": "3.2.5"
}
["INFO" - 2:27:10 PM] Using ignore file (if present) at /home/khj415/frontend/.prettierignore
["INFO" - 2:27:10 PM] File Info:
{
  "ignored": false,
  "inferredParser": "babel"
}
["INFO" - 2:27:10 PM] No local configuration (i.e. .prettierrc or .editorconfig) detected, falling back to VS Code configuration
["INFO" - 2:27:10 PM] Prettier Options:
{
  "arrowParens": "always",
  "bracketSpacing": true,
  "endOfLine": "lf",
  "htmlWhitespaceSensitivity": "css",
  "insertPragma": false,
  "singleAttributePerLine": false,
  "bracketSameLine": false,
  "jsxBracketSameLine": false,
  "jsxSingleQuote": false,
  "printWidth": 80,
  "proseWrap": "preserve",
  "quoteProps": "as-needed",
  "requirePragma": false,
  "semi": true,
  "singleQuote": false,
  "tabWidth": 2,
  "trailingComma": "es5",
  "useTabs": false,
  "embeddedLanguageFormatting": "auto",
  "vueIndentScriptAndStyle": false,
  "filepath": "/home/khj415/frontend/src/container/pages/MainForm.js",
  "parser": "babel"
}
["ERROR" - 2:27:10 PM] Error formatting document.
["ERROR" - 2:27:10 PM] Unexpected token (98:19)
   96 |                 <div
   97 |                   className="list"
>  98 |                   )}
      |                   ^
   99 |                 >
  100 |                   {Trash.filter((target) => target.name.includes(query)).map(
  101 |                     (target) => (
SyntaxError: Unexpected token (98:19)
   96 |                 <div
   97 |                   className="list"
>  98 |                   )}
      |                   ^
   99 |                 >
  100 |                   {Trash.filter((target) => target.name.includes(query)).map(
  101 |                     (target) => (
    at Fr (file:///home/khj415/frontend/node_modules/prettier/plugins/babel.mjs:16:14923)
    at Br (file:///home/khj415/frontend/node_modules/prettier/plugins/babel.mjs:16:15249)
    at Object.parse (file:///home/khj415/frontend/node_modules/prettier/plugins/babel.mjs:16:17914)
    at parse4 (file:///home/khj415/frontend/node_modules/prettier/index.mjs:22117:24)
    at async coreFormat (file:///home/khj415/frontend/node_modules/prettier/index.mjs:22607:7)
    at async formatWithCursor (file:///home/khj415/frontend/node_modules/prettier/index.mjs:22809:14)
    at async Module.format2 (file:///home/khj415/frontend/node_modules/prettier/index.mjs:24194:25)
["INFO" - 2:27:10 PM] Formatting completed in 13ms.
["INFO" - 2:27:41 PM] Formatting file:///home/khj415/frontend/src/container/pages/MainForm.js
["INFO" - 2:27:41 PM] PrettierInstance:
{
  "modulePath": "/home/khj415/frontend/node_modules/prettier/index.cjs",
  "importResolver": {},
  "callMethodResolvers": {},
  "currentCallMethodId": 77,
  "version": "3.2.5"
}
["INFO" - 2:27:41 PM] Using ignore file (if present) at /home/khj415/frontend/.prettierignore
["INFO" - 2:27:41 PM] File Info:
{
  "ignored": false,
  "inferredParser": "babel"
}
["INFO" - 2:27:41 PM] No local configuration (i.e. .prettierrc or .editorconfig) detected, falling back to VS Code configuration
["INFO" - 2:27:41 PM] Prettier Options:
{
  "arrowParens": "always",
  "bracketSpacing": true,
  "endOfLine": "lf",
  "htmlWhitespaceSensitivity": "css",
  "insertPragma": false,
  "singleAttributePerLine": false,
  "bracketSameLine": false,
  "jsxBracketSameLine": false,
  "jsxSingleQuote": false,
  "printWidth": 80,
  "proseWrap": "preserve",
  "quoteProps": "as-needed",
  "requirePragma": false,
  "semi": true,
  "singleQuote": false,
  "tabWidth": 2,
  "trailingComma": "es5",
  "useTabs": false,
  "embeddedLanguageFormatting": "auto",
  "vueIndentScriptAndStyle": false,
  "filepath": "/home/khj415/frontend/src/container/pages/MainForm.js",
  "parser": "babel"
}
["INFO" - 2:27:41 PM] Formatting completed in 18ms.
["INFO" - 2:28:21 PM] Formatting file:///home/khj415/frontend/src/container/pages/MainForm.js
["INFO" - 2:28:21 PM] PrettierInstance:
{
  "modulePath": "/home/khj415/frontend/node_modules/prettier/index.cjs",
  "importResolver": {},
  "callMethodResolvers": {},
  "currentCallMethodId": 81,
  "version": "3.2.5"
}
["INFO" - 2:28:21 PM] Using ignore file (if present) at /home/khj415/frontend/.prettierignore
["INFO" - 2:28:21 PM] File Info:
{
  "ignored": false,
  "inferredParser": "babel"
}
["INFO" - 2:28:21 PM] No local configuration (i.e. .prettierrc or .editorconfig) detected, falling back to VS Code configuration
["INFO" - 2:28:21 PM] Prettier Options:
{
  "arrowParens": "always",
  "bracketSpacing": true,
  "endOfLine": "lf",
  "htmlWhitespaceSensitivity": "css",
  "insertPragma": false,
  "singleAttributePerLine": false,
  "bracketSameLine": false,
  "jsxBracketSameLine": false,
  "jsxSingleQuote": false,
  "printWidth": 80,
  "proseWrap": "preserve",
  "quoteProps": "as-needed",
  "requirePragma": false,
  "semi": true,
  "singleQuote": false,
  "tabWidth": 2,
  "trailingComma": "es5",
  "useTabs": false,
  "embeddedLanguageFormatting": "auto",
  "vueIndentScriptAndStyle": false,
  "filepath": "/home/khj415/frontend/src/container/pages/MainForm.js",
  "parser": "babel"
}
["INFO" - 2:28:21 PM] Formatting completed in 18ms.
["INFO" - 2:29:00 PM] Formatting file:///home/khj415/frontend/src/container/pages/MainForm.js
["INFO" - 2:29:00 PM] PrettierInstance:
{
  "modulePath": "/home/khj415/frontend/node_modules/prettier/index.cjs",
  "importResolver": {},
  "callMethodResolvers": {},
  "currentCallMethodId": 85,
  "version": "3.2.5"
}
["INFO" - 2:29:00 PM] Using ignore file (if present) at /home/khj415/frontend/.prettierignore
["INFO" - 2:29:00 PM] File Info:
{
  "ignored": false,
  "inferredParser": "babel"
}
["INFO" - 2:29:00 PM] No local configuration (i.e. .prettierrc or .editorconfig) detected, falling back to VS Code configuration
["INFO" - 2:29:00 PM] Prettier Options:
{
  "arrowParens": "always",
  "bracketSpacing": true,
  "endOfLine": "lf",
  "htmlWhitespaceSensitivity": "css",
  "insertPragma": false,
  "singleAttributePerLine": false,
  "bracketSameLine": false,
  "jsxBracketSameLine": false,
  "jsxSingleQuote": false,
  "printWidth": 80,
  "proseWrap": "preserve",
  "quoteProps": "as-needed",
  "requirePragma": false,
  "semi": true,
  "singleQuote": false,
  "tabWidth": 2,
  "trailingComma": "es5",
  "useTabs": false,
  "embeddedLanguageFormatting": "auto",
  "vueIndentScriptAndStyle": false,
  "filepath": "/home/khj415/frontend/src/container/pages/MainForm.js",
  "parser": "babel"
}
["INFO" - 2:29:01 PM] Formatting completed in 19ms.
["INFO" - 2:30:05 PM] Formatting file:///home/khj415/frontend/src/container/pages/MainForm.js
["INFO" - 2:30:05 PM] PrettierInstance:
{
  "modulePath": "/home/khj415/frontend/node_modules/prettier/index.cjs",
  "importResolver": {},
  "callMethodResolvers": {},
  "currentCallMethodId": 89,
  "version": "3.2.5"
}
["INFO" - 2:30:05 PM] Using ignore file (if present) at /home/khj415/frontend/.prettierignore
["INFO" - 2:30:05 PM] File Info:
{
  "ignored": false,
  "inferredParser": "babel"
}
["INFO" - 2:30:05 PM] No local configuration (i.e. .prettierrc or .editorconfig) detected, falling back to VS Code configuration
["INFO" - 2:30:05 PM] Prettier Options:
{
  "arrowParens": "always",
  "bracketSpacing": true,
  "endOfLine": "lf",
  "htmlWhitespaceSensitivity": "css",
  "insertPragma": false,
  "singleAttributePerLine": false,
  "bracketSameLine": false,
  "jsxBracketSameLine": false,
  "jsxSingleQuote": false,
  "printWidth": 80,
  "proseWrap": "preserve",
  "quoteProps": "as-needed",
  "requirePragma": false,
  "semi": true,
  "singleQuote": false,
  "tabWidth": 2,
  "trailingComma": "es5",
  "useTabs": false,
  "embeddedLanguageFormatting": "auto",
  "vueIndentScriptAndStyle": false,
  "filepath": "/home/khj415/frontend/src/container/pages/MainForm.js",
  "parser": "babel"
}
["INFO" - 2:30:05 PM] Formatting completed in 20ms.
["INFO" - 2:35:37 PM] Formatting file:///home/khj415/frontend/src/container/pages/MainForm.js
["INFO" - 2:35:37 PM] PrettierInstance:
{
  "modulePath": "/home/khj415/frontend/node_modules/prettier/index.cjs",
  "importResolver": {},
  "callMethodResolvers": {},
  "currentCallMethodId": 93,
  "version": "3.2.5"
}
["INFO" - 2:35:37 PM] Using ignore file (if present) at /home/khj415/frontend/.prettierignore
["INFO" - 2:35:37 PM] File Info:
{
  "ignored": false,
  "inferredParser": "babel"
}
["INFO" - 2:35:37 PM] No local configuration (i.e. .prettierrc or .editorconfig) detected, falling back to VS Code configuration
["INFO" - 2:35:37 PM] Prettier Options:
{
  "arrowParens": "always",
  "bracketSpacing": true,
  "endOfLine": "lf",
  "htmlWhitespaceSensitivity": "css",
  "insertPragma": false,
  "singleAttributePerLine": false,
  "bracketSameLine": false,
  "jsxBracketSameLine": false,
  "jsxSingleQuote": false,
  "printWidth": 80,
  "proseWrap": "preserve",
  "quoteProps": "as-needed",
  "requirePragma": false,
  "semi": true,
  "singleQuote": false,
  "tabWidth": 2,
  "trailingComma": "es5",
  "useTabs": false,
  "embeddedLanguageFormatting": "auto",
  "vueIndentScriptAndStyle": false,
  "filepath": "/home/khj415/frontend/src/container/pages/MainForm.js",
  "parser": "babel"
}
["ERROR" - 2:35:37 PM] Error formatting document.
["ERROR" - 2:35:37 PM] JSX attributes must only be assigned a non-empty expression. (95:25)
  93 |               className="search-input"
  94 |               onChange={(e) => setQuery(e.target.value)}
> 95 |               onFocus = {}
     |                         ^
  96 |               onBlur = {}
  97 |             />
  98 |             <div>
SyntaxError: JSX attributes must only be assigned a non-empty expression. (95:25)
  93 |               className="search-input"
  94 |               onChange={(e) => setQuery(e.target.value)}
> 95 |               onFocus = {}
     |                         ^
  96 |               onBlur = {}
  97 |             />
  98 |             <div>
    at Fr (file:///home/khj415/frontend/node_modules/prettier/plugins/babel.mjs:16:14923)
    at Br (file:///home/khj415/frontend/node_modules/prettier/plugins/babel.mjs:16:15249)
    at Object.parse (file:///home/khj415/frontend/node_modules/prettier/plugins/babel.mjs:16:17914)
    at parse4 (file:///home/khj415/frontend/node_modules/prettier/index.mjs:22117:24)
    at async coreFormat (file:///home/khj415/frontend/node_modules/prettier/index.mjs:22607:7)
    at async formatWithCursor (file:///home/khj415/frontend/node_modules/prettier/index.mjs:22809:14)
    at async Module.format2 (file:///home/khj415/frontend/node_modules/prettier/index.mjs:24194:25)
["INFO" - 2:35:37 PM] Formatting completed in 10ms.
["INFO" - 2:35:53 PM] Formatting file:///home/khj415/frontend/src/container/pages/MainForm.js
["INFO" - 2:35:53 PM] PrettierInstance:
{
  "modulePath": "/home/khj415/frontend/node_modules/prettier/index.cjs",
  "importResolver": {},
  "callMethodResolvers": {},
  "currentCallMethodId": 97,
  "version": "3.2.5"
}
["INFO" - 2:35:53 PM] Using ignore file (if present) at /home/khj415/frontend/.prettierignore
["INFO" - 2:35:53 PM] File Info:
{
  "ignored": false,
  "inferredParser": "babel"
}
["INFO" - 2:35:53 PM] No local configuration (i.e. .prettierrc or .editorconfig) detected, falling back to VS Code configuration
["INFO" - 2:35:53 PM] Prettier Options:
{
  "arrowParens": "always",
  "bracketSpacing": true,
  "endOfLine": "lf",
  "htmlWhitespaceSensitivity": "css",
  "insertPragma": false,
  "singleAttributePerLine": false,
  "bracketSameLine": false,
  "jsxBracketSameLine": false,
  "jsxSingleQuote": false,
  "printWidth": 80,
  "proseWrap": "preserve",
  "quoteProps": "as-needed",
  "requirePragma": false,
  "semi": true,
  "singleQuote": false,
  "tabWidth": 2,
  "trailingComma": "es5",
  "useTabs": false,
  "embeddedLanguageFormatting": "auto",
  "vueIndentScriptAndStyle": false,
  "filepath": "/home/khj415/frontend/src/container/pages/MainForm.js",
  "parser": "babel"
}
["INFO" - 2:35:53 PM] Formatting completed in 15ms.
["INFO" - 2:36:02 PM] Formatting file:///home/khj415/frontend/src/container/pages/MainForm.js
["INFO" - 2:36:02 PM] PrettierInstance:
{
  "modulePath": "/home/khj415/frontend/node_modules/prettier/index.cjs",
  "importResolver": {},
  "callMethodResolvers": {},
  "currentCallMethodId": 101,
  "version": "3.2.5"
}
["INFO" - 2:36:02 PM] Using ignore file (if present) at /home/khj415/frontend/.prettierignore
["INFO" - 2:36:02 PM] File Info:
{
  "ignored": false,
  "inferredParser": "babel"
}
["INFO" - 2:36:02 PM] No local configuration (i.e. .prettierrc or .editorconfig) detected, falling back to VS Code configuration
["INFO" - 2:36:02 PM] Prettier Options:
{
  "arrowParens": "always",
  "bracketSpacing": true,
  "endOfLine": "lf",
  "htmlWhitespaceSensitivity": "css",
  "insertPragma": false,
  "singleAttributePerLine": false,
  "bracketSameLine": false,
  "jsxBracketSameLine": false,
  "jsxSingleQuote": false,
  "printWidth": 80,
  "proseWrap": "preserve",
  "quoteProps": "as-needed",
  "requirePragma": false,
  "semi": true,
  "singleQuote": false,
  "tabWidth": 2,
  "trailingComma": "es5",
  "useTabs": false,
  "embeddedLanguageFormatting": "auto",
  "vueIndentScriptAndStyle": false,
  "filepath": "/home/khj415/frontend/src/container/pages/MainForm.js",
  "parser": "babel"
}
["INFO" - 2:36:02 PM] Formatting completed in 20ms.
["INFO" - 2:38:43 PM] Formatting file:///home/khj415/frontend/src/container/pages/MainForm.js
["INFO" - 2:38:43 PM] PrettierInstance:
{
  "modulePath": "/home/khj415/frontend/node_modules/prettier/index.cjs",
  "importResolver": {},
  "callMethodResolvers": {},
  "currentCallMethodId": 105,
  "version": "3.2.5"
}
["INFO" - 2:38:43 PM] Using ignore file (if present) at /home/khj415/frontend/.prettierignore
["INFO" - 2:38:43 PM] File Info:
{
  "ignored": false,
  "inferredParser": "babel"
}
["INFO" - 2:38:43 PM] No local configuration (i.e. .prettierrc or .editorconfig) detected, falling back to VS Code configuration
["INFO" - 2:38:43 PM] Prettier Options:
{
  "arrowParens": "always",
  "bracketSpacing": true,
  "endOfLine": "lf",
  "htmlWhitespaceSensitivity": "css",
  "insertPragma": false,
  "singleAttributePerLine": false,
  "bracketSameLine": false,
  "jsxBracketSameLine": false,
  "jsxSingleQuote": false,
  "printWidth": 80,
  "proseWrap": "preserve",
  "quoteProps": "as-needed",
  "requirePragma": false,
  "semi": true,
  "singleQuote": false,
  "tabWidth": 2,
  "trailingComma": "es5",
  "useTabs": false,
  "embeddedLanguageFormatting": "auto",
  "vueIndentScriptAndStyle": false,
  "filepath": "/home/khj415/frontend/src/container/pages/MainForm.js",
  "parser": "babel"
}
["INFO" - 2:38:43 PM] Formatting completed in 15ms.
["INFO" - 2:38:45 PM] Formatting file:///home/khj415/frontend/src/container/pages/MainForm.js
["INFO" - 2:38:45 PM] PrettierInstance:
{
  "modulePath": "/home/khj415/frontend/node_modules/prettier/index.cjs",
  "importResolver": {},
  "callMethodResolvers": {},
  "currentCallMethodId": 109,
  "version": "3.2.5"
}
["INFO" - 2:38:45 PM] Using ignore file (if present) at /home/khj415/frontend/.prettierignore
["INFO" - 2:38:45 PM] File Info:
{
  "ignored": false,
  "inferredParser": "babel"
}
["INFO" - 2:38:45 PM] No local configuration (i.e. .prettierrc or .editorconfig) detected, falling back to VS Code configuration
["INFO" - 2:38:45 PM] Prettier Options:
{
  "arrowParens": "always",
  "bracketSpacing": true,
  "endOfLine": "lf",
  "htmlWhitespaceSensitivity": "css",
  "insertPragma": false,
  "singleAttributePerLine": false,
  "bracketSameLine": false,
  "jsxBracketSameLine": false,
  "jsxSingleQuote": false,
  "printWidth": 80,
  "proseWrap": "preserve",
  "quoteProps": "as-needed",
  "requirePragma": false,
  "semi": true,
  "singleQuote": false,
  "tabWidth": 2,
  "trailingComma": "es5",
  "useTabs": false,
  "embeddedLanguageFormatting": "auto",
  "vueIndentScriptAndStyle": false,
  "filepath": "/home/khj415/frontend/src/container/pages/MainForm.js",
  "parser": "babel"
}
["ERROR" - 2:38:45 PM] Error formatting document.
["ERROR" - 2:38:45 PM] Unterminated string constant. (77:14)
  75 |   };
  76 |   const navigateToSearch = () => {
> 77 |     navigate("`/search?query=${query}`);
     |              ^
  78 |   };
  79 |   return (
  80 |     <div className="NotDrag">
SyntaxError: Unterminated string constant. (77:14)
  75 |   };
  76 |   const navigateToSearch = () => {
> 77 |     navigate("`/search?query=${query}`);
     |              ^
  78 |   };
  79 |   return (
  80 |     <div className="NotDrag">
    at Fr (file:///home/khj415/frontend/node_modules/prettier/plugins/babel.mjs:16:14923)
    at Br (file:///home/khj415/frontend/node_modules/prettier/plugins/babel.mjs:16:15249)
    at Object.parse (file:///home/khj415/frontend/node_modules/prettier/plugins/babel.mjs:16:17914)
    at parse4 (file:///home/khj415/frontend/node_modules/prettier/index.mjs:22117:24)
    at async coreFormat (file:///home/khj415/frontend/node_modules/prettier/index.mjs:22607:7)
    at async formatWithCursor (file:///home/khj415/frontend/node_modules/prettier/index.mjs:22809:14)
    at async Module.format2 (file:///home/khj415/frontend/node_modules/prettier/index.mjs:24194:25)
["INFO" - 2:38:45 PM] Formatting completed in 8ms.
["INFO" - 2:38:47 PM] Formatting file:///home/khj415/frontend/src/container/pages/MainForm.js
["INFO" - 2:38:47 PM] PrettierInstance:
{
  "modulePath": "/home/khj415/frontend/node_modules/prettier/index.cjs",
  "importResolver": {},
  "callMethodResolvers": {},
  "currentCallMethodId": 113,
  "version": "3.2.5"
}
["INFO" - 2:38:47 PM] Using ignore file (if present) at /home/khj415/frontend/.prettierignore
["INFO" - 2:38:47 PM] File Info:
{
  "ignored": false,
  "inferredParser": "babel"
}
["INFO" - 2:38:47 PM] No local configuration (i.e. .prettierrc or .editorconfig) detected, falling back to VS Code configuration
["INFO" - 2:38:47 PM] Prettier Options:
{
  "arrowParens": "always",
  "bracketSpacing": true,
  "endOfLine": "lf",
  "htmlWhitespaceSensitivity": "css",
  "insertPragma": false,
  "singleAttributePerLine": false,
  "bracketSameLine": false,
  "jsxBracketSameLine": false,
  "jsxSingleQuote": false,
  "printWidth": 80,
  "proseWrap": "preserve",
  "quoteProps": "as-needed",
  "requirePragma": false,
  "semi": true,
  "singleQuote": false,
  "tabWidth": 2,
  "trailingComma": "es5",
  "useTabs": false,
  "embeddedLanguageFormatting": "auto",
  "vueIndentScriptAndStyle": false,
  "filepath": "/home/khj415/frontend/src/container/pages/MainForm.js",
  "parser": "babel"
}
["INFO" - 2:38:47 PM] Formatting completed in 16ms.
["INFO" - 2:39:09 PM] Formatting file:///home/khj415/frontend/src/container/pages/MainForm.js
["INFO" - 2:39:09 PM] PrettierInstance:
{
  "modulePath": "/home/khj415/frontend/node_modules/prettier/index.cjs",
  "importResolver": {},
  "callMethodResolvers": {},
  "currentCallMethodId": 117,
  "version": "3.2.5"
}
["INFO" - 2:39:09 PM] Using ignore file (if present) at /home/khj415/frontend/.prettierignore
["INFO" - 2:39:09 PM] File Info:
{
  "ignored": false,
  "inferredParser": "babel"
}
["INFO" - 2:39:09 PM] No local configuration (i.e. .prettierrc or .editorconfig) detected, falling back to VS Code configuration
["INFO" - 2:39:09 PM] Prettier Options:
{
  "arrowParens": "always",
  "bracketSpacing": true,
  "endOfLine": "lf",
  "htmlWhitespaceSensitivity": "css",
  "insertPragma": false,
  "singleAttributePerLine": false,
  "bracketSameLine": false,
  "jsxBracketSameLine": false,
  "jsxSingleQuote": false,
  "printWidth": 80,
  "proseWrap": "preserve",
  "quoteProps": "as-needed",
  "requirePragma": false,
  "semi": true,
  "singleQuote": false,
  "tabWidth": 2,
  "trailingComma": "es5",
  "useTabs": false,
  "embeddedLanguageFormatting": "auto",
  "vueIndentScriptAndStyle": false,
  "filepath": "/home/khj415/frontend/src/container/pages/MainForm.js",
  "parser": "babel"
}
["INFO" - 2:39:10 PM] Formatting completed in 16ms.
["INFO" - 2:39:33 PM] Formatting file:///home/khj415/frontend/src/container/pages/MainForm.js
["INFO" - 2:39:33 PM] PrettierInstance:
{
  "modulePath": "/home/khj415/frontend/node_modules/prettier/index.cjs",
  "importResolver": {},
  "callMethodResolvers": {},
  "currentCallMethodId": 121,
  "version": "3.2.5"
}
["INFO" - 2:39:33 PM] Using ignore file (if present) at /home/khj415/frontend/.prettierignore
["INFO" - 2:39:33 PM] File Info:
{
  "ignored": false,
  "inferredParser": "babel"
}
["INFO" - 2:39:33 PM] No local configuration (i.e. .prettierrc or .editorconfig) detected, falling back to VS Code configuration
["INFO" - 2:39:33 PM] Prettier Options:
{
  "arrowParens": "always",
  "bracketSpacing": true,
  "endOfLine": "lf",
  "htmlWhitespaceSensitivity": "css",
  "insertPragma": false,
  "singleAttributePerLine": false,
  "bracketSameLine": false,
  "jsxBracketSameLine": false,
  "jsxSingleQuote": false,
  "printWidth": 80,
  "proseWrap": "preserve",
  "quoteProps": "as-needed",
  "requirePragma": false,
  "semi": true,
  "singleQuote": false,
  "tabWidth": 2,
  "trailingComma": "es5",
  "useTabs": false,
  "embeddedLanguageFormatting": "auto",
  "vueIndentScriptAndStyle": false,
  "filepath": "/home/khj415/frontend/src/container/pages/MainForm.js",
  "parser": "babel"
}
["INFO" - 2:39:33 PM] Formatting completed in 14ms.
["INFO" - 2:40:48 PM] Formatting file:///home/khj415/frontend/src/container/pages/MainForm.js
["INFO" - 2:40:49 PM] PrettierInstance:
{
  "modulePath": "/home/khj415/frontend/node_modules/prettier/index.cjs",
  "importResolver": {},
  "callMethodResolvers": {},
  "currentCallMethodId": 125,
  "version": "3.2.5"
}
["INFO" - 2:40:49 PM] Using ignore file (if present) at /home/khj415/frontend/.prettierignore
["INFO" - 2:40:49 PM] File Info:
{
  "ignored": false,
  "inferredParser": "babel"
}
["INFO" - 2:40:49 PM] No local configuration (i.e. .prettierrc or .editorconfig) detected, falling back to VS Code configuration
["INFO" - 2:40:49 PM] Prettier Options:
{
  "arrowParens": "always",
  "bracketSpacing": true,
  "endOfLine": "lf",
  "htmlWhitespaceSensitivity": "css",
  "insertPragma": false,
  "singleAttributePerLine": false,
  "bracketSameLine": false,
  "jsxBracketSameLine": false,
  "jsxSingleQuote": false,
  "printWidth": 80,
  "proseWrap": "preserve",
  "quoteProps": "as-needed",
  "requirePragma": false,
  "semi": true,
  "singleQuote": false,
  "tabWidth": 2,
  "trailingComma": "es5",
  "useTabs": false,
  "embeddedLanguageFormatting": "auto",
  "vueIndentScriptAndStyle": false,
  "filepath": "/home/khj415/frontend/src/container/pages/MainForm.js",
  "parser": "babel"
}
["INFO" - 2:40:49 PM] Formatting completed in 15ms.
["INFO" - 2:41:25 PM] Formatting file:///home/khj415/frontend/src/container/pages/MainForm.js
["INFO" - 2:41:25 PM] PrettierInstance:
{
  "modulePath": "/home/khj415/frontend/node_modules/prettier/index.cjs",
  "importResolver": {},
  "callMethodResolvers": {},
  "currentCallMethodId": 129,
  "version": "3.2.5"
}
["INFO" - 2:41:25 PM] Using ignore file (if present) at /home/khj415/frontend/.prettierignore
["INFO" - 2:41:25 PM] File Info:
{
  "ignored": false,
  "inferredParser": "babel"
}
["INFO" - 2:41:25 PM] No local configuration (i.e. .prettierrc or .editorconfig) detected, falling back to VS Code configuration
["INFO" - 2:41:25 PM] Prettier Options:
{
  "arrowParens": "always",
  "bracketSpacing": true,
  "endOfLine": "lf",
  "htmlWhitespaceSensitivity": "css",
  "insertPragma": false,
  "singleAttributePerLine": false,
  "bracketSameLine": false,
  "jsxBracketSameLine": false,
  "jsxSingleQuote": false,
  "printWidth": 80,
  "proseWrap": "preserve",
  "quoteProps": "as-needed",
  "requirePragma": false,
  "semi": true,
  "singleQuote": false,
  "tabWidth": 2,
  "trailingComma": "es5",
  "useTabs": false,
  "embeddedLanguageFormatting": "auto",
  "vueIndentScriptAndStyle": false,
  "filepath": "/home/khj415/frontend/src/container/pages/MainForm.js",
  "parser": "babel"
}
["INFO" - 2:41:25 PM] Formatting completed in 20ms.
["INFO" - 2:43:20 PM] Formatting file:///home/khj415/frontend/src/container/pages/MainForm.js
["INFO" - 2:43:20 PM] PrettierInstance:
{
  "modulePath": "/home/khj415/frontend/node_modules/prettier/index.cjs",
  "importResolver": {},
  "callMethodResolvers": {},
  "currentCallMethodId": 133,
  "version": "3.2.5"
}
["INFO" - 2:43:20 PM] Using ignore file (if present) at /home/khj415/frontend/.prettierignore
["INFO" - 2:43:20 PM] File Info:
{
  "ignored": false,
  "inferredParser": "babel"
}
["INFO" - 2:43:20 PM] No local configuration (i.e. .prettierrc or .editorconfig) detected, falling back to VS Code configuration
["INFO" - 2:43:20 PM] Prettier Options:
{
  "arrowParens": "always",
  "bracketSpacing": true,
  "endOfLine": "lf",
  "htmlWhitespaceSensitivity": "css",
  "insertPragma": false,
  "singleAttributePerLine": false,
  "bracketSameLine": false,
  "jsxBracketSameLine": false,
  "jsxSingleQuote": false,
  "printWidth": 80,
  "proseWrap": "preserve",
  "quoteProps": "as-needed",
  "requirePragma": false,
  "semi": true,
  "singleQuote": false,
  "tabWidth": 2,
  "trailingComma": "es5",
  "useTabs": false,
  "embeddedLanguageFormatting": "auto",
  "vueIndentScriptAndStyle": false,
  "filepath": "/home/khj415/frontend/src/container/pages/MainForm.js",
  "parser": "babel"
}
["INFO" - 2:43:20 PM] Formatting completed in 25ms.
["INFO" - 2:49:57 PM] Formatting file:///home/khj415/frontend/src/container/pages/MainForm.js
["INFO" - 2:49:57 PM] PrettierInstance:
{
  "modulePath": "/home/khj415/frontend/node_modules/prettier/index.cjs",
  "importResolver": {},
  "callMethodResolvers": {},
  "currentCallMethodId": 137,
  "version": "3.2.5"
}
["INFO" - 2:49:57 PM] Using ignore file (if present) at /home/khj415/frontend/.prettierignore
["INFO" - 2:49:57 PM] File Info:
{
  "ignored": false,
  "inferredParser": "babel"
}
["INFO" - 2:49:57 PM] No local configuration (i.e. .prettierrc or .editorconfig) detected, falling back to VS Code configuration
["INFO" - 2:49:57 PM] Prettier Options:
{
  "arrowParens": "always",
  "bracketSpacing": true,
  "endOfLine": "lf",
  "htmlWhitespaceSensitivity": "css",
  "insertPragma": false,
  "singleAttributePerLine": false,
  "bracketSameLine": false,
  "jsxBracketSameLine": false,
  "jsxSingleQuote": false,
  "printWidth": 80,
  "proseWrap": "preserve",
  "quoteProps": "as-needed",
  "requirePragma": false,
  "semi": true,
  "singleQuote": false,
  "tabWidth": 2,
  "trailingComma": "es5",
  "useTabs": false,
  "embeddedLanguageFormatting": "auto",
  "vueIndentScriptAndStyle": false,
  "filepath": "/home/khj415/frontend/src/container/pages/MainForm.js",
  "parser": "babel"
}
["INFO" - 2:49:57 PM] Formatting completed in 24ms.
["INFO" - 2:50:25 PM] Formatting file:///home/khj415/frontend/src/container/pages/MainForm.js
["INFO" - 2:50:25 PM] PrettierInstance:
{
  "modulePath": "/home/khj415/frontend/node_modules/prettier/index.cjs",
  "importResolver": {},
  "callMethodResolvers": {},
  "currentCallMethodId": 141,
  "version": "3.2.5"
}
["INFO" - 2:50:25 PM] Using ignore file (if present) at /home/khj415/frontend/.prettierignore
["INFO" - 2:50:25 PM] File Info:
{
  "ignored": false,
  "inferredParser": "babel"
}
["INFO" - 2:50:25 PM] No local configuration (i.e. .prettierrc or .editorconfig) detected, falling back to VS Code configuration
["INFO" - 2:50:25 PM] Prettier Options:
{
  "arrowParens": "always",
  "bracketSpacing": true,
  "endOfLine": "lf",
  "htmlWhitespaceSensitivity": "css",
  "insertPragma": false,
  "singleAttributePerLine": false,
  "bracketSameLine": false,
  "jsxBracketSameLine": false,
  "jsxSingleQuote": false,
  "printWidth": 80,
  "proseWrap": "preserve",
  "quoteProps": "as-needed",
  "requirePragma": false,
  "semi": true,
  "singleQuote": false,
  "tabWidth": 2,
  "trailingComma": "es5",
  "useTabs": false,
  "embeddedLanguageFormatting": "auto",
  "vueIndentScriptAndStyle": false,
  "filepath": "/home/khj415/frontend/src/container/pages/MainForm.js",
  "parser": "babel"
}
["ERROR" - 2:50:25 PM] Error formatting document.
["ERROR" - 2:50:25 PM] Unexpected token, expected "," (63:28)
  61 |     cameraInputRef.current.click();
  62 |   };
> 63 |   const handleKeyArrow = (e:React.KeyboardEvent) => {
     |                            ^
  64 |     if (keyItems.length > 0) {
  65 |       switch (e.key) {
  66 |         case ArrowDown: //키보드 아래 키
SyntaxError: Unexpected token, expected "," (63:28)
  61 |     cameraInputRef.current.click();
  62 |   };
> 63 |   const handleKeyArrow = (e:React.KeyboardEvent) => {
     |                            ^
  64 |     if (keyItems.length > 0) {
  65 |       switch (e.key) {
  66 |         case ArrowDown: //키보드 아래 키
    at Fr (file:///home/khj415/frontend/node_modules/prettier/plugins/babel.mjs:16:14923)
    at Br (file:///home/khj415/frontend/node_modules/prettier/plugins/babel.mjs:16:15249)
    at Object.parse (file:///home/khj415/frontend/node_modules/prettier/plugins/babel.mjs:16:17914)
    at parse4 (file:///home/khj415/frontend/node_modules/prettier/index.mjs:22117:24)
    at async coreFormat (file:///home/khj415/frontend/node_modules/prettier/index.mjs:22607:7)
    at async formatWithCursor (file:///home/khj415/frontend/node_modules/prettier/index.mjs:22809:14)
    at async Module.format2 (file:///home/khj415/frontend/node_modules/prettier/index.mjs:24194:25)
["INFO" - 2:50:25 PM] Formatting completed in 9ms.
["INFO" - 2:50:55 PM] Formatting file:///home/khj415/frontend/src/container/pages/MainForm.js
["INFO" - 2:50:55 PM] PrettierInstance:
{
  "modulePath": "/home/khj415/frontend/node_modules/prettier/index.cjs",
  "importResolver": {},
  "callMethodResolvers": {},
  "currentCallMethodId": 145,
  "version": "3.2.5"
}
["INFO" - 2:50:55 PM] Using ignore file (if present) at /home/khj415/frontend/.prettierignore
["INFO" - 2:50:55 PM] File Info:
{
  "ignored": false,
  "inferredParser": "babel"
}
["INFO" - 2:50:55 PM] No local configuration (i.e. .prettierrc or .editorconfig) detected, falling back to VS Code configuration
["INFO" - 2:50:55 PM] Prettier Options:
{
  "arrowParens": "always",
  "bracketSpacing": true,
  "endOfLine": "lf",
  "htmlWhitespaceSensitivity": "css",
  "insertPragma": false,
  "singleAttributePerLine": false,
  "bracketSameLine": false,
  "jsxBracketSameLine": false,
  "jsxSingleQuote": false,
  "printWidth": 80,
  "proseWrap": "preserve",
  "quoteProps": "as-needed",
  "requirePragma": false,
  "semi": true,
  "singleQuote": false,
  "tabWidth": 2,
  "trailingComma": "es5",
  "useTabs": false,
  "embeddedLanguageFormatting": "auto",
  "vueIndentScriptAndStyle": false,
  "filepath": "/home/khj415/frontend/src/container/pages/MainForm.js",
  "parser": "babel"
}
["INFO" - 2:50:55 PM] Formatting completed in 19ms.
["INFO" - 2:51:01 PM] Formatting file:///home/khj415/frontend/src/container/pages/MainForm.js
["INFO" - 2:51:01 PM] PrettierInstance:
{
  "modulePath": "/home/khj415/frontend/node_modules/prettier/index.cjs",
  "importResolver": {},
  "callMethodResolvers": {},
  "currentCallMethodId": 149,
  "version": "3.2.5"
}
["INFO" - 2:51:01 PM] Using ignore file (if present) at /home/khj415/frontend/.prettierignore
["INFO" - 2:51:01 PM] File Info:
{
  "ignored": false,
  "inferredParser": "babel"
}
["INFO" - 2:51:01 PM] No local configuration (i.e. .prettierrc or .editorconfig) detected, falling back to VS Code configuration
["INFO" - 2:51:01 PM] Prettier Options:
{
  "arrowParens": "always",
  "bracketSpacing": true,
  "endOfLine": "lf",
  "htmlWhitespaceSensitivity": "css",
  "insertPragma": false,
  "singleAttributePerLine": false,
  "bracketSameLine": false,
  "jsxBracketSameLine": false,
  "jsxSingleQuote": false,
  "printWidth": 80,
  "proseWrap": "preserve",
  "quoteProps": "as-needed",
  "requirePragma": false,
  "semi": true,
  "singleQuote": false,
  "tabWidth": 2,
  "trailingComma": "es5",
  "useTabs": false,
  "embeddedLanguageFormatting": "auto",
  "vueIndentScriptAndStyle": false,
  "filepath": "/home/khj415/frontend/src/container/pages/MainForm.js",
  "parser": "babel"
}
["INFO" - 2:51:01 PM] Formatting completed in 19ms.
["INFO" - 2:51:06 PM] Formatting file:///home/khj415/frontend/src/container/pages/MainForm.js
["INFO" - 2:51:06 PM] PrettierInstance:
{
  "modulePath": "/home/khj415/frontend/node_modules/prettier/index.cjs",
  "importResolver": {},
  "callMethodResolvers": {},
  "currentCallMethodId": 153,
  "version": "3.2.5"
}
["INFO" - 2:51:06 PM] Using ignore file (if present) at /home/khj415/frontend/.prettierignore
["INFO" - 2:51:06 PM] File Info:
{
  "ignored": false,
  "inferredParser": "babel"
}
["INFO" - 2:51:06 PM] No local configuration (i.e. .prettierrc or .editorconfig) detected, falling back to VS Code configuration
["INFO" - 2:51:06 PM] Prettier Options:
{
  "arrowParens": "always",
  "bracketSpacing": true,
  "endOfLine": "lf",
  "htmlWhitespaceSensitivity": "css",
  "insertPragma": false,
  "singleAttributePerLine": false,
  "bracketSameLine": false,
  "jsxBracketSameLine": false,
  "jsxSingleQuote": false,
  "printWidth": 80,
  "proseWrap": "preserve",
  "quoteProps": "as-needed",
  "requirePragma": false,
  "semi": true,
  "singleQuote": false,
  "tabWidth": 2,
  "trailingComma": "es5",
  "useTabs": false,
  "embeddedLanguageFormatting": "auto",
  "vueIndentScriptAndStyle": false,
  "filepath": "/home/khj415/frontend/src/container/pages/MainForm.js",
  "parser": "babel"
}
["INFO" - 2:51:06 PM] Formatting completed in 24ms.
["INFO" - 3:48:48 PM] Formatting file:///home/khj415/frontend/src/container/pages/MainForm.js
["INFO" - 3:48:48 PM] PrettierInstance:
{
  "modulePath": "/home/khj415/frontend/node_modules/prettier/index.cjs",
  "importResolver": {},
  "callMethodResolvers": {},
  "currentCallMethodId": 157,
  "version": "3.2.5"
}
["INFO" - 3:48:48 PM] Using ignore file (if present) at /home/khj415/frontend/.prettierignore
["INFO" - 3:48:48 PM] File Info:
{
  "ignored": false,
  "inferredParser": "babel"
}
["INFO" - 3:48:48 PM] No local configuration (i.e. .prettierrc or .editorconfig) detected, falling back to VS Code configuration
["INFO" - 3:48:48 PM] Prettier Options:
{
  "arrowParens": "always",
  "bracketSpacing": true,
  "endOfLine": "lf",
  "htmlWhitespaceSensitivity": "css",
  "insertPragma": false,
  "singleAttributePerLine": false,
  "bracketSameLine": false,
  "jsxBracketSameLine": false,
  "jsxSingleQuote": false,
  "printWidth": 80,
  "proseWrap": "preserve",
  "quoteProps": "as-needed",
  "requirePragma": false,
  "semi": true,
  "singleQuote": false,
  "tabWidth": 2,
  "trailingComma": "es5",
  "useTabs": false,
  "embeddedLanguageFormatting": "auto",
  "vueIndentScriptAndStyle": false,
  "filepath": "/home/khj415/frontend/src/container/pages/MainForm.js",
  "parser": "babel"
}
["INFO" - 3:48:48 PM] Formatting completed in 30ms.
["INFO" - 3:50:40 PM] Formatting file:///home/khj415/frontend/src/container/pages/MainForm.js
["INFO" - 3:50:40 PM] PrettierInstance:
{
  "modulePath": "/home/khj415/frontend/node_modules/prettier/index.cjs",
  "importResolver": {},
  "callMethodResolvers": {},
  "currentCallMethodId": 161,
  "version": "3.2.5"
}
["INFO" - 3:50:40 PM] Using ignore file (if present) at /home/khj415/frontend/.prettierignore
["INFO" - 3:50:40 PM] File Info:
{
  "ignored": false,
  "inferredParser": "babel"
}
["INFO" - 3:50:40 PM] No local configuration (i.e. .prettierrc or .editorconfig) detected, falling back to VS Code configuration
["INFO" - 3:50:40 PM] Prettier Options:
{
  "arrowParens": "always",
  "bracketSpacing": true,
  "endOfLine": "lf",
  "htmlWhitespaceSensitivity": "css",
  "insertPragma": false,
  "singleAttributePerLine": false,
  "bracketSameLine": false,
  "jsxBracketSameLine": false,
  "jsxSingleQuote": false,
  "printWidth": 80,
  "proseWrap": "preserve",
  "quoteProps": "as-needed",
  "requirePragma": false,
  "semi": true,
  "singleQuote": false,
  "tabWidth": 2,
  "trailingComma": "es5",
  "useTabs": false,
  "embeddedLanguageFormatting": "auto",
  "vueIndentScriptAndStyle": false,
  "filepath": "/home/khj415/frontend/src/container/pages/MainForm.js",
  "parser": "babel"
}
["INFO" - 3:50:40 PM] Formatting completed in 21ms.
["INFO" - 3:51:00 PM] Formatting file:///home/khj415/frontend/src/container/pages/MainForm.js
["INFO" - 3:51:00 PM] PrettierInstance:
{
  "modulePath": "/home/khj415/frontend/node_modules/prettier/index.cjs",
  "importResolver": {},
  "callMethodResolvers": {},
  "currentCallMethodId": 165,
  "version": "3.2.5"
}
["INFO" - 3:51:00 PM] Using ignore file (if present) at /home/khj415/frontend/.prettierignore
["INFO" - 3:51:00 PM] File Info:
{
  "ignored": false,
  "inferredParser": "babel"
}
["INFO" - 3:51:00 PM] No local configuration (i.e. .prettierrc or .editorconfig) detected, falling back to VS Code configuration
["INFO" - 3:51:00 PM] Prettier Options:
{
  "arrowParens": "always",
  "bracketSpacing": true,
  "endOfLine": "lf",
  "htmlWhitespaceSensitivity": "css",
  "insertPragma": false,
  "singleAttributePerLine": false,
  "bracketSameLine": false,
  "jsxBracketSameLine": false,
  "jsxSingleQuote": false,
  "printWidth": 80,
  "proseWrap": "preserve",
  "quoteProps": "as-needed",
  "requirePragma": false,
  "semi": true,
  "singleQuote": false,
  "tabWidth": 2,
  "trailingComma": "es5",
  "useTabs": false,
  "embeddedLanguageFormatting": "auto",
  "vueIndentScriptAndStyle": false,
  "filepath": "/home/khj415/frontend/src/container/pages/MainForm.js",
  "parser": "babel"
}
["INFO" - 3:51:00 PM] Formatting completed in 20ms.
["INFO" - 3:51:18 PM] Formatting file:///home/khj415/frontend/src/container/pages/MainForm.js
["INFO" - 3:51:18 PM] PrettierInstance:
{
  "modulePath": "/home/khj415/frontend/node_modules/prettier/index.cjs",
  "importResolver": {},
  "callMethodResolvers": {},
  "currentCallMethodId": 169,
  "version": "3.2.5"
}
["INFO" - 3:51:18 PM] Using ignore file (if present) at /home/khj415/frontend/.prettierignore
["INFO" - 3:51:18 PM] File Info:
{
  "ignored": false,
  "inferredParser": "babel"
}
["INFO" - 3:51:18 PM] No local configuration (i.e. .prettierrc or .editorconfig) detected, falling back to VS Code configuration
["INFO" - 3:51:18 PM] Prettier Options:
{
  "arrowParens": "always",
  "bracketSpacing": true,
  "endOfLine": "lf",
  "htmlWhitespaceSensitivity": "css",
  "insertPragma": false,
  "singleAttributePerLine": false,
  "bracketSameLine": false,
  "jsxBracketSameLine": false,
  "jsxSingleQuote": false,
  "printWidth": 80,
  "proseWrap": "preserve",
  "quoteProps": "as-needed",
  "requirePragma": false,
  "semi": true,
  "singleQuote": false,
  "tabWidth": 2,
  "trailingComma": "es5",
  "useTabs": false,
  "embeddedLanguageFormatting": "auto",
  "vueIndentScriptAndStyle": false,
  "filepath": "/home/khj415/frontend/src/container/pages/MainForm.js",
  "parser": "babel"
}
["INFO" - 3:51:18 PM] Formatting completed in 15ms.
["INFO" - 3:51:33 PM] Formatting file:///home/khj415/frontend/src/container/pages/MainForm.js
["INFO" - 3:51:33 PM] PrettierInstance:
{
  "modulePath": "/home/khj415/frontend/node_modules/prettier/index.cjs",
  "importResolver": {},
  "callMethodResolvers": {},
  "currentCallMethodId": 173,
  "version": "3.2.5"
}
["INFO" - 3:51:33 PM] Using ignore file (if present) at /home/khj415/frontend/.prettierignore
["INFO" - 3:51:33 PM] File Info:
{
  "ignored": false,
  "inferredParser": "babel"
}
["INFO" - 3:51:33 PM] No local configuration (i.e. .prettierrc or .editorconfig) detected, falling back to VS Code configuration
["INFO" - 3:51:33 PM] Prettier Options:
{
  "arrowParens": "always",
  "bracketSpacing": true,
  "endOfLine": "lf",
  "htmlWhitespaceSensitivity": "css",
  "insertPragma": false,
  "singleAttributePerLine": false,
  "bracketSameLine": false,
  "jsxBracketSameLine": false,
  "jsxSingleQuote": false,
  "printWidth": 80,
  "proseWrap": "preserve",
  "quoteProps": "as-needed",
  "requirePragma": false,
  "semi": true,
  "singleQuote": false,
  "tabWidth": 2,
  "trailingComma": "es5",
  "useTabs": false,
  "embeddedLanguageFormatting": "auto",
  "vueIndentScriptAndStyle": false,
  "filepath": "/home/khj415/frontend/src/container/pages/MainForm.js",
  "parser": "babel"
}
["INFO" - 3:51:33 PM] Formatting completed in 15ms.
["INFO" - 4:12:16 PM] Formatting file:///home/khj415/frontend/src/container/pages/MainForm.js
["INFO" - 4:12:16 PM] PrettierInstance:
{
  "modulePath": "/home/khj415/frontend/node_modules/prettier/index.cjs",
  "importResolver": {},
  "callMethodResolvers": {},
  "currentCallMethodId": 177,
  "version": "3.2.5"
}
["INFO" - 4:12:16 PM] Using ignore file (if present) at /home/khj415/frontend/.prettierignore
["INFO" - 4:12:16 PM] File Info:
{
  "ignored": false,
  "inferredParser": "babel"
}
["INFO" - 4:12:16 PM] No local configuration (i.e. .prettierrc or .editorconfig) detected, falling back to VS Code configuration
["INFO" - 4:12:16 PM] Prettier Options:
{
  "arrowParens": "always",
  "bracketSpacing": true,
  "endOfLine": "lf",
  "htmlWhitespaceSensitivity": "css",
  "insertPragma": false,
  "singleAttributePerLine": false,
  "bracketSameLine": false,
  "jsxBracketSameLine": false,
  "jsxSingleQuote": false,
  "printWidth": 80,
  "proseWrap": "preserve",
  "quoteProps": "as-needed",
  "requirePragma": false,
  "semi": true,
  "singleQuote": false,
  "tabWidth": 2,
  "trailingComma": "es5",
  "useTabs": false,
  "embeddedLanguageFormatting": "auto",
  "vueIndentScriptAndStyle": false,
  "filepath": "/home/khj415/frontend/src/container/pages/MainForm.js",
  "parser": "babel"
}
["ERROR" - 4:12:16 PM] Error formatting document.
["ERROR" - 4:12:16 PM] Unexpected token (16:56)
  14 |   const [onFocus, setIsFocused] = useState(false);
  15 |   const [index, setIndex] = useState < number > -1;
> 16 |   const [keyItems, setKeyItems] = useState < autoDatas[] > [];
     |                                                        ^
  17 |   const { register, handleSubmit } = useForm();
  18 |
  19 |   const prevInputValueRef = useRef("");
SyntaxError: Unexpected token (16:56)
  14 |   const [onFocus, setIsFocused] = useState(false);
  15 |   const [index, setIndex] = useState < number > -1;
> 16 |   const [keyItems, setKeyItems] = useState < autoDatas[] > [];
     |                                                        ^
  17 |   const { register, handleSubmit } = useForm();
  18 |
  19 |   const prevInputValueRef = useRef("");
    at Fr (file:///home/khj415/frontend/node_modules/prettier/plugins/babel.mjs:16:14923)
    at Br (file:///home/khj415/frontend/node_modules/prettier/plugins/babel.mjs:16:15249)
    at Object.parse (file:///home/khj415/frontend/node_modules/prettier/plugins/babel.mjs:16:17914)
    at parse4 (file:///home/khj415/frontend/node_modules/prettier/index.mjs:22117:24)
    at async coreFormat (file:///home/khj415/frontend/node_modules/prettier/index.mjs:22607:7)
    at async formatWithCursor (file:///home/khj415/frontend/node_modules/prettier/index.mjs:22809:14)
    at async Module.format2 (file:///home/khj415/frontend/node_modules/prettier/index.mjs:24194:25)
["INFO" - 4:12:16 PM] Formatting completed in 8ms.
["INFO" - 4:12:26 PM] Formatting file:///home/khj415/frontend/src/container/pages/MainForm.js
["INFO" - 4:12:26 PM] PrettierInstance:
{
  "modulePath": "/home/khj415/frontend/node_modules/prettier/index.cjs",
  "importResolver": {},
  "callMethodResolvers": {},
  "currentCallMethodId": 181,
  "version": "3.2.5"
}
["INFO" - 4:12:26 PM] Using ignore file (if present) at /home/khj415/frontend/.prettierignore
["INFO" - 4:12:26 PM] File Info:
{
  "ignored": false,
  "inferredParser": "babel"
}
["INFO" - 4:12:26 PM] No local configuration (i.e. .prettierrc or .editorconfig) detected, falling back to VS Code configuration
["INFO" - 4:12:26 PM] Prettier Options:
{
  "arrowParens": "always",
  "bracketSpacing": true,
  "endOfLine": "lf",
  "htmlWhitespaceSensitivity": "css",
  "insertPragma": false,
  "singleAttributePerLine": false,
  "bracketSameLine": false,
  "jsxBracketSameLine": false,
  "jsxSingleQuote": false,
  "printWidth": 80,
  "proseWrap": "preserve",
  "quoteProps": "as-needed",
  "requirePragma": false,
  "semi": true,
  "singleQuote": false,
  "tabWidth": 2,
  "trailingComma": "es5",
  "useTabs": false,
  "embeddedLanguageFormatting": "auto",
  "vueIndentScriptAndStyle": false,
  "filepath": "/home/khj415/frontend/src/container/pages/MainForm.js",
  "parser": "babel"
}
["ERROR" - 4:12:26 PM] Error formatting document.
["ERROR" - 4:12:26 PM] Unexpected token (15:43)
  13 |   const [image, setImage] = useState(null);
  14 |   const [onFocus, setIsFocused] = useState(false);
> 15 |   const [index, setIndex] = useState (-1);)
     |                                           ^
  16 |   const [keyItems, setKeyItems] = useState < autoDatas[] > [];
  17 |   const { register, handleSubmit } = useForm();
  18 |
SyntaxError: Unexpected token (15:43)
  13 |   const [image, setImage] = useState(null);
  14 |   const [onFocus, setIsFocused] = useState(false);
> 15 |   const [index, setIndex] = useState (-1);)
     |                                           ^
  16 |   const [keyItems, setKeyItems] = useState < autoDatas[] > [];
  17 |   const { register, handleSubmit } = useForm();
  18 |
    at Fr (file:///home/khj415/frontend/node_modules/prettier/plugins/babel.mjs:16:14923)
    at Br (file:///home/khj415/frontend/node_modules/prettier/plugins/babel.mjs:16:15249)
    at Object.parse (file:///home/khj415/frontend/node_modules/prettier/plugins/babel.mjs:16:17914)
    at parse4 (file:///home/khj415/frontend/node_modules/prettier/index.mjs:22117:24)
    at async coreFormat (file:///home/khj415/frontend/node_modules/prettier/index.mjs:22607:7)
    at async formatWithCursor (file:///home/khj415/frontend/node_modules/prettier/index.mjs:22809:14)
    at async Module.format2 (file:///home/khj415/frontend/node_modules/prettier/index.mjs:24194:25)
["INFO" - 4:12:26 PM] Formatting completed in 7ms.
["INFO" - 4:12:29 PM] Formatting file:///home/khj415/frontend/src/container/pages/MainForm.js
["INFO" - 4:12:29 PM] PrettierInstance:
{
  "modulePath": "/home/khj415/frontend/node_modules/prettier/index.cjs",
  "importResolver": {},
  "callMethodResolvers": {},
  "currentCallMethodId": 185,
  "version": "3.2.5"
}
["INFO" - 4:12:29 PM] Using ignore file (if present) at /home/khj415/frontend/.prettierignore
["INFO" - 4:12:29 PM] File Info:
{
  "ignored": false,
  "inferredParser": "babel"
}
["INFO" - 4:12:29 PM] No local configuration (i.e. .prettierrc or .editorconfig) detected, falling back to VS Code configuration
["INFO" - 4:12:29 PM] Prettier Options:
{
  "arrowParens": "always",
  "bracketSpacing": true,
  "endOfLine": "lf",
  "htmlWhitespaceSensitivity": "css",
  "insertPragma": false,
  "singleAttributePerLine": false,
  "bracketSameLine": false,
  "jsxBracketSameLine": false,
  "jsxSingleQuote": false,
  "printWidth": 80,
  "proseWrap": "preserve",
  "quoteProps": "as-needed",
  "requirePragma": false,
  "semi": true,
  "singleQuote": false,
  "tabWidth": 2,
  "trailingComma": "es5",
  "useTabs": false,
  "embeddedLanguageFormatting": "auto",
  "vueIndentScriptAndStyle": false,
  "filepath": "/home/khj415/frontend/src/container/pages/MainForm.js",
  "parser": "babel"
}
["ERROR" - 4:12:29 PM] Error formatting document.
["ERROR" - 4:12:29 PM] Unexpected token (16:56)
  14 |   const [onFocus, setIsFocused] = useState(false);
  15 |   const [index, setIndex] = useState (-1);
> 16 |   const [keyItems, setKeyItems] = useState < autoDatas[] > [];
     |                                                        ^
  17 |   const { register, handleSubmit } = useForm();
  18 |
  19 |   const prevInputValueRef = useRef("");
SyntaxError: Unexpected token (16:56)
  14 |   const [onFocus, setIsFocused] = useState(false);
  15 |   const [index, setIndex] = useState (-1);
> 16 |   const [keyItems, setKeyItems] = useState < autoDatas[] > [];
     |                                                        ^
  17 |   const { register, handleSubmit } = useForm();
  18 |
  19 |   const prevInputValueRef = useRef("");
    at Fr (file:///home/khj415/frontend/node_modules/prettier/plugins/babel.mjs:16:14923)
    at Br (file:///home/khj415/frontend/node_modules/prettier/plugins/babel.mjs:16:15249)
    at Object.parse (file:///home/khj415/frontend/node_modules/prettier/plugins/babel.mjs:16:17914)
    at parse4 (file:///home/khj415/frontend/node_modules/prettier/index.mjs:22117:24)
    at async coreFormat (file:///home/khj415/frontend/node_modules/prettier/index.mjs:22607:7)
    at async formatWithCursor (file:///home/khj415/frontend/node_modules/prettier/index.mjs:22809:14)
    at async Module.format2 (file:///home/khj415/frontend/node_modules/prettier/index.mjs:24194:25)
["INFO" - 4:12:29 PM] Formatting completed in 6ms.
["INFO" - 4:24:40 PM] Formatting file:///home/khj415/frontend/src/container/pages/MainForm.js
["INFO" - 4:24:40 PM] PrettierInstance:
{
  "modulePath": "/home/khj415/frontend/node_modules/prettier/index.cjs",
  "importResolver": {},
  "callMethodResolvers": {},
  "currentCallMethodId": 189,
  "version": "3.2.5"
}
["INFO" - 4:24:40 PM] Using ignore file (if present) at /home/khj415/frontend/.prettierignore
["INFO" - 4:24:40 PM] File Info:
{
  "ignored": false,
  "inferredParser": "babel"
}
["INFO" - 4:24:40 PM] No local configuration (i.e. .prettierrc or .editorconfig) detected, falling back to VS Code configuration
["INFO" - 4:24:40 PM] Prettier Options:
{
  "arrowParens": "always",
  "bracketSpacing": true,
  "endOfLine": "lf",
  "htmlWhitespaceSensitivity": "css",
  "insertPragma": false,
  "singleAttributePerLine": false,
  "bracketSameLine": false,
  "jsxBracketSameLine": false,
  "jsxSingleQuote": false,
  "printWidth": 80,
  "proseWrap": "preserve",
  "quoteProps": "as-needed",
  "requirePragma": false,
  "semi": true,
  "singleQuote": false,
  "tabWidth": 2,
  "trailingComma": "es5",
  "useTabs": false,
  "embeddedLanguageFormatting": "auto",
  "vueIndentScriptAndStyle": false,
  "filepath": "/home/khj415/frontend/src/container/pages/MainForm.js",
  "parser": "babel"
}
["ERROR" - 4:24:40 PM] Error formatting document.
["ERROR" - 4:24:40 PM] Unexpected token (16:56)
  14 |   const [onFocus, setIsFocused] = useState(false);
  15 |   const [index, setIndex] = useState (-1);
> 16 |   const [keyItems, setKeyItems] = useState < autoDatas[] > [];
     |                                                        ^
  17 |   const { register, handleSubmit } = useForm();
  18 |
  19 |   const prevInputValueRef = useRef("");
SyntaxError: Unexpected token (16:56)
  14 |   const [onFocus, setIsFocused] = useState(false);
  15 |   const [index, setIndex] = useState (-1);
> 16 |   const [keyItems, setKeyItems] = useState < autoDatas[] > [];
     |                                                        ^
  17 |   const { register, handleSubmit } = useForm();
  18 |
  19 |   const prevInputValueRef = useRef("");
    at Fr (file:///home/khj415/frontend/node_modules/prettier/plugins/babel.mjs:16:14923)
    at Br (file:///home/khj415/frontend/node_modules/prettier/plugins/babel.mjs:16:15249)
    at Object.parse (file:///home/khj415/frontend/node_modules/prettier/plugins/babel.mjs:16:17914)
    at parse4 (file:///home/khj415/frontend/node_modules/prettier/index.mjs:22117:24)
    at async coreFormat (file:///home/khj415/frontend/node_modules/prettier/index.mjs:22607:7)
    at async formatWithCursor (file:///home/khj415/frontend/node_modules/prettier/index.mjs:22809:14)
    at async Module.format2 (file:///home/khj415/frontend/node_modules/prettier/index.mjs:24194:25)
["INFO" - 4:24:40 PM] Formatting completed in 8ms.
["INFO" - 4:24:46 PM] Formatting file:///home/khj415/frontend/src/container/pages/MainForm.js
["INFO" - 4:24:46 PM] PrettierInstance:
{
  "modulePath": "/home/khj415/frontend/node_modules/prettier/index.cjs",
  "importResolver": {},
  "callMethodResolvers": {},
  "currentCallMethodId": 193,
  "version": "3.2.5"
}
["INFO" - 4:24:46 PM] Using ignore file (if present) at /home/khj415/frontend/.prettierignore
["INFO" - 4:24:46 PM] File Info:
{
  "ignored": false,
  "inferredParser": "babel"
}
["INFO" - 4:24:46 PM] No local configuration (i.e. .prettierrc or .editorconfig) detected, falling back to VS Code configuration
["INFO" - 4:24:46 PM] Prettier Options:
{
  "arrowParens": "always",
  "bracketSpacing": true,
  "endOfLine": "lf",
  "htmlWhitespaceSensitivity": "css",
  "insertPragma": false,
  "singleAttributePerLine": false,
  "bracketSameLine": false,
  "jsxBracketSameLine": false,
  "jsxSingleQuote": false,
  "printWidth": 80,
  "proseWrap": "preserve",
  "quoteProps": "as-needed",
  "requirePragma": false,
  "semi": true,
  "singleQuote": false,
  "tabWidth": 2,
  "trailingComma": "es5",
  "useTabs": false,
  "embeddedLanguageFormatting": "auto",
  "vueIndentScriptAndStyle": false,
  "filepath": "/home/khj415/frontend/src/container/pages/MainForm.js",
  "parser": "babel"
}
["ERROR" - 4:24:46 PM] Error formatting document.
["ERROR" - 4:24:46 PM] Unexpected token (16:52)
  14 |   const [onFocus, setIsFocused] = useState(false);
  15 |   const [index, setIndex] = useState (-1);
> 16 |   const [keyItems, setKeyItems] = useState < Trash[] > [];
     |                                                    ^
  17 |   const { register, handleSubmit } = useForm();
  18 |
  19 |   const prevInputValueRef = useRef("");
SyntaxError: Unexpected token (16:52)
  14 |   const [onFocus, setIsFocused] = useState(false);
  15 |   const [index, setIndex] = useState (-1);
> 16 |   const [keyItems, setKeyItems] = useState < Trash[] > [];
     |                                                    ^
  17 |   const { register, handleSubmit } = useForm();
  18 |
  19 |   const prevInputValueRef = useRef("");
    at Fr (file:///home/khj415/frontend/node_modules/prettier/plugins/babel.mjs:16:14923)
    at Br (file:///home/khj415/frontend/node_modules/prettier/plugins/babel.mjs:16:15249)
    at Object.parse (file:///home/khj415/frontend/node_modules/prettier/plugins/babel.mjs:16:17914)
    at parse4 (file:///home/khj415/frontend/node_modules/prettier/index.mjs:22117:24)
    at async coreFormat (file:///home/khj415/frontend/node_modules/prettier/index.mjs:22607:7)
    at async formatWithCursor (file:///home/khj415/frontend/node_modules/prettier/index.mjs:22809:14)
    at async Module.format2 (file:///home/khj415/frontend/node_modules/prettier/index.mjs:24194:25)
["INFO" - 4:24:46 PM] Formatting completed in 6ms.
["INFO" - 4:24:48 PM] Formatting file:///home/khj415/frontend/src/container/pages/MainForm.js
["INFO" - 4:24:48 PM] PrettierInstance:
{
  "modulePath": "/home/khj415/frontend/node_modules/prettier/index.cjs",
  "importResolver": {},
  "callMethodResolvers": {},
  "currentCallMethodId": 197,
  "version": "3.2.5"
}
["INFO" - 4:24:48 PM] Using ignore file (if present) at /home/khj415/frontend/.prettierignore
["INFO" - 4:24:48 PM] File Info:
{
  "ignored": false,
  "inferredParser": "babel"
}
["INFO" - 4:24:48 PM] No local configuration (i.e. .prettierrc or .editorconfig) detected, falling back to VS Code configuration
["INFO" - 4:24:48 PM] Prettier Options:
{
  "arrowParens": "always",
  "bracketSpacing": true,
  "endOfLine": "lf",
  "htmlWhitespaceSensitivity": "css",
  "insertPragma": false,
  "singleAttributePerLine": false,
  "bracketSameLine": false,
  "jsxBracketSameLine": false,
  "jsxSingleQuote": false,
  "printWidth": 80,
  "proseWrap": "preserve",
  "quoteProps": "as-needed",
  "requirePragma": false,
  "semi": true,
  "singleQuote": false,
  "tabWidth": 2,
  "trailingComma": "es5",
  "useTabs": false,
  "embeddedLanguageFormatting": "auto",
  "vueIndentScriptAndStyle": false,
  "filepath": "/home/khj415/frontend/src/container/pages/MainForm.js",
  "parser": "babel"
}
["INFO" - 4:24:48 PM] Formatting completed in 16ms.
["INFO" - 4:25:14 PM] Formatting file:///home/khj415/frontend/src/container/pages/MainForm.js
["INFO" - 4:25:14 PM] PrettierInstance:
{
  "modulePath": "/home/khj415/frontend/node_modules/prettier/index.cjs",
  "importResolver": {},
  "callMethodResolvers": {},
  "currentCallMethodId": 201,
  "version": "3.2.5"
}
["INFO" - 4:25:14 PM] Using ignore file (if present) at /home/khj415/frontend/.prettierignore
["INFO" - 4:25:14 PM] File Info:
{
  "ignored": false,
  "inferredParser": "babel"
}
["INFO" - 4:25:14 PM] No local configuration (i.e. .prettierrc or .editorconfig) detected, falling back to VS Code configuration
["INFO" - 4:25:14 PM] Prettier Options:
{
  "arrowParens": "always",
  "bracketSpacing": true,
  "endOfLine": "lf",
  "htmlWhitespaceSensitivity": "css",
  "insertPragma": false,
  "singleAttributePerLine": false,
  "bracketSameLine": false,
  "jsxBracketSameLine": false,
  "jsxSingleQuote": false,
  "printWidth": 80,
  "proseWrap": "preserve",
  "quoteProps": "as-needed",
  "requirePragma": false,
  "semi": true,
  "singleQuote": false,
  "tabWidth": 2,
  "trailingComma": "es5",
  "useTabs": false,
  "embeddedLanguageFormatting": "auto",
  "vueIndentScriptAndStyle": false,
  "filepath": "/home/khj415/frontend/src/container/pages/MainForm.js",
  "parser": "babel"
}
["INFO" - 4:25:14 PM] Formatting completed in 16ms.
["INFO" - 4:26:14 PM] Formatting file:///home/khj415/frontend/src/container/pages/MainForm.js
["INFO" - 4:26:14 PM] PrettierInstance:
{
  "modulePath": "/home/khj415/frontend/node_modules/prettier/index.cjs",
  "importResolver": {},
  "callMethodResolvers": {},
  "currentCallMethodId": 205,
  "version": "3.2.5"
}
["INFO" - 4:26:14 PM] Using ignore file (if present) at /home/khj415/frontend/.prettierignore
["INFO" - 4:26:14 PM] File Info:
{
  "ignored": false,
  "inferredParser": "babel"
}
["INFO" - 4:26:14 PM] No local configuration (i.e. .prettierrc or .editorconfig) detected, falling back to VS Code configuration
["INFO" - 4:26:14 PM] Prettier Options:
{
  "arrowParens": "always",
  "bracketSpacing": true,
  "endOfLine": "lf",
  "htmlWhitespaceSensitivity": "css",
  "insertPragma": false,
  "singleAttributePerLine": false,
  "bracketSameLine": false,
  "jsxBracketSameLine": false,
  "jsxSingleQuote": false,
  "printWidth": 80,
  "proseWrap": "preserve",
  "quoteProps": "as-needed",
  "requirePragma": false,
  "semi": true,
  "singleQuote": false,
  "tabWidth": 2,
  "trailingComma": "es5",
  "useTabs": false,
  "embeddedLanguageFormatting": "auto",
  "vueIndentScriptAndStyle": false,
  "filepath": "/home/khj415/frontend/src/container/pages/MainForm.js",
  "parser": "babel"
}
["INFO" - 4:26:14 PM] Formatting completed in 17ms.
["INFO" - 4:26:36 PM] Formatting file:///home/khj415/frontend/src/container/pages/MainForm.js
["INFO" - 4:26:36 PM] PrettierInstance:
{
  "modulePath": "/home/khj415/frontend/node_modules/prettier/index.cjs",
  "importResolver": {},
  "callMethodResolvers": {},
  "currentCallMethodId": 209,
  "version": "3.2.5"
}
["INFO" - 4:26:36 PM] Using ignore file (if present) at /home/khj415/frontend/.prettierignore
["INFO" - 4:26:36 PM] File Info:
{
  "ignored": false,
  "inferredParser": "babel"
}
["INFO" - 4:26:36 PM] No local configuration (i.e. .prettierrc or .editorconfig) detected, falling back to VS Code configuration
["INFO" - 4:26:36 PM] Prettier Options:
{
  "arrowParens": "always",
  "bracketSpacing": true,
  "endOfLine": "lf",
  "htmlWhitespaceSensitivity": "css",
  "insertPragma": false,
  "singleAttributePerLine": false,
  "bracketSameLine": false,
  "jsxBracketSameLine": false,
  "jsxSingleQuote": false,
  "printWidth": 80,
  "proseWrap": "preserve",
  "quoteProps": "as-needed",
  "requirePragma": false,
  "semi": true,
  "singleQuote": false,
  "tabWidth": 2,
  "trailingComma": "es5",
  "useTabs": false,
  "embeddedLanguageFormatting": "auto",
  "vueIndentScriptAndStyle": false,
  "filepath": "/home/khj415/frontend/src/container/pages/MainForm.js",
  "parser": "babel"
}
["INFO" - 4:26:36 PM] Formatting completed in 14ms.
["INFO" - 4:26:41 PM] Formatting file:///home/khj415/frontend/src/container/pages/MainForm.js
["INFO" - 4:26:41 PM] PrettierInstance:
{
  "modulePath": "/home/khj415/frontend/node_modules/prettier/index.cjs",
  "importResolver": {},
  "callMethodResolvers": {},
  "currentCallMethodId": 213,
  "version": "3.2.5"
}
["INFO" - 4:26:41 PM] Using ignore file (if present) at /home/khj415/frontend/.prettierignore
["INFO" - 4:26:41 PM] File Info:
{
  "ignored": false,
  "inferredParser": "babel"
}
["INFO" - 4:26:41 PM] No local configuration (i.e. .prettierrc or .editorconfig) detected, falling back to VS Code configuration
["INFO" - 4:26:41 PM] Prettier Options:
{
  "arrowParens": "always",
  "bracketSpacing": true,
  "endOfLine": "lf",
  "htmlWhitespaceSensitivity": "css",
  "insertPragma": false,
  "singleAttributePerLine": false,
  "bracketSameLine": false,
  "jsxBracketSameLine": false,
  "jsxSingleQuote": false,
  "printWidth": 80,
  "proseWrap": "preserve",
  "quoteProps": "as-needed",
  "requirePragma": false,
  "semi": true,
  "singleQuote": false,
  "tabWidth": 2,
  "trailingComma": "es5",
  "useTabs": false,
  "embeddedLanguageFormatting": "auto",
  "vueIndentScriptAndStyle": false,
  "filepath": "/home/khj415/frontend/src/container/pages/MainForm.js",
  "parser": "babel"
}
["INFO" - 4:26:41 PM] Formatting completed in 16ms.
["INFO" - 4:26:50 PM] Formatting file:///home/khj415/frontend/src/container/pages/MainForm.js
["INFO" - 4:26:50 PM] PrettierInstance:
{
  "modulePath": "/home/khj415/frontend/node_modules/prettier/index.cjs",
  "importResolver": {},
  "callMethodResolvers": {},
  "currentCallMethodId": 217,
  "version": "3.2.5"
}
["INFO" - 4:26:50 PM] Using ignore file (if present) at /home/khj415/frontend/.prettierignore
["INFO" - 4:26:50 PM] File Info:
{
  "ignored": false,
  "inferredParser": "babel"
}
["INFO" - 4:26:50 PM] No local configuration (i.e. .prettierrc or .editorconfig) detected, falling back to VS Code configuration
["INFO" - 4:26:50 PM] Prettier Options:
{
  "arrowParens": "always",
  "bracketSpacing": true,
  "endOfLine": "lf",
  "htmlWhitespaceSensitivity": "css",
  "insertPragma": false,
  "singleAttributePerLine": false,
  "bracketSameLine": false,
  "jsxBracketSameLine": false,
  "jsxSingleQuote": false,
  "printWidth": 80,
  "proseWrap": "preserve",
  "quoteProps": "as-needed",
  "requirePragma": false,
  "semi": true,
  "singleQuote": false,
  "tabWidth": 2,
  "trailingComma": "es5",
  "useTabs": false,
  "embeddedLanguageFormatting": "auto",
  "vueIndentScriptAndStyle": false,
  "filepath": "/home/khj415/frontend/src/container/pages/MainForm.js",
  "parser": "babel"
}
["INFO" - 4:26:51 PM] Formatting completed in 18ms.
