2024-03-08 19:13:32.924 [info] 로그 수준: Info
2024-03-08 19:13:32.924 [info] "git"에서 찾은 git 유효성을 검사하는 중
2024-03-08 19:13:32.924 [info] "2.25.1"에서 git "git"을(를) 사용하는 중
2024-03-08 19:13:32.924 [info] > git rev-parse --show-toplevel [19ms]
2024-03-08 19:13:32.924 [info] fatal: not a git repository (or any of the parent directories): .git
2024-03-08 19:13:32.924 [info] > git rev-parse --show-toplevel [4ms]
2024-03-08 19:13:32.924 [info] fatal: not a git repository (or any of the parent directories): .git
2024-03-08 19:13:32.924 [info] > git rev-parse --show-toplevel [80ms]
2024-03-08 19:13:32.924 [info] fatal: not a git repository (or any of the parent directories): .git
2024-03-08 19:13:32.924 [info] > git rev-parse --show-toplevel [3ms]
2024-03-08 19:13:32.924 [info] fatal: not a git repository (or any of the parent directories): .git
2024-03-08 19:15:09.603 [info] > git rev-parse --show-toplevel [1ms]
2024-03-08 19:15:09.603 [info] fatal: not a git repository (or any of the parent directories): .git
2024-03-08 19:19:24.918 [info] > git rev-parse --show-toplevel [2ms]
2024-03-08 19:19:24.918 [info] fatal: not a git repository (or any of the parent directories): .git
2024-03-08 19:22:08.689 [info] > git rev-parse --show-toplevel [1ms]
2024-03-08 19:22:08.689 [info] fatal: not a git repository (or any of the parent directories): .git
2024-03-08 19:22:12.632 [info] > git rev-parse --show-toplevel [1ms]
2024-03-08 19:22:12.632 [info] fatal: not a git repository (or any of the parent directories): .git
2024-03-08 19:22:14.208 [info] > git rev-parse --show-toplevel [0ms]
2024-03-08 19:22:14.208 [info] fatal: not a git repository (or any of the parent directories): .git
2024-03-08 19:22:15.154 [info] > git rev-parse --show-toplevel [3ms]
2024-03-08 19:22:15.154 [info] fatal: not a git repository (or any of the parent directories): .git
2024-03-08 19:30:37.234 [info] > git rev-parse --show-toplevel [2ms]
2024-03-08 19:30:37.234 [info] fatal: not a git repository (or any of the parent directories): .git
2024-03-08 19:30:51.413 [info] > git rev-parse --show-toplevel [3ms]
2024-03-08 19:30:51.413 [info] fatal: not a git repository (or any of the parent directories): .git
2024-03-08 19:32:21.302 [info] > git rev-parse --show-toplevel [1ms]
2024-03-08 19:32:21.302 [info] fatal: not a git repository (or any of the parent directories): .git
2024-03-08 19:32:21.757 [info] > git rev-parse --show-toplevel [2ms]
2024-03-08 19:32:21.757 [info] fatal: not a git repository (or any of the parent directories): .git
