2024-03-03 23:43:10.385 [info] Extension host with pid 185 started
2024-03-03 23:43:10.394 [info] Lock '/home/khj415/.vscode-server/data/User/workspaceStorage/8c87d13d58d2ddc04ba8dc9cd51a025e/vscode.lock': Lock acquired.
2024-03-03 23:43:10.413 [info] ExtensionService#_doActivateExtension vscode.emmet, startup: false, activationEvent: 'onLanguage'
2024-03-03 23:43:10.413 [info] ExtensionService#_doActivateExtension vscode.typescript-language-features, startup: false, activationEvent: 'onLanguage:javascript'
2024-03-03 23:43:10.414 [info] ExtensionService#_doActivateExtension vscode.git-base, startup: true, activationEvent: '*', root cause: vscode.git
2024-03-03 23:43:10.416 [info] ExtensionService#_doActivateExtension vscode.npm, startup: true, activationEvent: 'workspaceContains:package.json'
2024-03-03 23:43:10.741 [info] ExtensionService#_doActivateExtension vscode.git, startup: true, activationEvent: '*'
2024-03-03 23:43:10.741 [info] ExtensionService#_doActivateExtension vscode.github, startup: true, activationEvent: '*'
2024-03-03 23:43:11.143 [info] Eager extensions activated
2024-03-03 23:43:11.143 [info] ExtensionService#_doActivateExtension vscode.debug-auto-launch, startup: false, activationEvent: 'onStartupFinished'
2024-03-03 23:43:11.144 [info] ExtensionService#_doActivateExtension vscode.merge-conflict, startup: false, activationEvent: 'onStartupFinished'
2024-03-03 23:59:24.694 [info] ExtensionService#_doActivateExtension esbenp.prettier-vscode, startup: false, activationEvent: 'onStartupFinished'
2024-03-04 00:05:38.158 [info] ExtensionService#_doActivateExtension vscode.css-language-features, startup: false, activationEvent: 'onLanguage:css'
2024-03-04 02:08:14.454 [error] [vscode.typescript-language-features] provider FAILED
2024-03-04 02:08:14.454 [error] Error: <semantic> TypeScript Server Error (4.9.5)
Debug Failure. False expression: Token end is child end
Error: Debug Failure. False expression: Token end is child end
    at processChildNode (/home/khj415/.vscode-server/bin/5e805b79fcb6ba4c2d23712967df89a089da575b/extensions/node_modules/typescript/lib/tsserver.js:150877:38)
    at /home/khj415/.vscode-server/bin/5e805b79fcb6ba4c2d23712967df89a089da575b/extensions/node_modules/typescript/lib/tsserver.js:150813:21
    at visitNode (/home/khj415/.vscode-server/bin/5e805b79fcb6ba4c2d23712967df89a089da575b/extensions/node_modules/typescript/lib/tsserver.js:31215:24)
    at forEachChildInJsxAttribute (/home/khj415/.vscode-server/bin/5e805b79fcb6ba4c2d23712967df89a089da575b/extensions/node_modules/typescript/lib/tsserver.js:31805:17)
    at Object.forEachChild (/home/khj415/.vscode-server/bin/5e805b79fcb6ba4c2d23712967df89a089da575b/extensions/node_modules/typescript/lib/tsserver.js:31998:47)
    at processNode (/home/khj415/.vscode-server/bin/5e805b79fcb6ba4c2d23712967df89a089da575b/extensions/node_modules/typescript/lib/tsserver.js:150812:20)
    at processChildNode (/home/khj415/.vscode-server/bin/5e805b79fcb6ba4c2d23712967df89a089da575b/extensions/node_modules/typescript/lib/tsserver.js:150884:21)
    at processChildNodes (/home/khj415/.vscode-server/bin/5e805b79fcb6ba4c2d23712967df89a089da575b/extensions/node_modules/typescript/lib/tsserver.js:150939:48)
    at /home/khj415/.vscode-server/bin/5e805b79fcb6ba4c2d23712967df89a089da575b/extensions/node_modules/typescript/lib/tsserver.js:150815:21
    at visitNodes (/home/khj415/.vscode-server/bin/5e805b79fcb6ba4c2d23712967df89a089da575b/extensions/node_modules/typescript/lib/tsserver.js:31220:24)
    at forEachChildInJsxAttributes (/home/khj415/.vscode-server/bin/5e805b79fcb6ba4c2d23712967df89a089da575b/extensions/node_modules/typescript/lib/tsserver.js:31801:20)
    at Object.forEachChild (/home/khj415/.vscode-server/bin/5e805b79fcb6ba4c2d23712967df89a089da575b/extensions/node_modules/typescript/lib/tsserver.js:31998:47)
    at processNode (/home/khj415/.vscode-server/bin/5e805b79fcb6ba4c2d23712967df89a089da575b/extensions/node_modules/typescript/lib/tsserver.js:150812:20)
    at processChildNode (/home/khj415/.vscode-server/bin/5e805b79fcb6ba4c2d23712967df89a089da575b/extensions/node_modules/typescript/lib/tsserver.js:150884:21)
    at /home/khj415/.vscode-server/bin/5e805b79fcb6ba4c2d23712967df89a089da575b/extensions/node_modules/typescript/lib/tsserver.js:150813:21
    at visitNode (/home/khj415/.vscode-server/bin/5e805b79fcb6ba4c2d23712967df89a089da575b/extensions/node_modules/typescript/lib/tsserver.js:31215:24)
    at forEachChildInJsxOpeningOrSelfClosingElement (/home/khj415/.vscode-server/bin/5e805b79fcb6ba4c2d23712967df89a089da575b/extensions/node_modules/typescript/lib/tsserver.js:31953:13)
    at Object.forEachChild (/home/khj415/.vscode-server/bin/5e805b79fcb6ba4c2d23712967df89a089da575b/extensions/node_modules/typescript/lib/tsserver.js:31998:47)
    at processNode (/home/khj415/.vscode-server/bin/5e805b79fcb6ba4c2d23712967df89a089da575b/extensions/node_modules/typescript/lib/tsserver.js:150812:20)
    at processChildNode (/home/khj415/.vscode-server/bin/5e805b79fcb6ba4c2d23712967df89a089da575b/extensions/node_modules/typescript/lib/tsserver.js:150884:21)
    at processChildNodes (/home/khj415/.vscode-server/bin/5e805b79fcb6ba4c2d23712967df89a089da575b/extensions/node_modules/typescript/lib/tsserver.js:150939:48)
    at /home/khj415/.vscode-server/bin/5e805b79fcb6ba4c2d23712967df89a089da575b/extensions/node_modules/typescript/lib/tsserver.js:150815:21
    at visitNodes (/home/khj415/.vscode-server/bin/5e805b79fcb6ba4c2d23712967df89a089da575b/extensions/node_modules/typescript/lib/tsserver.js:31220:24)
    at forEachChildInJsxFragment (/home/khj415/.vscode-server/bin/5e805b79fcb6ba4c2d23712967df89a089da575b/extensions/node_modules/typescript/lib/tsserver.js:31795:17)
    at Object.forEachChild (/home/khj415/.vscode-server/bin/5e805b79fcb6ba4c2d23712967df89a089da575b/extensions/node_modules/typescript/lib/tsserver.js:31998:47)
    at processNode (/home/khj415/.vscode-server/bin/5e805b79fcb6ba4c2d23712967df89a089da575b/extensions/node_modules/typescript/lib/tsserver.js:150812:20)
    at processChildNode (/home/khj415/.vscode-server/bin/5e805b79fcb6ba4c2d23712967df89a089da575b/extensions/node_modules/typescript/lib/tsserver.js:150884:21)
    at processChildNodes (/home/khj415/.vscode-server/bin/5e805b79fcb6ba4c2d23712967df89a089da575b/extensions/node_modules/typescript/lib/tsserver.js:150939:48)
    at /home/khj415/.vscode-server/bin/5e805b79fcb6ba4c2d23712967df89a089da575b/extensions/node_modules/typescript/lib/tsserver.js:150815:21
    at visitNodes (/home/khj415/.vscode-server/bin/5e805b79fcb6ba4c2d23712967df89a089da575b/extensions/node_modules/typescript/lib/tsserver.js:31220:24)
    at forEachChildInJsxFragment (/home/khj415/.vscode-server/bin/5e805b79fcb6ba4c2d23712967df89a089da575b/extensions/node_modules/typescript/lib/tsserver.js:31795:17)
    at Object.forEachChild (/home/khj415/.vscode-server/bin/5e805b79fcb6ba4c2d23712967df89a089da575b/extensions/node_modules/typescript/lib/tsserver.js:31998:47)
    at processNode (/home/khj415/.vscode-server/bin/5e805b79fcb6ba4c2d23712967df89a089da575b/extensions/node_modules/typescript/lib/tsserver.js:150812:20)
    at formatSpanWorker (/home/khj415/.vscode-server/bin/5e805b79fcb6ba4c2d23712967df89a089da575b/extensions/node_modules/typescript/lib/tsserver.js:150591:17)
    at /home/khj415/.vscode-server/bin/5e805b79fcb6ba4c2d23712967df89a089da575b/extensions/node_modules/typescript/lib/tsserver.js:150553:140
    at Object.getFormattingScanner (/home/khj415/.vscode-server/bin/5e805b79fcb6ba4c2d23712967df89a089da575b/extensions/node_modules/typescript/lib/tsserver.js:149173:23)
    at Object.formatNodeGivenIndentation (/home/khj415/.vscode-server/bin/5e805b79fcb6ba4c2d23712967df89a089da575b/extensions/node_modules/typescript/lib/tsserver.js:150553:31)
    at getFormattedTextOfNode (/home/khj415/.vscode-server/bin/5e805b79fcb6ba4c2d23712967df89a089da575b/extensions/node_modules/typescript/lib/tsserver.js:153046:45)
    at format (/home/khj415/.vscode-server/bin/5e805b79fcb6ba4c2d23712967df89a089da575b/extensions/node_modules/typescript/lib/tsserver.js:153017:52)
    at computeNewText (/home/khj415/.vscode-server/bin/5e805b79fcb6ba4c2d23712967df89a089da575b/extensions/node_modules/typescript/lib/tsserver.js:153020:23)
    at /home/khj415/.vscode-server/bin/5e805b79fcb6ba4c2d23712967df89a089da575b/extensions/node_modules/typescript/lib/tsserver.js:152984:39
    at Object.mapDefined (/home/khj415/.vscode-server/bin/5e805b79fcb6ba4c2d23712967df89a089da575b/extensions/node_modules/typescript/lib/tsserver.js:621:30)
    at /home/khj415/.vscode-server/bin/5e805b79fcb6ba4c2d23712967df89a089da575b/extensions/node_modules/typescript/lib/tsserver.js:152982:42
    at Object.mapDefined (/home/khj415/.vscode-server/bin/5e805b79fcb6ba4c2d23712967df89a089da575b/extensions/node_modules/typescript/lib/tsserver.js:621:30)
    at Object.getTextChangesFromChanges (/home/khj415/.vscode-server/bin/5e805b79fcb6ba4c2d23712967df89a089da575b/extensions/node_modules/typescript/lib/tsserver.js:152968:27)
    at ChangeTracker.getChanges (/home/khj415/.vscode-server/bin/5e805b79fcb6ba4c2d23712967df89a089da575b/extensions/node_modules/typescript/lib/tsserver.js:152887:45)
    at Function.ChangeTracker.with (/home/khj415/.vscode-server/bin/5e805b79fcb6ba4c2d23712967df89a089da575b/extensions/node_modules/typescript/lib/tsserver.js:152307:32)
    at Object.getCodeActionsToWrapJsxInFragment [as getCodeActions] (/home/khj415/.vscode-server/bin/5e805b79fcb6ba4c2d23712967df89a089da575b/extensions/node_modules/typescript/lib/tsserver.js:162515:64)
    at /home/khj415/.vscode-server/bin/5e805b79fcb6ba4c2d23712967df89a089da575b/extensions/node_modules/typescript/lib/tsserver.js:153574:77
    at Object.flatMap (/home/khj415/.vscode-server/bin/5e805b79fcb6ba4c2d23712967df89a089da575b/extensions/node_modules/typescript/lib/tsserver.js:524:25)
    at Object.getFixes (/home/khj415/.vscode-server/bin/5e805b79fcb6ba4c2d23712967df89a089da575b/extensions/node_modules/typescript/lib/tsserver.js:153574:23)
    at /home/khj415/.vscode-server/bin/5e805b79fcb6ba4c2d23712967df89a089da575b/extensions/node_modules/typescript/lib/tsserver.js:169473:35
    at Object.flatMap (/home/khj415/.vscode-server/bin/5e805b79fcb6ba4c2d23712967df89a089da575b/extensions/node_modules/typescript/lib/tsserver.js:524:25)
    at Object.getCodeFixesAtPosition (/home/khj415/.vscode-server/bin/5e805b79fcb6ba4c2d23712967df89a089da575b/extensions/node_modules/typescript/lib/tsserver.js:169471:23)
    at IpcIOSession.Session.getCodeFixes (/home/khj415/.vscode-server/bin/5e805b79fcb6ba4c2d23712967df89a089da575b/extensions/node_modules/typescript/lib/tsserver.js:181721:64)
    at Session.handlers.ts.Map.ts.getEntries._a.<computed> (/home/khj415/.vscode-server/bin/5e805b79fcb6ba4c2d23712967df89a089da575b/extensions/node_modules/typescript/lib/tsserver.js:180100:61)
    at /home/khj415/.vscode-server/bin/5e805b79fcb6ba4c2d23712967df89a089da575b/extensions/node_modules/typescript/lib/tsserver.js:182034:96
    at IpcIOSession.Session.executeWithRequestId (/home/khj415/.vscode-server/bin/5e805b79fcb6ba4c2d23712967df89a089da575b/extensions/node_modules/typescript/lib/tsserver.js:182025:28)
    at IpcIOSession.Session.executeCommand (/home/khj415/.vscode-server/bin/5e805b79fcb6ba4c2d23712967df89a089da575b/extensions/node_modules/typescript/lib/tsserver.js:182034:41)
    at IpcIOSession.Session.onMessage (/home/khj415/.vscode-server/bin/5e805b79fcb6ba4c2d23712967df89a089da575b/extensions/node_modules/typescript/lib/tsserver.js:182062:35)
    at process.<anonymous> (/home/khj415/.vscode-server/bin/5e805b79fcb6ba4c2d23712967df89a089da575b/extensions/node_modules/typescript/lib/tsserver.js:186218:31)
    at process.emit (node:events:526:28)
    at emit (node:internal/child_process:938:14)
    at processTicksAndRejections (node:internal/process/task_queues:84:21)
	at Function.create (/home/khj415/.vscode-server/bin/5e805b79fcb6ba4c2d23712967df89a089da575b/extensions/typescript-language-features/dist/extension.js:2:901269)
	at h.w (/home/khj415/.vscode-server/bin/5e805b79fcb6ba4c2d23712967df89a089da575b/extensions/typescript-language-features/dist/extension.js:2:896478)
	at h.u (/home/khj415/.vscode-server/bin/5e805b79fcb6ba4c2d23712967df89a089da575b/extensions/typescript-language-features/dist/extension.js:2:895543)
	at ChildProcess.<anonymous> (/home/khj415/.vscode-server/bin/5e805b79fcb6ba4c2d23712967df89a089da575b/extensions/typescript-language-features/dist/extension.js:2:895175)
	at ChildProcess.emit (node:events:526:28)
	at emit (node:internal/child_process:938:14)
	at processTicksAndRejections (node:internal/process/task_queues:84:21)
2024-03-04 02:08:55.886 [info] Extension host terminating: received terminate message from renderer
2024-03-04 02:08:55.887 [info] Lock '/home/khj415/.vscode-server/data/User/workspaceStorage/8c87d13d58d2ddc04ba8dc9cd51a025e/vscode.lock': Marking the lockfile as scheduled to be released in 6000 ms.
2024-03-04 02:08:55.947 [info] Extension host with pid 185 exiting with code 0
