2024-03-09 21:44:05.836 [info] 로그 수준: Info
2024-03-09 21:44:05.836 [info] "git"에서 찾은 git 유효성을 검사하는 중
2024-03-09 21:44:05.836 [info] "2.25.1"에서 git "git"을(를) 사용하는 중
2024-03-09 21:44:05.836 [info] > git rev-parse --show-toplevel [5ms]
2024-03-09 21:44:05.836 [info] fatal: not a git repository (or any of the parent directories): .git
2024-03-09 21:44:05.836 [info] > git rev-parse --show-toplevel [6ms]
2024-03-09 21:44:05.836 [info] fatal: not a git repository (or any of the parent directories): .git
2024-03-09 21:44:05.836 [info] > git rev-parse --show-toplevel [6ms]
2024-03-09 21:44:05.836 [info] fatal: not a git repository (or any of the parent directories): .git
2024-03-09 21:44:05.836 [info] > git rev-parse --show-toplevel [1ms]
2024-03-09 21:44:05.836 [info] fatal: not a git repository (or any of the parent directories): .git
2024-03-09 21:48:26.386 [info] > git rev-parse --show-toplevel [1ms]
2024-03-09 21:48:26.386 [info] fatal: not a git repository (or any of the parent directories): .git
2024-03-09 21:48:27.989 [info] > git rev-parse --show-toplevel [2ms]
2024-03-09 21:48:27.989 [info] fatal: not a git repository (or any of the parent directories): .git
2024-03-09 21:48:29.343 [info] > git rev-parse --show-toplevel [1ms]
2024-03-09 21:48:29.343 [info] fatal: not a git repository (or any of the parent directories): .git
2024-03-09 21:48:30.131 [info] > git rev-parse --show-toplevel [1ms]
2024-03-09 21:48:30.131 [info] fatal: not a git repository (or any of the parent directories): .git
2024-03-09 21:48:36.173 [info] > git rev-parse --show-toplevel [1ms]
2024-03-09 21:48:36.173 [info] fatal: not a git repository (or any of the parent directories): .git
2024-03-09 21:48:36.882 [info] > git rev-parse --show-toplevel [1ms]
2024-03-09 21:48:36.882 [info] fatal: not a git repository (or any of the parent directories): .git
2024-03-09 21:48:41.660 [info] > git rev-parse --show-toplevel [2ms]
2024-03-09 21:48:41.660 [info] fatal: not a git repository (or any of the parent directories): .git
2024-03-09 21:48:48.877 [info] > git rev-parse --show-toplevel [2ms]
2024-03-09 21:48:48.877 [info] fatal: not a git repository (or any of the parent directories): .git
2024-03-09 21:49:07.919 [info] > git rev-parse --show-toplevel [1ms]
2024-03-09 21:49:07.919 [info] fatal: not a git repository (or any of the parent directories): .git
2024-03-09 21:49:11.673 [info] > git rev-parse --show-toplevel [1ms]
2024-03-09 21:49:11.673 [info] fatal: not a git repository (or any of the parent directories): .git
2024-03-09 21:49:30.693 [info] > git rev-parse --show-toplevel [2ms]
2024-03-09 21:49:30.693 [info] fatal: not a git repository (or any of the parent directories): .git
2024-03-09 21:49:41.307 [info] > git rev-parse --show-toplevel [1ms]
2024-03-09 21:49:41.307 [info] fatal: not a git repository (or any of the parent directories): .git
2024-03-09 21:49:41.943 [info] > git rev-parse --show-toplevel [3ms]
2024-03-09 21:49:41.943 [info] fatal: not a git repository (or any of the parent directories): .git
2024-03-09 21:49:44.660 [info] > git rev-parse --show-toplevel [1ms]
2024-03-09 21:49:44.660 [info] fatal: not a git repository (or any of the parent directories): .git
2024-03-09 21:49:48.523 [info] > git rev-parse --show-toplevel [1ms]
2024-03-09 21:49:48.523 [info] fatal: not a git repository (or any of the parent directories): .git
2024-03-09 21:50:02.982 [info] > git rev-parse --show-toplevel [4ms]
2024-03-09 21:50:02.982 [info] fatal: not a git repository (or any of the parent directories): .git
2024-03-09 21:50:09.651 [info] > git rev-parse --show-toplevel [1ms]
2024-03-09 21:50:09.651 [info] fatal: not a git repository (or any of the parent directories): .git
2024-03-09 21:50:18.048 [info] > git rev-parse --show-toplevel [1ms]
2024-03-09 21:50:18.048 [info] fatal: not a git repository (or any of the parent directories): .git
2024-03-09 21:50:18.959 [info] > git rev-parse --show-toplevel [1ms]
2024-03-09 21:50:18.959 [info] fatal: not a git repository (or any of the parent directories): .git
2024-03-09 21:50:28.922 [info] > git rev-parse --show-toplevel [3ms]
2024-03-09 21:50:28.922 [info] fatal: not a git repository (or any of the parent directories): .git
2024-03-09 21:50:41.567 [info] > git rev-parse --show-toplevel [1ms]
2024-03-09 21:50:41.567 [info] fatal: not a git repository (or any of the parent directories): .git
2024-03-09 21:50:52.326 [info] > git rev-parse --show-toplevel [2ms]
2024-03-09 21:50:52.326 [info] fatal: not a git repository (or any of the parent directories): .git
2024-03-09 21:50:55.794 [info] > git rev-parse --show-toplevel [3ms]
2024-03-09 21:50:55.794 [info] fatal: not a git repository (or any of the parent directories): .git
2024-03-09 21:51:06.753 [info] > git rev-parse --show-toplevel [2ms]
2024-03-09 21:51:06.753 [info] fatal: not a git repository (or any of the parent directories): .git
2024-03-09 21:51:07.356 [info] > git rev-parse --show-toplevel [1ms]
2024-03-09 21:51:07.356 [info] fatal: not a git repository (or any of the parent directories): .git
2024-03-09 21:51:08.074 [info] > git rev-parse --show-toplevel [2ms]
2024-03-09 21:51:08.074 [info] fatal: not a git repository (or any of the parent directories): .git
2024-03-09 21:51:08.716 [info] > git rev-parse --show-toplevel [2ms]
2024-03-09 21:51:08.716 [info] fatal: not a git repository (or any of the parent directories): .git
2024-03-09 21:52:02.300 [info] > git rev-parse --show-toplevel [3ms]
2024-03-09 21:52:02.300 [info] fatal: not a git repository (or any of the parent directories): .git
2024-03-09 21:52:07.619 [info] > git rev-parse --show-toplevel [1ms]
2024-03-09 21:52:07.619 [info] fatal: not a git repository (or any of the parent directories): .git
2024-03-09 21:52:12.431 [info] > git rev-parse --show-toplevel [2ms]
2024-03-09 21:52:12.431 [info] fatal: not a git repository (or any of the parent directories): .git
2024-03-09 21:52:44.340 [info] > git rev-parse --show-toplevel [1ms]
2024-03-09 21:52:44.340 [info] fatal: not a git repository (or any of the parent directories): .git
2024-03-09 21:52:48.724 [info] > git rev-parse --show-toplevel [2ms]
2024-03-09 21:52:48.724 [info] fatal: not a git repository (or any of the parent directories): .git
2024-03-09 21:52:51.402 [info] > git rev-parse --show-toplevel [1ms]
2024-03-09 21:52:51.402 [info] fatal: not a git repository (or any of the parent directories): .git
2024-03-09 21:53:09.994 [info] > git rev-parse --show-toplevel [1ms]
2024-03-09 21:53:09.994 [info] fatal: not a git repository (or any of the parent directories): .git
2024-03-09 21:53:27.142 [info] > git rev-parse --show-toplevel [2ms]
2024-03-09 21:53:27.142 [info] fatal: not a git repository (or any of the parent directories): .git
2024-03-09 21:53:30.997 [info] > git rev-parse --show-toplevel [1ms]
2024-03-09 21:53:30.997 [info] fatal: not a git repository (or any of the parent directories): .git
2024-03-09 21:54:39.534 [info] > git rev-parse --show-toplevel [1ms]
2024-03-09 21:54:39.534 [info] fatal: not a git repository (or any of the parent directories): .git
2024-03-09 21:54:44.535 [info] > git rev-parse --show-toplevel [1ms]
2024-03-09 21:54:44.535 [info] fatal: not a git repository (or any of the parent directories): .git
2024-03-09 22:10:09.338 [info] > git rev-parse --show-toplevel [2ms]
2024-03-09 22:10:09.338 [info] fatal: not a git repository (or any of the parent directories): .git
