["INFO" - 2:11:46 AM] Extension Name: esbenp.prettier-vscode.
["INFO" - 2:11:46 AM] Extension Version: 10.1.0.
["INFO" - 2:15:31 AM] Formatting file:///home/khj415/frontend/src/container/pages/MainForm.js
["INFO" - 2:15:31 AM] PrettierInstance:
{
  "modulePath": "/home/khj415/frontend/node_modules/prettier/index.cjs",
  "importResolver": {},
  "callMethodResolvers": {},
  "currentCallMethodId": 23,
  "version": "3.2.5"
}
["INFO" - 2:15:31 AM] Using ignore file (if present) at /home/khj415/frontend/.prettierignore
["INFO" - 2:15:31 AM] File Info:
{
  "ignored": false,
  "inferredParser": "babel"
}
["INFO" - 2:15:31 AM] No local configuration (i.e. .prettierrc or .editorconfig) detected, falling back to VS Code configuration
["INFO" - 2:15:31 AM] Prettier Options:
{
  "arrowParens": "always",
  "bracketSpacing": true,
  "endOfLine": "lf",
  "htmlWhitespaceSensitivity": "css",
  "insertPragma": false,
  "singleAttributePerLine": false,
  "bracketSameLine": false,
  "jsxBracketSameLine": false,
  "jsxSingleQuote": false,
  "printWidth": 80,
  "proseWrap": "preserve",
  "quoteProps": "as-needed",
  "requirePragma": false,
  "semi": true,
  "singleQuote": false,
  "tabWidth": 2,
  "trailingComma": "es5",
  "useTabs": false,
  "embeddedLanguageFormatting": "auto",
  "vueIndentScriptAndStyle": false,
  "filepath": "/home/khj415/frontend/src/container/pages/MainForm.js",
  "parser": "babel"
}
["INFO" - 2:15:31 AM] Formatting completed in 78ms.
