2024-03-10 15:53:01.757 [info] 로그 수준: Info
2024-03-10 15:53:01.757 [info] "git"에서 찾은 git 유효성을 검사하는 중
2024-03-10 15:53:01.757 [info] "2.25.1"에서 git "git"을(를) 사용하는 중
2024-03-10 15:53:01.757 [info] > git rev-parse --show-toplevel [8ms]
2024-03-10 15:53:01.757 [info] fatal: not a git repository (or any of the parent directories): .git
2024-03-10 15:53:01.757 [info] > git rev-parse --show-toplevel [3ms]
2024-03-10 15:53:01.757 [info] fatal: not a git repository (or any of the parent directories): .git
2024-03-10 15:53:01.757 [info] > git rev-parse --show-toplevel [10ms]
2024-03-10 15:53:01.757 [info] fatal: not a git repository (or any of the parent directories): .git
2024-03-10 15:53:01.757 [info] > git rev-parse --show-toplevel [90ms]
2024-03-10 15:53:01.757 [info] fatal: not a git repository (or any of the parent directories): .git
2024-03-10 15:53:25.585 [info] > git rev-parse --show-toplevel [1ms]
2024-03-10 15:53:25.585 [info] fatal: not a git repository (or any of the parent directories): .git
2024-03-10 15:59:57.244 [info] > git rev-parse --show-toplevel [1ms]
2024-03-10 15:59:57.244 [info] fatal: not a git repository (or any of the parent directories): .git
2024-03-10 16:00:52.121 [info] > git rev-parse --show-toplevel [2ms]
2024-03-10 16:00:52.121 [info] fatal: not a git repository (or any of the parent directories): .git
2024-03-10 16:02:07.198 [info] > git rev-parse --show-toplevel [3ms]
2024-03-10 16:02:07.198 [info] fatal: not a git repository (or any of the parent directories): .git
2024-03-10 16:02:07.954 [info] > git rev-parse --show-toplevel [1ms]
2024-03-10 16:02:07.954 [info] fatal: not a git repository (or any of the parent directories): .git
2024-03-10 16:02:10.595 [info] > git rev-parse --show-toplevel [0ms]
2024-03-10 16:02:10.595 [info] fatal: not a git repository (or any of the parent directories): .git
2024-03-10 16:02:58.933 [info] > git rev-parse --show-toplevel [1ms]
2024-03-10 16:02:58.933 [info] fatal: not a git repository (or any of the parent directories): .git
2024-03-10 16:06:36.262 [info] > git rev-parse --show-toplevel [2ms]
2024-03-10 16:06:36.262 [info] fatal: not a git repository (or any of the parent directories): .git
2024-03-10 16:07:07.842 [info] > git rev-parse --show-toplevel [2ms]
2024-03-10 16:07:07.842 [info] fatal: not a git repository (or any of the parent directories): .git
2024-03-10 16:07:09.853 [info] > git rev-parse --show-toplevel [1ms]
2024-03-10 16:07:09.853 [info] fatal: not a git repository (or any of the parent directories): .git
2024-03-10 16:08:34.857 [info] > git rev-parse --show-toplevel [1ms]
2024-03-10 16:08:34.857 [info] fatal: not a git repository (or any of the parent directories): .git
2024-03-10 16:08:52.636 [info] > git rev-parse --show-toplevel [2ms]
2024-03-10 16:08:52.636 [info] fatal: not a git repository (or any of the parent directories): .git
2024-03-10 16:09:00.974 [info] > git rev-parse --show-toplevel [1ms]
2024-03-10 16:09:00.974 [info] fatal: not a git repository (or any of the parent directories): .git
2024-03-10 16:09:08.368 [info] > git rev-parse --show-toplevel [1ms]
2024-03-10 16:09:08.368 [info] fatal: not a git repository (or any of the parent directories): .git
2024-03-10 16:17:41.746 [info] > git rev-parse --show-toplevel [2ms]
2024-03-10 16:17:41.747 [info] fatal: not a git repository (or any of the parent directories): .git
2024-03-10 16:17:44.281 [info] > git rev-parse --show-toplevel [1ms]
2024-03-10 16:17:44.281 [info] fatal: not a git repository (or any of the parent directories): .git
2024-03-10 16:20:47.809 [info] > git rev-parse --show-toplevel [3ms]
2024-03-10 16:20:47.809 [info] fatal: not a git repository (or any of the parent directories): .git
2024-03-10 16:21:05.490 [info] > git rev-parse --show-toplevel [1ms]
2024-03-10 16:21:05.490 [info] fatal: not a git repository (or any of the parent directories): .git
2024-03-10 16:21:09.517 [info] > git rev-parse --show-toplevel [0ms]
2024-03-10 16:21:09.517 [info] fatal: not a git repository (or any of the parent directories): .git
2024-03-10 16:21:16.652 [info] > git rev-parse --show-toplevel [1ms]
2024-03-10 16:21:16.652 [info] fatal: not a git repository (or any of the parent directories): .git
2024-03-10 16:23:09.555 [info] > git rev-parse --show-toplevel [1ms]
2024-03-10 16:23:09.555 [info] fatal: not a git repository (or any of the parent directories): .git
2024-03-10 16:23:29.601 [info] > git rev-parse --show-toplevel [1ms]
2024-03-10 16:23:29.601 [info] fatal: not a git repository (or any of the parent directories): .git
2024-03-10 16:24:42.472 [info] > git rev-parse --show-toplevel [1ms]
2024-03-10 16:24:42.472 [info] fatal: not a git repository (or any of the parent directories): .git
2024-03-10 16:25:12.892 [info] > git rev-parse --show-toplevel [1ms]
2024-03-10 16:25:12.892 [info] fatal: not a git repository (or any of the parent directories): .git
2024-03-10 16:25:47.625 [info] > git rev-parse --show-toplevel [9ms]
2024-03-10 16:25:47.625 [info] fatal: not a git repository (or any of the parent directories): .git
2024-03-10 16:26:29.072 [info] > git rev-parse --show-toplevel [1ms]
2024-03-10 16:26:29.072 [info] fatal: not a git repository (or any of the parent directories): .git
2024-03-10 16:26:42.975 [info] > git rev-parse --show-toplevel [1ms]
2024-03-10 16:26:42.975 [info] fatal: not a git repository (or any of the parent directories): .git
2024-03-10 16:26:58.505 [info] > git rev-parse --show-toplevel [1ms]
2024-03-10 16:26:58.505 [info] fatal: not a git repository (or any of the parent directories): .git
2024-03-10 16:26:59.532 [info] > git rev-parse --show-toplevel [3ms]
2024-03-10 16:26:59.532 [info] fatal: not a git repository (or any of the parent directories): .git
2024-03-10 16:27:01.141 [info] > git rev-parse --show-toplevel [1ms]
2024-03-10 16:27:01.141 [info] fatal: not a git repository (or any of the parent directories): .git
2024-03-10 16:27:57.548 [info] > git rev-parse --show-toplevel [2ms]
2024-03-10 16:27:57.548 [info] fatal: not a git repository (or any of the parent directories): .git
2024-03-10 16:28:00.443 [info] > git rev-parse --show-toplevel [1ms]
2024-03-10 16:28:00.443 [info] fatal: not a git repository (or any of the parent directories): .git
2024-03-10 16:30:08.292 [info] > git rev-parse --show-toplevel [2ms]
2024-03-10 16:30:08.292 [info] fatal: not a git repository (or any of the parent directories): .git
2024-03-10 16:30:14.823 [info] > git rev-parse --show-toplevel [1ms]
2024-03-10 16:30:14.823 [info] fatal: not a git repository (or any of the parent directories): .git
2024-03-10 16:33:36.977 [info] > git rev-parse --show-toplevel [1ms]
2024-03-10 16:33:36.978 [info] fatal: not a git repository (or any of the parent directories): .git
2024-03-10 16:34:17.953 [info] > git rev-parse --show-toplevel [2ms]
2024-03-10 16:34:17.954 [info] fatal: not a git repository (or any of the parent directories): .git
2024-03-10 16:34:26.969 [info] > git rev-parse --show-toplevel [2ms]
2024-03-10 16:34:26.969 [info] fatal: not a git repository (or any of the parent directories): .git
2024-03-10 16:34:56.569 [info] > git rev-parse --show-toplevel [1ms]
2024-03-10 16:34:56.569 [info] fatal: not a git repository (or any of the parent directories): .git
2024-03-10 16:34:57.814 [info] > git rev-parse --show-toplevel [1ms]
2024-03-10 16:34:57.814 [info] fatal: not a git repository (or any of the parent directories): .git
2024-03-10 16:35:08.281 [info] > git rev-parse --show-toplevel [1ms]
2024-03-10 16:35:08.281 [info] fatal: not a git repository (or any of the parent directories): .git
2024-03-10 16:35:14.891 [info] > git rev-parse --show-toplevel [3ms]
2024-03-10 16:35:14.891 [info] fatal: not a git repository (or any of the parent directories): .git
2024-03-10 16:35:17.148 [info] > git rev-parse --show-toplevel [1ms]
2024-03-10 16:35:17.148 [info] fatal: not a git repository (or any of the parent directories): .git
2024-03-10 16:35:30.269 [info] > git rev-parse --show-toplevel [1ms]
2024-03-10 16:35:30.269 [info] fatal: not a git repository (or any of the parent directories): .git
2024-03-10 16:35:35.395 [info] > git rev-parse --show-toplevel [0ms]
2024-03-10 16:35:35.395 [info] fatal: not a git repository (or any of the parent directories): .git
2024-03-10 16:35:36.401 [info] > git rev-parse --show-toplevel [1ms]
2024-03-10 16:35:36.401 [info] fatal: not a git repository (or any of the parent directories): .git
2024-03-10 16:35:37.028 [info] > git rev-parse --show-toplevel [1ms]
2024-03-10 16:35:37.028 [info] fatal: not a git repository (or any of the parent directories): .git
2024-03-10 16:35:43.477 [info] > git rev-parse --show-toplevel [1ms]
2024-03-10 16:35:43.477 [info] fatal: not a git repository (or any of the parent directories): .git
2024-03-10 16:35:58.680 [info] > git rev-parse --show-toplevel [1ms]
2024-03-10 16:35:58.680 [info] fatal: not a git repository (or any of the parent directories): .git
2024-03-10 16:36:02.187 [info] > git rev-parse --show-toplevel [1ms]
2024-03-10 16:36:02.187 [info] fatal: not a git repository (or any of the parent directories): .git
2024-03-10 16:36:28.826 [info] > git rev-parse --show-toplevel [1ms]
2024-03-10 16:36:28.826 [info] fatal: not a git repository (or any of the parent directories): .git
2024-03-10 16:36:30.968 [info] > git rev-parse --show-toplevel [2ms]
2024-03-10 16:36:30.968 [info] fatal: not a git repository (or any of the parent directories): .git
2024-03-10 16:37:41.639 [info] > git rev-parse --show-toplevel [2ms]
2024-03-10 16:37:41.639 [info] fatal: not a git repository (or any of the parent directories): .git
2024-03-10 16:37:50.540 [info] > git rev-parse --show-toplevel [1ms]
2024-03-10 16:37:50.540 [info] fatal: not a git repository (or any of the parent directories): .git
2024-03-10 16:38:22.542 [info] > git rev-parse --show-toplevel [2ms]
2024-03-10 16:38:22.542 [info] fatal: not a git repository (or any of the parent directories): .git
2024-03-10 16:38:22.956 [info] > git rev-parse --show-toplevel [1ms]
2024-03-10 16:38:22.956 [info] fatal: not a git repository (or any of the parent directories): .git
2024-03-10 16:39:29.527 [info] > git rev-parse --show-toplevel [2ms]
2024-03-10 16:39:29.527 [info] fatal: not a git repository (or any of the parent directories): .git
2024-03-10 16:39:31.002 [info] > git rev-parse --show-toplevel [1ms]
2024-03-10 16:39:31.002 [info] fatal: not a git repository (or any of the parent directories): .git
2024-03-10 16:40:06.069 [info] > git rev-parse --show-toplevel [1ms]
2024-03-10 16:40:06.069 [info] fatal: not a git repository (or any of the parent directories): .git
2024-03-10 16:40:12.224 [info] > git rev-parse --show-toplevel [1ms]
2024-03-10 16:40:12.224 [info] fatal: not a git repository (or any of the parent directories): .git
2024-03-10 16:40:16.794 [info] > git rev-parse --show-toplevel [1ms]
2024-03-10 16:40:16.794 [info] fatal: not a git repository (or any of the parent directories): .git
2024-03-10 16:40:24.457 [info] > git rev-parse --show-toplevel [1ms]
2024-03-10 16:40:24.457 [info] fatal: not a git repository (or any of the parent directories): .git
2024-03-10 16:41:05.088 [info] > git rev-parse --show-toplevel [1ms]
2024-03-10 16:41:05.088 [info] fatal: not a git repository (or any of the parent directories): .git
2024-03-10 16:41:10.636 [info] > git rev-parse --show-toplevel [4ms]
2024-03-10 16:41:10.636 [info] fatal: not a git repository (or any of the parent directories): .git
2024-03-10 16:41:43.698 [info] > git rev-parse --show-toplevel [0ms]
2024-03-10 16:41:43.698 [info] fatal: not a git repository (or any of the parent directories): .git
2024-03-10 16:41:53.014 [info] > git rev-parse --show-toplevel [1ms]
2024-03-10 16:41:53.014 [info] fatal: not a git repository (or any of the parent directories): .git
2024-03-10 16:42:11.900 [info] > git rev-parse --show-toplevel [0ms]
2024-03-10 16:42:11.900 [info] fatal: not a git repository (or any of the parent directories): .git
2024-03-10 16:42:12.686 [info] > git rev-parse --show-toplevel [1ms]
2024-03-10 16:42:12.686 [info] fatal: not a git repository (or any of the parent directories): .git
2024-03-10 16:42:13.533 [info] > git rev-parse --show-toplevel [2ms]
2024-03-10 16:42:13.533 [info] fatal: not a git repository (or any of the parent directories): .git
2024-03-10 16:42:15.386 [info] > git rev-parse --show-toplevel [1ms]
2024-03-10 16:42:15.386 [info] fatal: not a git repository (or any of the parent directories): .git
2024-03-10 16:42:37.981 [info] > git rev-parse --show-toplevel [1ms]
2024-03-10 16:42:37.981 [info] fatal: not a git repository (or any of the parent directories): .git
2024-03-10 16:42:41.606 [info] > git rev-parse --show-toplevel [1ms]
2024-03-10 16:42:41.606 [info] fatal: not a git repository (or any of the parent directories): .git
2024-03-10 16:42:44.619 [info] > git rev-parse --show-toplevel [1ms]
2024-03-10 16:42:44.619 [info] fatal: not a git repository (or any of the parent directories): .git
2024-03-10 16:42:51.816 [info] > git rev-parse --show-toplevel [1ms]
2024-03-10 16:42:51.816 [info] fatal: not a git repository (or any of the parent directories): .git
2024-03-10 16:42:57.120 [info] > git rev-parse --show-toplevel [1ms]
2024-03-10 16:42:57.120 [info] fatal: not a git repository (or any of the parent directories): .git
2024-03-10 16:42:57.128 [info] > git rev-parse --show-toplevel [1ms]
2024-03-10 16:42:57.128 [info] fatal: not a git repository (or any of the parent directories): .git
2024-03-10 16:43:05.136 [info] > git rev-parse --show-toplevel [1ms]
2024-03-10 16:43:05.136 [info] fatal: not a git repository (or any of the parent directories): .git
2024-03-10 16:43:05.145 [info] > git rev-parse --show-toplevel [1ms]
2024-03-10 16:43:05.145 [info] fatal: not a git repository (or any of the parent directories): .git
2024-03-10 16:43:05.154 [info] > git rev-parse --show-toplevel [0ms]
2024-03-10 16:43:05.154 [info] fatal: not a git repository (or any of the parent directories): .git
2024-03-10 16:43:07.206 [info] > git rev-parse --show-toplevel [2ms]
2024-03-10 16:43:07.206 [info] fatal: not a git repository (or any of the parent directories): .git
2024-03-10 16:43:07.215 [info] > git rev-parse --show-toplevel [2ms]
2024-03-10 16:43:07.215 [info] fatal: not a git repository (or any of the parent directories): .git
2024-03-10 16:43:07.222 [info] > git rev-parse --show-toplevel [1ms]
2024-03-10 16:43:07.222 [info] fatal: not a git repository (or any of the parent directories): .git
2024-03-10 16:43:13.468 [info] > git rev-parse --show-toplevel [1ms]
2024-03-10 16:43:13.468 [info] fatal: not a git repository (or any of the parent directories): .git
2024-03-10 16:43:13.474 [info] > git rev-parse --show-toplevel [2ms]
2024-03-10 16:43:13.474 [info] fatal: not a git repository (or any of the parent directories): .git
2024-03-10 16:43:13.479 [info] > git rev-parse --show-toplevel [1ms]
2024-03-10 16:43:13.479 [info] fatal: not a git repository (or any of the parent directories): .git
2024-03-10 16:43:21.892 [info] > git rev-parse --show-toplevel [1ms]
2024-03-10 16:43:21.892 [info] fatal: not a git repository (or any of the parent directories): .git
2024-03-10 16:43:21.897 [info] > git rev-parse --show-toplevel [1ms]
2024-03-10 16:43:21.897 [info] fatal: not a git repository (or any of the parent directories): .git
2024-03-10 16:43:21.902 [info] > git rev-parse --show-toplevel [1ms]
2024-03-10 16:43:21.902 [info] fatal: not a git repository (or any of the parent directories): .git
2024-03-10 16:43:26.714 [info] > git rev-parse --show-toplevel [1ms]
2024-03-10 16:43:26.714 [info] fatal: not a git repository (or any of the parent directories): .git
2024-03-10 16:43:26.718 [info] > git rev-parse --show-toplevel [1ms]
2024-03-10 16:43:26.718 [info] fatal: not a git repository (or any of the parent directories): .git
2024-03-10 16:43:26.722 [info] > git rev-parse --show-toplevel [1ms]
2024-03-10 16:43:26.722 [info] fatal: not a git repository (or any of the parent directories): .git
2024-03-10 16:43:58.211 [info] > git rev-parse --show-toplevel [1ms]
2024-03-10 16:43:58.211 [info] fatal: not a git repository (or any of the parent directories): .git
2024-03-10 16:43:58.215 [info] > git rev-parse --show-toplevel [1ms]
2024-03-10 16:43:58.215 [info] fatal: not a git repository (or any of the parent directories): .git
2024-03-10 16:43:58.220 [info] > git rev-parse --show-toplevel [1ms]
2024-03-10 16:43:58.220 [info] fatal: not a git repository (or any of the parent directories): .git
2024-03-10 16:44:00.983 [info] > git rev-parse --show-toplevel [2ms]
2024-03-10 16:44:00.983 [info] fatal: not a git repository (or any of the parent directories): .git
2024-03-10 16:44:00.987 [info] > git rev-parse --show-toplevel [1ms]
2024-03-10 16:44:00.987 [info] fatal: not a git repository (or any of the parent directories): .git
2024-03-10 16:44:00.991 [info] > git rev-parse --show-toplevel [0ms]
2024-03-10 16:44:00.991 [info] fatal: not a git repository (or any of the parent directories): .git
2024-03-10 16:44:01.826 [info] > git rev-parse --show-toplevel [2ms]
2024-03-10 16:44:01.826 [info] fatal: not a git repository (or any of the parent directories): .git
2024-03-10 16:44:01.832 [info] > git rev-parse --show-toplevel [2ms]
2024-03-10 16:44:01.832 [info] fatal: not a git repository (or any of the parent directories): .git
2024-03-10 16:44:01.837 [info] > git rev-parse --show-toplevel [2ms]
2024-03-10 16:44:01.837 [info] fatal: not a git repository (or any of the parent directories): .git
2024-03-10 16:44:01.841 [info] > git rev-parse --show-toplevel [0ms]
2024-03-10 16:44:01.841 [info] fatal: not a git repository (or any of the parent directories): .git
2024-03-10 16:44:11.607 [info] > git rev-parse --show-toplevel [1ms]
2024-03-10 16:44:11.607 [info] fatal: not a git repository (or any of the parent directories): .git
2024-03-10 16:44:11.611 [info] > git rev-parse --show-toplevel [1ms]
2024-03-10 16:44:11.611 [info] fatal: not a git repository (or any of the parent directories): .git
2024-03-10 16:44:11.615 [info] > git rev-parse --show-toplevel [1ms]
2024-03-10 16:44:11.615 [info] fatal: not a git repository (or any of the parent directories): .git
2024-03-10 16:44:13.686 [info] > git rev-parse --show-toplevel [2ms]
2024-03-10 16:44:13.686 [info] fatal: not a git repository (or any of the parent directories): .git
2024-03-10 16:44:13.690 [info] > git rev-parse --show-toplevel [1ms]
2024-03-10 16:44:13.690 [info] fatal: not a git repository (or any of the parent directories): .git
2024-03-10 16:44:13.695 [info] > git rev-parse --show-toplevel [1ms]
2024-03-10 16:44:13.695 [info] fatal: not a git repository (or any of the parent directories): .git
2024-03-10 16:44:31.927 [info] > git rev-parse --show-toplevel [1ms]
2024-03-10 16:44:31.927 [info] fatal: not a git repository (or any of the parent directories): .git
2024-03-10 16:44:31.934 [info] > git rev-parse --show-toplevel [1ms]
2024-03-10 16:44:31.934 [info] fatal: not a git repository (or any of the parent directories): .git
2024-03-10 16:44:31.939 [info] > git rev-parse --show-toplevel [1ms]
2024-03-10 16:44:31.939 [info] fatal: not a git repository (or any of the parent directories): .git
2024-03-10 16:44:34.749 [info] > git rev-parse --show-toplevel [1ms]
2024-03-10 16:44:34.749 [info] fatal: not a git repository (or any of the parent directories): .git
2024-03-10 16:44:34.753 [info] > git rev-parse --show-toplevel [1ms]
2024-03-10 16:44:34.753 [info] fatal: not a git repository (or any of the parent directories): .git
2024-03-10 16:44:34.757 [info] > git rev-parse --show-toplevel [1ms]
2024-03-10 16:44:34.757 [info] fatal: not a git repository (or any of the parent directories): .git
2024-03-10 16:44:35.973 [info] > git rev-parse --show-toplevel [1ms]
2024-03-10 16:44:35.973 [info] fatal: not a git repository (or any of the parent directories): .git
2024-03-10 16:44:35.978 [info] > git rev-parse --show-toplevel [1ms]
2024-03-10 16:44:35.978 [info] fatal: not a git repository (or any of the parent directories): .git
2024-03-10 16:44:35.982 [info] > git rev-parse --show-toplevel [1ms]
2024-03-10 16:44:35.982 [info] fatal: not a git repository (or any of the parent directories): .git
2024-03-10 16:44:39.480 [info] > git rev-parse --show-toplevel [1ms]
2024-03-10 16:44:39.480 [info] fatal: not a git repository (or any of the parent directories): .git
2024-03-10 16:44:39.485 [info] > git rev-parse --show-toplevel [1ms]
2024-03-10 16:44:39.485 [info] fatal: not a git repository (or any of the parent directories): .git
2024-03-10 16:44:39.489 [info] > git rev-parse --show-toplevel [1ms]
2024-03-10 16:44:39.489 [info] fatal: not a git repository (or any of the parent directories): .git
2024-03-10 16:44:55.006 [info] > git rev-parse --show-toplevel [2ms]
2024-03-10 16:44:55.006 [info] fatal: not a git repository (or any of the parent directories): .git
2024-03-10 16:44:55.011 [info] > git rev-parse --show-toplevel [1ms]
2024-03-10 16:44:55.011 [info] fatal: not a git repository (or any of the parent directories): .git
2024-03-10 16:44:55.017 [info] > git rev-parse --show-toplevel [1ms]
2024-03-10 16:44:55.017 [info] fatal: not a git repository (or any of the parent directories): .git
2024-03-10 16:44:57.895 [info] > git rev-parse --show-toplevel [1ms]
2024-03-10 16:44:57.895 [info] fatal: not a git repository (or any of the parent directories): .git
2024-03-10 16:44:57.899 [info] > git rev-parse --show-toplevel [1ms]
2024-03-10 16:44:57.899 [info] fatal: not a git repository (or any of the parent directories): .git
2024-03-10 16:44:57.904 [info] > git rev-parse --show-toplevel [1ms]
2024-03-10 16:44:57.904 [info] fatal: not a git repository (or any of the parent directories): .git
2024-03-10 16:45:17.464 [info] > git rev-parse --show-toplevel [2ms]
2024-03-10 16:45:17.464 [info] fatal: not a git repository (or any of the parent directories): .git
2024-03-10 16:45:17.468 [info] > git rev-parse --show-toplevel [0ms]
2024-03-10 16:45:17.468 [info] fatal: not a git repository (or any of the parent directories): .git
2024-03-10 16:45:17.472 [info] > git rev-parse --show-toplevel [1ms]
2024-03-10 16:45:17.472 [info] fatal: not a git repository (or any of the parent directories): .git
2024-03-10 16:46:20.882 [info] > git rev-parse --show-toplevel [1ms]
2024-03-10 16:46:20.882 [info] fatal: not a git repository (or any of the parent directories): .git
2024-03-10 16:46:20.886 [info] > git rev-parse --show-toplevel [0ms]
2024-03-10 16:46:20.886 [info] fatal: not a git repository (or any of the parent directories): .git
2024-03-10 16:46:20.892 [info] > git rev-parse --show-toplevel [1ms]
2024-03-10 16:46:20.892 [info] fatal: not a git repository (or any of the parent directories): .git
2024-03-10 16:46:33.085 [info] > git rev-parse --show-toplevel [2ms]
2024-03-10 16:46:33.085 [info] fatal: not a git repository (or any of the parent directories): .git
2024-03-10 16:46:33.089 [info] > git rev-parse --show-toplevel [0ms]
2024-03-10 16:46:33.089 [info] fatal: not a git repository (or any of the parent directories): .git
2024-03-10 16:46:33.095 [info] > git rev-parse --show-toplevel [2ms]
2024-03-10 16:46:33.095 [info] fatal: not a git repository (or any of the parent directories): .git
2024-03-10 16:46:54.856 [info] > git rev-parse --show-toplevel [1ms]
2024-03-10 16:46:54.856 [info] fatal: not a git repository (or any of the parent directories): .git
2024-03-10 16:46:54.887 [info] > git rev-parse --show-toplevel [1ms]
2024-03-10 16:46:54.887 [info] fatal: not a git repository (or any of the parent directories): .git
2024-03-10 16:46:54.892 [info] > git rev-parse --show-toplevel [1ms]
2024-03-10 16:46:54.892 [info] fatal: not a git repository (or any of the parent directories): .git
2024-03-10 16:47:17.270 [info] > git rev-parse --show-toplevel [0ms]
2024-03-10 16:47:17.271 [info] fatal: not a git repository (or any of the parent directories): .git
2024-03-10 16:47:17.296 [info] > git rev-parse --show-toplevel [0ms]
2024-03-10 16:47:17.296 [info] fatal: not a git repository (or any of the parent directories): .git
2024-03-10 16:47:17.301 [info] > git rev-parse --show-toplevel [0ms]
2024-03-10 16:47:17.301 [info] fatal: not a git repository (or any of the parent directories): .git
2024-03-10 16:47:19.688 [info] > git rev-parse --show-toplevel [1ms]
2024-03-10 16:47:19.688 [info] fatal: not a git repository (or any of the parent directories): .git
2024-03-10 16:47:19.715 [info] > git rev-parse --show-toplevel [1ms]
2024-03-10 16:47:19.715 [info] fatal: not a git repository (or any of the parent directories): .git
2024-03-10 16:47:19.720 [info] > git rev-parse --show-toplevel [1ms]
2024-03-10 16:47:19.720 [info] fatal: not a git repository (or any of the parent directories): .git
2024-03-10 16:47:22.727 [info] > git rev-parse --show-toplevel [1ms]
2024-03-10 16:47:22.727 [info] fatal: not a git repository (or any of the parent directories): .git
2024-03-10 16:47:22.732 [info] > git rev-parse --show-toplevel [0ms]
2024-03-10 16:47:22.732 [info] fatal: not a git repository (or any of the parent directories): .git
2024-03-10 16:47:22.738 [info] > git rev-parse --show-toplevel [1ms]
2024-03-10 16:47:22.738 [info] fatal: not a git repository (or any of the parent directories): .git
2024-03-10 16:47:24.461 [info] > git rev-parse --show-toplevel [0ms]
2024-03-10 16:47:24.461 [info] fatal: not a git repository (or any of the parent directories): .git
2024-03-10 16:47:24.523 [info] > git rev-parse --show-toplevel [4ms]
2024-03-10 16:47:24.523 [info] fatal: not a git repository (or any of the parent directories): .git
2024-03-10 16:47:24.529 [info] > git rev-parse --show-toplevel [0ms]
2024-03-10 16:47:24.529 [info] fatal: not a git repository (or any of the parent directories): .git
2024-03-10 16:47:27.514 [info] > git rev-parse --show-toplevel [1ms]
2024-03-10 16:47:27.514 [info] fatal: not a git repository (or any of the parent directories): .git
2024-03-10 16:47:27.519 [info] > git rev-parse --show-toplevel [1ms]
2024-03-10 16:47:27.519 [info] fatal: not a git repository (or any of the parent directories): .git
2024-03-10 16:47:27.523 [info] > git rev-parse --show-toplevel [1ms]
2024-03-10 16:47:27.523 [info] fatal: not a git repository (or any of the parent directories): .git
2024-03-10 16:47:54.253 [info] > git rev-parse --show-toplevel [1ms]
2024-03-10 16:47:54.253 [info] fatal: not a git repository (or any of the parent directories): .git
2024-03-10 16:47:54.260 [info] > git rev-parse --show-toplevel [2ms]
2024-03-10 16:47:54.260 [info] fatal: not a git repository (or any of the parent directories): .git
2024-03-10 16:47:54.264 [info] > git rev-parse --show-toplevel [0ms]
2024-03-10 16:47:54.264 [info] fatal: not a git repository (or any of the parent directories): .git
2024-03-10 16:48:51.071 [info] > git rev-parse --show-toplevel [1ms]
2024-03-10 16:48:51.071 [info] fatal: not a git repository (or any of the parent directories): .git
2024-03-10 16:48:51.075 [info] > git rev-parse --show-toplevel [0ms]
2024-03-10 16:48:51.075 [info] fatal: not a git repository (or any of the parent directories): .git
2024-03-10 16:48:51.081 [info] > git rev-parse --show-toplevel [1ms]
2024-03-10 16:48:51.081 [info] fatal: not a git repository (or any of the parent directories): .git
2024-03-10 16:48:52.702 [info] > git rev-parse --show-toplevel [2ms]
2024-03-10 16:48:52.702 [info] fatal: not a git repository (or any of the parent directories): .git
2024-03-10 16:48:52.706 [info] > git rev-parse --show-toplevel [1ms]
2024-03-10 16:48:52.706 [info] fatal: not a git repository (or any of the parent directories): .git
2024-03-10 16:48:52.711 [info] > git rev-parse --show-toplevel [0ms]
2024-03-10 16:48:52.711 [info] fatal: not a git repository (or any of the parent directories): .git
2024-03-10 16:48:55.797 [info] > git rev-parse --show-toplevel [1ms]
2024-03-10 16:48:55.797 [info] fatal: not a git repository (or any of the parent directories): .git
2024-03-10 16:48:55.801 [info] > git rev-parse --show-toplevel [0ms]
2024-03-10 16:48:55.801 [info] fatal: not a git repository (or any of the parent directories): .git
2024-03-10 16:48:55.806 [info] > git rev-parse --show-toplevel [1ms]
2024-03-10 16:48:55.806 [info] fatal: not a git repository (or any of the parent directories): .git
2024-03-10 16:53:46.862 [info] > git rev-parse --show-toplevel [10ms]
2024-03-10 16:53:46.862 [info] fatal: not a git repository (or any of the parent directories): .git
2024-03-10 16:53:46.871 [info] > git rev-parse --show-toplevel [1ms]
2024-03-10 16:53:46.871 [info] fatal: not a git repository (or any of the parent directories): .git
2024-03-10 16:53:46.877 [info] > git rev-parse --show-toplevel [1ms]
2024-03-10 16:53:46.877 [info] fatal: not a git repository (or any of the parent directories): .git
2024-03-10 16:53:57.282 [info] > git rev-parse --show-toplevel [2ms]
2024-03-10 16:53:57.282 [info] fatal: not a git repository (or any of the parent directories): .git
2024-03-10 16:53:57.287 [info] > git rev-parse --show-toplevel [1ms]
2024-03-10 16:53:57.287 [info] fatal: not a git repository (or any of the parent directories): .git
2024-03-10 16:53:57.292 [info] > git rev-parse --show-toplevel [1ms]
2024-03-10 16:53:57.292 [info] fatal: not a git repository (or any of the parent directories): .git
2024-03-10 16:54:15.459 [info] > git rev-parse --show-toplevel [2ms]
2024-03-10 16:54:15.459 [info] fatal: not a git repository (or any of the parent directories): .git
2024-03-10 16:54:15.463 [info] > git rev-parse --show-toplevel [1ms]
2024-03-10 16:54:15.463 [info] fatal: not a git repository (or any of the parent directories): .git
2024-03-10 16:54:15.469 [info] > git rev-parse --show-toplevel [0ms]
2024-03-10 16:54:15.469 [info] fatal: not a git repository (or any of the parent directories): .git
2024-03-10 16:56:22.602 [info] > git rev-parse --show-toplevel [2ms]
2024-03-10 16:56:22.602 [info] fatal: not a git repository (or any of the parent directories): .git
2024-03-10 16:56:22.610 [info] > git rev-parse --show-toplevel [1ms]
2024-03-10 16:56:22.610 [info] fatal: not a git repository (or any of the parent directories): .git
2024-03-10 16:56:22.614 [info] > git rev-parse --show-toplevel [1ms]
2024-03-10 16:56:22.614 [info] fatal: not a git repository (or any of the parent directories): .git
2024-03-10 16:57:16.787 [info] > git rev-parse --show-toplevel [1ms]
2024-03-10 16:57:16.787 [info] fatal: not a git repository (or any of the parent directories): .git
2024-03-10 16:57:16.793 [info] > git rev-parse --show-toplevel [1ms]
2024-03-10 16:57:16.793 [info] fatal: not a git repository (or any of the parent directories): .git
2024-03-10 16:57:16.798 [info] > git rev-parse --show-toplevel [1ms]
2024-03-10 16:57:16.798 [info] fatal: not a git repository (or any of the parent directories): .git
2024-03-10 18:49:53.540 [info] > git rev-parse --show-toplevel [2ms]
2024-03-10 18:49:53.540 [info] fatal: not a git repository (or any of the parent directories): .git
2024-03-10 18:49:53.548 [info] > git rev-parse --show-toplevel [1ms]
2024-03-10 18:49:53.549 [info] fatal: not a git repository (or any of the parent directories): .git
2024-03-10 18:49:53.553 [info] > git rev-parse --show-toplevel [1ms]
2024-03-10 18:49:53.553 [info] fatal: not a git repository (or any of the parent directories): .git
2024-03-10 18:49:54.417 [info] > git rev-parse --show-toplevel [2ms]
2024-03-10 18:49:54.417 [info] fatal: not a git repository (or any of the parent directories): .git
2024-03-10 18:49:54.423 [info] > git rev-parse --show-toplevel [2ms]
2024-03-10 18:49:54.423 [info] fatal: not a git repository (or any of the parent directories): .git
2024-03-10 18:49:54.430 [info] > git rev-parse --show-toplevel [1ms]
2024-03-10 18:49:54.430 [info] fatal: not a git repository (or any of the parent directories): .git
2024-03-10 18:49:56.087 [info] > git rev-parse --show-toplevel [2ms]
2024-03-10 18:49:56.087 [info] fatal: not a git repository (or any of the parent directories): .git
2024-03-10 18:49:56.091 [info] > git rev-parse --show-toplevel [1ms]
2024-03-10 18:49:56.091 [info] fatal: not a git repository (or any of the parent directories): .git
2024-03-10 18:49:56.095 [info] > git rev-parse --show-toplevel [1ms]
2024-03-10 18:49:56.095 [info] fatal: not a git repository (or any of the parent directories): .git
2024-03-10 18:49:57.500 [info] > git rev-parse --show-toplevel [1ms]
2024-03-10 18:49:57.500 [info] fatal: not a git repository (or any of the parent directories): .git
2024-03-10 18:49:57.506 [info] > git rev-parse --show-toplevel [1ms]
2024-03-10 18:49:57.506 [info] fatal: not a git repository (or any of the parent directories): .git
2024-03-10 18:49:57.513 [info] > git rev-parse --show-toplevel [1ms]
2024-03-10 18:49:57.513 [info] fatal: not a git repository (or any of the parent directories): .git
2024-03-10 18:50:01.554 [info] > git rev-parse --show-toplevel [1ms]
2024-03-10 18:50:01.554 [info] fatal: not a git repository (or any of the parent directories): .git
2024-03-10 18:50:01.560 [info] > git rev-parse --show-toplevel [1ms]
2024-03-10 18:50:01.560 [info] fatal: not a git repository (or any of the parent directories): .git
2024-03-10 18:50:01.565 [info] > git rev-parse --show-toplevel [1ms]
2024-03-10 18:50:01.565 [info] fatal: not a git repository (or any of the parent directories): .git
2024-03-10 18:50:02.294 [info] > git rev-parse --show-toplevel [1ms]
2024-03-10 18:50:02.294 [info] fatal: not a git repository (or any of the parent directories): .git
2024-03-10 18:50:02.299 [info] > git rev-parse --show-toplevel [1ms]
2024-03-10 18:50:02.299 [info] fatal: not a git repository (or any of the parent directories): .git
2024-03-10 18:50:02.304 [info] > git rev-parse --show-toplevel [1ms]
2024-03-10 18:50:02.305 [info] fatal: not a git repository (or any of the parent directories): .git
2024-03-10 18:51:39.694 [info] > git rev-parse --show-toplevel [1ms]
2024-03-10 18:51:39.694 [info] fatal: not a git repository (or any of the parent directories): .git
2024-03-10 18:51:39.700 [info] > git rev-parse --show-toplevel [1ms]
2024-03-10 18:51:39.700 [info] fatal: not a git repository (or any of the parent directories): .git
2024-03-10 18:51:39.704 [info] > git rev-parse --show-toplevel [1ms]
2024-03-10 18:51:39.704 [info] fatal: not a git repository (or any of the parent directories): .git
2024-03-10 18:51:45.914 [info] > git rev-parse --show-toplevel [2ms]
2024-03-10 18:51:45.914 [info] fatal: not a git repository (or any of the parent directories): .git
2024-03-10 18:51:45.918 [info] > git rev-parse --show-toplevel [1ms]
2024-03-10 18:51:45.918 [info] fatal: not a git repository (or any of the parent directories): .git
2024-03-10 18:51:45.923 [info] > git rev-parse --show-toplevel [0ms]
2024-03-10 18:51:45.923 [info] fatal: not a git repository (or any of the parent directories): .git
2024-03-10 18:51:55.060 [info] > git rev-parse --show-toplevel [1ms]
2024-03-10 18:51:55.060 [info] fatal: not a git repository (or any of the parent directories): .git
2024-03-10 18:51:55.065 [info] > git rev-parse --show-toplevel [0ms]
2024-03-10 18:51:55.065 [info] fatal: not a git repository (or any of the parent directories): .git
2024-03-10 18:51:55.071 [info] > git rev-parse --show-toplevel [1ms]
2024-03-10 18:51:55.071 [info] fatal: not a git repository (or any of the parent directories): .git
2024-03-10 18:51:56.138 [info] > git rev-parse --show-toplevel [2ms]
2024-03-10 18:51:56.138 [info] fatal: not a git repository (or any of the parent directories): .git
2024-03-10 18:51:56.145 [info] > git rev-parse --show-toplevel [1ms]
2024-03-10 18:51:56.145 [info] fatal: not a git repository (or any of the parent directories): .git
2024-03-10 18:51:56.152 [info] > git rev-parse --show-toplevel [1ms]
2024-03-10 18:51:56.152 [info] fatal: not a git repository (or any of the parent directories): .git
2024-03-10 18:52:43.829 [info] > git rev-parse --show-toplevel [1ms]
2024-03-10 18:52:43.829 [info] fatal: not a git repository (or any of the parent directories): .git
2024-03-10 18:52:43.836 [info] > git rev-parse --show-toplevel [1ms]
2024-03-10 18:52:43.836 [info] fatal: not a git repository (or any of the parent directories): .git
2024-03-10 18:52:43.842 [info] > git rev-parse --show-toplevel [2ms]
2024-03-10 18:52:43.842 [info] fatal: not a git repository (or any of the parent directories): .git
2024-03-10 18:52:54.667 [info] > git rev-parse --show-toplevel [1ms]
2024-03-10 18:52:54.667 [info] fatal: not a git repository (or any of the parent directories): .git
2024-03-10 18:52:54.672 [info] > git rev-parse --show-toplevel [1ms]
2024-03-10 18:52:54.672 [info] fatal: not a git repository (or any of the parent directories): .git
2024-03-10 18:52:54.678 [info] > git rev-parse --show-toplevel [1ms]
2024-03-10 18:52:54.678 [info] fatal: not a git repository (or any of the parent directories): .git
2024-03-10 18:53:05.037 [info] > git rev-parse --show-toplevel [1ms]
2024-03-10 18:53:05.037 [info] fatal: not a git repository (or any of the parent directories): .git
2024-03-10 18:53:05.043 [info] > git rev-parse --show-toplevel [1ms]
2024-03-10 18:53:05.043 [info] fatal: not a git repository (or any of the parent directories): .git
2024-03-10 18:53:05.047 [info] > git rev-parse --show-toplevel [1ms]
2024-03-10 18:53:05.047 [info] fatal: not a git repository (or any of the parent directories): .git
2024-03-10 18:53:07.945 [info] > git rev-parse --show-toplevel [1ms]
2024-03-10 18:53:07.945 [info] fatal: not a git repository (or any of the parent directories): .git
2024-03-10 18:53:07.951 [info] > git rev-parse --show-toplevel [1ms]
2024-03-10 18:53:07.951 [info] fatal: not a git repository (or any of the parent directories): .git
2024-03-10 18:53:07.956 [info] > git rev-parse --show-toplevel [1ms]
2024-03-10 18:53:07.956 [info] fatal: not a git repository (or any of the parent directories): .git
2024-03-10 18:53:33.391 [info] > git rev-parse --show-toplevel [3ms]
2024-03-10 18:53:33.391 [info] fatal: not a git repository (or any of the parent directories): .git
2024-03-10 18:53:33.397 [info] > git rev-parse --show-toplevel [1ms]
2024-03-10 18:53:33.397 [info] fatal: not a git repository (or any of the parent directories): .git
2024-03-10 18:53:33.401 [info] > git rev-parse --show-toplevel [0ms]
2024-03-10 18:53:33.401 [info] fatal: not a git repository (or any of the parent directories): .git
2024-03-10 18:53:34.371 [info] > git rev-parse --show-toplevel [1ms]
2024-03-10 18:53:34.371 [info] fatal: not a git repository (or any of the parent directories): .git
2024-03-10 18:53:34.376 [info] > git rev-parse --show-toplevel [1ms]
2024-03-10 18:53:34.376 [info] fatal: not a git repository (or any of the parent directories): .git
2024-03-10 18:53:34.380 [info] > git rev-parse --show-toplevel [0ms]
2024-03-10 18:53:34.380 [info] fatal: not a git repository (or any of the parent directories): .git
2024-03-10 18:54:12.502 [info] > git rev-parse --show-toplevel [1ms]
2024-03-10 18:54:12.502 [info] fatal: not a git repository (or any of the parent directories): .git
2024-03-10 18:54:12.508 [info] > git rev-parse --show-toplevel [2ms]
2024-03-10 18:54:12.508 [info] fatal: not a git repository (or any of the parent directories): .git
2024-03-10 18:54:12.512 [info] > git rev-parse --show-toplevel [1ms]
2024-03-10 18:54:12.512 [info] fatal: not a git repository (or any of the parent directories): .git
2024-03-10 18:54:14.500 [info] > git rev-parse --show-toplevel [1ms]
2024-03-10 18:54:14.500 [info] fatal: not a git repository (or any of the parent directories): .git
2024-03-10 18:54:14.506 [info] > git rev-parse --show-toplevel [2ms]
2024-03-10 18:54:14.506 [info] fatal: not a git repository (or any of the parent directories): .git
2024-03-10 18:54:14.510 [info] > git rev-parse --show-toplevel [0ms]
2024-03-10 18:54:14.510 [info] fatal: not a git repository (or any of the parent directories): .git
2024-03-10 18:54:14.868 [info] > git rev-parse --show-toplevel [2ms]
2024-03-10 18:54:14.868 [info] fatal: not a git repository (or any of the parent directories): .git
2024-03-10 18:54:14.876 [info] > git rev-parse --show-toplevel [2ms]
2024-03-10 18:54:14.876 [info] fatal: not a git repository (or any of the parent directories): .git
2024-03-10 18:54:14.881 [info] > git rev-parse --show-toplevel [1ms]
2024-03-10 18:54:14.881 [info] fatal: not a git repository (or any of the parent directories): .git
2024-03-10 18:54:21.587 [info] > git rev-parse --show-toplevel [2ms]
2024-03-10 18:54:21.587 [info] fatal: not a git repository (or any of the parent directories): .git
2024-03-10 18:54:21.593 [info] > git rev-parse --show-toplevel [1ms]
2024-03-10 18:54:21.593 [info] fatal: not a git repository (or any of the parent directories): .git
2024-03-10 18:54:21.598 [info] > git rev-parse --show-toplevel [1ms]
2024-03-10 18:54:21.598 [info] fatal: not a git repository (or any of the parent directories): .git
2024-03-10 18:54:24.121 [info] > git rev-parse --show-toplevel [1ms]
2024-03-10 18:54:24.121 [info] fatal: not a git repository (or any of the parent directories): .git
2024-03-10 18:54:24.126 [info] > git rev-parse --show-toplevel [1ms]
2024-03-10 18:54:24.126 [info] fatal: not a git repository (or any of the parent directories): .git
2024-03-10 18:54:24.130 [info] > git rev-parse --show-toplevel [0ms]
2024-03-10 18:54:24.131 [info] fatal: not a git repository (or any of the parent directories): .git
2024-03-10 18:54:35.219 [info] > git rev-parse --show-toplevel [1ms]
2024-03-10 18:54:35.219 [info] fatal: not a git repository (or any of the parent directories): .git
2024-03-10 18:54:35.234 [info] > git rev-parse --show-toplevel [9ms]
2024-03-10 18:54:35.234 [info] fatal: not a git repository (or any of the parent directories): .git
2024-03-10 18:54:35.240 [info] > git rev-parse --show-toplevel [1ms]
2024-03-10 18:54:35.240 [info] fatal: not a git repository (or any of the parent directories): .git
2024-03-10 18:54:40.234 [info] > git rev-parse --show-toplevel [1ms]
2024-03-10 18:54:40.234 [info] fatal: not a git repository (or any of the parent directories): .git
2024-03-10 18:54:40.240 [info] > git rev-parse --show-toplevel [2ms]
2024-03-10 18:54:40.240 [info] fatal: not a git repository (or any of the parent directories): .git
2024-03-10 18:54:40.245 [info] > git rev-parse --show-toplevel [1ms]
2024-03-10 18:54:40.245 [info] fatal: not a git repository (or any of the parent directories): .git
2024-03-10 18:54:54.081 [info] > git rev-parse --show-toplevel [2ms]
2024-03-10 18:54:54.081 [info] fatal: not a git repository (or any of the parent directories): .git
2024-03-10 18:54:54.087 [info] > git rev-parse --show-toplevel [1ms]
2024-03-10 18:54:54.087 [info] fatal: not a git repository (or any of the parent directories): .git
2024-03-10 18:54:54.091 [info] > git rev-parse --show-toplevel [0ms]
2024-03-10 18:54:54.091 [info] fatal: not a git repository (or any of the parent directories): .git
2024-03-10 18:54:56.775 [info] > git rev-parse --show-toplevel [2ms]
2024-03-10 18:54:56.775 [info] fatal: not a git repository (or any of the parent directories): .git
2024-03-10 18:54:56.781 [info] > git rev-parse --show-toplevel [1ms]
2024-03-10 18:54:56.781 [info] fatal: not a git repository (or any of the parent directories): .git
2024-03-10 18:54:56.786 [info] > git rev-parse --show-toplevel [0ms]
2024-03-10 18:54:56.786 [info] fatal: not a git repository (or any of the parent directories): .git
2024-03-10 18:54:59.044 [info] > git rev-parse --show-toplevel [1ms]
2024-03-10 18:54:59.044 [info] fatal: not a git repository (or any of the parent directories): .git
2024-03-10 18:54:59.050 [info] > git rev-parse --show-toplevel [1ms]
2024-03-10 18:54:59.050 [info] fatal: not a git repository (or any of the parent directories): .git
2024-03-10 18:54:59.054 [info] > git rev-parse --show-toplevel [1ms]
2024-03-10 18:54:59.054 [info] fatal: not a git repository (or any of the parent directories): .git
2024-03-10 18:55:05.966 [info] > git rev-parse --show-toplevel [2ms]
2024-03-10 18:55:05.966 [info] fatal: not a git repository (or any of the parent directories): .git
2024-03-10 18:55:05.973 [info] > git rev-parse --show-toplevel [1ms]
2024-03-10 18:55:05.973 [info] fatal: not a git repository (or any of the parent directories): .git
2024-03-10 18:55:05.979 [info] > git rev-parse --show-toplevel [2ms]
2024-03-10 18:55:05.979 [info] fatal: not a git repository (or any of the parent directories): .git
2024-03-10 18:55:11.156 [info] > git rev-parse --show-toplevel [1ms]
2024-03-10 18:55:11.156 [info] fatal: not a git repository (or any of the parent directories): .git
2024-03-10 18:55:11.163 [info] > git rev-parse --show-toplevel [2ms]
2024-03-10 18:55:11.163 [info] fatal: not a git repository (or any of the parent directories): .git
2024-03-10 18:55:11.167 [info] > git rev-parse --show-toplevel [1ms]
2024-03-10 18:55:11.167 [info] fatal: not a git repository (or any of the parent directories): .git
2024-03-10 18:55:15.037 [info] > git rev-parse --show-toplevel [1ms]
2024-03-10 18:55:15.037 [info] fatal: not a git repository (or any of the parent directories): .git
2024-03-10 18:55:15.042 [info] > git rev-parse --show-toplevel [1ms]
2024-03-10 18:55:15.042 [info] fatal: not a git repository (or any of the parent directories): .git
2024-03-10 18:55:15.046 [info] > git rev-parse --show-toplevel [1ms]
2024-03-10 18:55:15.046 [info] fatal: not a git repository (or any of the parent directories): .git
2024-03-10 18:55:24.267 [info] > git rev-parse --show-toplevel [2ms]
2024-03-10 18:55:24.267 [info] fatal: not a git repository (or any of the parent directories): .git
2024-03-10 18:55:24.276 [info] > git rev-parse --show-toplevel [1ms]
2024-03-10 18:55:24.276 [info] fatal: not a git repository (or any of the parent directories): .git
2024-03-10 18:55:24.284 [info] > git rev-parse --show-toplevel [2ms]
2024-03-10 18:55:24.284 [info] fatal: not a git repository (or any of the parent directories): .git
2024-03-10 18:55:34.011 [info] > git rev-parse --show-toplevel [1ms]
2024-03-10 18:55:34.011 [info] fatal: not a git repository (or any of the parent directories): .git
2024-03-10 18:55:34.016 [info] > git rev-parse --show-toplevel [1ms]
2024-03-10 18:55:34.016 [info] fatal: not a git repository (or any of the parent directories): .git
2024-03-10 18:55:34.021 [info] > git rev-parse --show-toplevel [1ms]
2024-03-10 18:55:34.021 [info] fatal: not a git repository (or any of the parent directories): .git
2024-03-10 18:55:48.392 [info] > git rev-parse --show-toplevel [2ms]
2024-03-10 18:55:48.392 [info] fatal: not a git repository (or any of the parent directories): .git
2024-03-10 18:55:48.398 [info] > git rev-parse --show-toplevel [1ms]
2024-03-10 18:55:48.398 [info] fatal: not a git repository (or any of the parent directories): .git
2024-03-10 18:55:48.402 [info] > git rev-parse --show-toplevel [0ms]
2024-03-10 18:55:48.402 [info] fatal: not a git repository (or any of the parent directories): .git
2024-03-10 18:55:55.093 [info] > git rev-parse --show-toplevel [2ms]
2024-03-10 18:55:55.093 [info] fatal: not a git repository (or any of the parent directories): .git
2024-03-10 18:55:55.097 [info] > git rev-parse --show-toplevel [1ms]
2024-03-10 18:55:55.097 [info] fatal: not a git repository (or any of the parent directories): .git
2024-03-10 18:55:55.101 [info] > git rev-parse --show-toplevel [1ms]
2024-03-10 18:55:55.101 [info] fatal: not a git repository (or any of the parent directories): .git
2024-03-10 18:57:12.039 [info] > git rev-parse --show-toplevel [2ms]
2024-03-10 18:57:12.039 [info] fatal: not a git repository (or any of the parent directories): .git
2024-03-10 18:57:12.046 [info] > git rev-parse --show-toplevel [1ms]
2024-03-10 18:57:12.046 [info] fatal: not a git repository (or any of the parent directories): .git
2024-03-10 18:57:12.051 [info] > git rev-parse --show-toplevel [1ms]
2024-03-10 18:57:12.051 [info] fatal: not a git repository (or any of the parent directories): .git
2024-03-10 18:57:15.805 [info] > git rev-parse --show-toplevel [2ms]
2024-03-10 18:57:15.805 [info] fatal: not a git repository (or any of the parent directories): .git
2024-03-10 18:57:15.811 [info] > git rev-parse --show-toplevel [1ms]
2024-03-10 18:57:15.811 [info] fatal: not a git repository (or any of the parent directories): .git
2024-03-10 18:57:15.816 [info] > git rev-parse --show-toplevel [0ms]
2024-03-10 18:57:15.816 [info] fatal: not a git repository (or any of the parent directories): .git
2024-03-10 19:37:26.801 [info] > git rev-parse --show-toplevel [8ms]
2024-03-10 19:37:26.802 [info] fatal: not a git repository (or any of the parent directories): .git
2024-03-10 19:37:26.813 [info] > git rev-parse --show-toplevel [0ms]
2024-03-10 19:37:26.813 [info] fatal: not a git repository (or any of the parent directories): .git
2024-03-10 19:37:26.824 [info] > git rev-parse --show-toplevel [0ms]
2024-03-10 19:37:26.825 [info] fatal: not a git repository (or any of the parent directories): .git
2024-03-10 19:38:07.908 [info] > git rev-parse --show-toplevel [2ms]
2024-03-10 19:38:07.908 [info] fatal: not a git repository (or any of the parent directories): .git
2024-03-10 19:38:07.915 [info] > git rev-parse --show-toplevel [1ms]
2024-03-10 19:38:07.915 [info] fatal: not a git repository (or any of the parent directories): .git
2024-03-10 19:38:07.923 [info] > git rev-parse --show-toplevel [2ms]
2024-03-10 19:38:07.923 [info] fatal: not a git repository (or any of the parent directories): .git
2024-03-10 19:38:12.252 [info] > git rev-parse --show-toplevel [1ms]
2024-03-10 19:38:12.252 [info] fatal: not a git repository (or any of the parent directories): .git
2024-03-10 19:38:12.257 [info] > git rev-parse --show-toplevel [1ms]
2024-03-10 19:38:12.257 [info] fatal: not a git repository (or any of the parent directories): .git
2024-03-10 19:38:12.265 [info] > git rev-parse --show-toplevel [2ms]
2024-03-10 19:38:12.265 [info] fatal: not a git repository (or any of the parent directories): .git
2024-03-10 19:38:13.664 [info] > git rev-parse --show-toplevel [1ms]
2024-03-10 19:38:13.664 [info] fatal: not a git repository (or any of the parent directories): .git
2024-03-10 19:38:13.669 [info] > git rev-parse --show-toplevel [0ms]
2024-03-10 19:38:13.669 [info] fatal: not a git repository (or any of the parent directories): .git
2024-03-10 19:38:13.678 [info] > git rev-parse --show-toplevel [1ms]
2024-03-10 19:38:13.678 [info] fatal: not a git repository (or any of the parent directories): .git
2024-03-10 19:38:28.220 [info] > git rev-parse --show-toplevel [2ms]
2024-03-10 19:38:28.220 [info] fatal: not a git repository (or any of the parent directories): .git
2024-03-10 19:38:28.226 [info] > git rev-parse --show-toplevel [2ms]
2024-03-10 19:38:28.226 [info] fatal: not a git repository (or any of the parent directories): .git
2024-03-10 19:38:28.234 [info] > git rev-parse --show-toplevel [1ms]
2024-03-10 19:38:28.234 [info] fatal: not a git repository (or any of the parent directories): .git
2024-03-10 19:38:39.221 [info] > git rev-parse --show-toplevel [1ms]
2024-03-10 19:38:39.221 [info] fatal: not a git repository (or any of the parent directories): .git
2024-03-10 19:38:39.226 [info] > git rev-parse --show-toplevel [0ms]
2024-03-10 19:38:39.226 [info] fatal: not a git repository (or any of the parent directories): .git
2024-03-10 19:38:39.230 [info] > git rev-parse --show-toplevel [1ms]
2024-03-10 19:38:39.230 [info] fatal: not a git repository (or any of the parent directories): .git
2024-03-10 19:41:40.098 [info] > git rev-parse --show-toplevel [1ms]
2024-03-10 19:41:40.098 [info] fatal: not a git repository (or any of the parent directories): .git
2024-03-10 19:41:40.104 [info] > git rev-parse --show-toplevel [2ms]
2024-03-10 19:41:40.104 [info] fatal: not a git repository (or any of the parent directories): .git
2024-03-10 19:41:40.109 [info] > git rev-parse --show-toplevel [0ms]
2024-03-10 19:41:40.109 [info] fatal: not a git repository (or any of the parent directories): .git
2024-03-10 19:41:46.801 [info] > git rev-parse --show-toplevel [1ms]
2024-03-10 19:41:46.801 [info] fatal: not a git repository (or any of the parent directories): .git
2024-03-10 19:41:46.806 [info] > git rev-parse --show-toplevel [1ms]
2024-03-10 19:41:46.806 [info] fatal: not a git repository (or any of the parent directories): .git
2024-03-10 19:41:46.811 [info] > git rev-parse --show-toplevel [1ms]
2024-03-10 19:41:46.811 [info] fatal: not a git repository (or any of the parent directories): .git
2024-03-10 19:42:51.286 [info] > git rev-parse --show-toplevel [1ms]
2024-03-10 19:42:51.286 [info] fatal: not a git repository (or any of the parent directories): .git
2024-03-10 19:42:51.292 [info] > git rev-parse --show-toplevel [1ms]
2024-03-10 19:42:51.292 [info] fatal: not a git repository (or any of the parent directories): .git
2024-03-10 19:42:51.297 [info] > git rev-parse --show-toplevel [2ms]
2024-03-10 19:42:51.297 [info] fatal: not a git repository (or any of the parent directories): .git
2024-03-10 19:43:55.911 [info] > git rev-parse --show-toplevel [2ms]
2024-03-10 19:43:55.911 [info] fatal: not a git repository (or any of the parent directories): .git
2024-03-10 19:43:55.917 [info] > git rev-parse --show-toplevel [2ms]
2024-03-10 19:43:55.917 [info] fatal: not a git repository (or any of the parent directories): .git
2024-03-10 19:43:55.922 [info] > git rev-parse --show-toplevel [1ms]
2024-03-10 19:43:55.922 [info] fatal: not a git repository (or any of the parent directories): .git
2024-03-10 19:44:07.957 [info] > git rev-parse --show-toplevel [1ms]
2024-03-10 19:44:07.957 [info] fatal: not a git repository (or any of the parent directories): .git
2024-03-10 19:44:07.961 [info] > git rev-parse --show-toplevel [1ms]
2024-03-10 19:44:07.961 [info] fatal: not a git repository (or any of the parent directories): .git
2024-03-10 19:44:07.967 [info] > git rev-parse --show-toplevel [2ms]
2024-03-10 19:44:07.967 [info] fatal: not a git repository (or any of the parent directories): .git
2024-03-10 19:44:15.320 [info] > git rev-parse --show-toplevel [1ms]
2024-03-10 19:44:15.320 [info] fatal: not a git repository (or any of the parent directories): .git
2024-03-10 19:44:15.325 [info] > git rev-parse --show-toplevel [1ms]
2024-03-10 19:44:15.325 [info] fatal: not a git repository (or any of the parent directories): .git
2024-03-10 19:44:15.331 [info] > git rev-parse --show-toplevel [2ms]
2024-03-10 19:44:15.331 [info] fatal: not a git repository (or any of the parent directories): .git
2024-03-10 19:44:31.329 [info] > git rev-parse --show-toplevel [1ms]
2024-03-10 19:44:31.329 [info] fatal: not a git repository (or any of the parent directories): .git
2024-03-10 19:44:31.333 [info] > git rev-parse --show-toplevel [1ms]
2024-03-10 19:44:31.333 [info] fatal: not a git repository (or any of the parent directories): .git
2024-03-10 19:44:31.337 [info] > git rev-parse --show-toplevel [1ms]
2024-03-10 19:44:31.337 [info] fatal: not a git repository (or any of the parent directories): .git
2024-03-10 19:44:32.174 [info] > git rev-parse --show-toplevel [1ms]
2024-03-10 19:44:32.174 [info] fatal: not a git repository (or any of the parent directories): .git
2024-03-10 19:44:35.306 [info] > git rev-parse --show-toplevel [2ms]
2024-03-10 19:44:35.306 [info] fatal: not a git repository (or any of the parent directories): .git
2024-03-10 19:44:37.532 [info] > git rev-parse --show-toplevel [0ms]
2024-03-10 19:44:37.532 [info] fatal: not a git repository (or any of the parent directories): .git
2024-03-10 19:44:37.536 [info] > git rev-parse --show-toplevel [1ms]
2024-03-10 19:44:37.536 [info] fatal: not a git repository (or any of the parent directories): .git
2024-03-10 19:44:55.852 [info] > git rev-parse --show-toplevel [1ms]
2024-03-10 19:44:55.852 [info] fatal: not a git repository (or any of the parent directories): .git
2024-03-10 19:44:55.858 [info] > git rev-parse --show-toplevel [1ms]
2024-03-10 19:44:55.858 [info] fatal: not a git repository (or any of the parent directories): .git
2024-03-10 19:44:55.863 [info] > git rev-parse --show-toplevel [1ms]
2024-03-10 19:44:55.863 [info] fatal: not a git repository (or any of the parent directories): .git
2024-03-10 19:53:23.510 [info] > git rev-parse --show-toplevel [1ms]
2024-03-10 19:53:23.511 [info] fatal: not a git repository (or any of the parent directories): .git
2024-03-10 19:53:23.515 [info] > git rev-parse --show-toplevel [1ms]
2024-03-10 19:53:23.516 [info] fatal: not a git repository (or any of the parent directories): .git
2024-03-10 19:53:23.521 [info] > git rev-parse --show-toplevel [2ms]
2024-03-10 19:53:23.521 [info] fatal: not a git repository (or any of the parent directories): .git
2024-03-10 19:53:28.655 [info] > git rev-parse --show-toplevel [0ms]
2024-03-10 19:53:28.656 [info] fatal: not a git repository (or any of the parent directories): .git
2024-03-10 19:53:28.705 [info] > git rev-parse --show-toplevel [1ms]
2024-03-10 19:53:28.705 [info] fatal: not a git repository (or any of the parent directories): .git
2024-03-10 19:53:28.710 [info] > git rev-parse --show-toplevel [1ms]
2024-03-10 19:53:28.710 [info] fatal: not a git repository (or any of the parent directories): .git
2024-03-10 19:53:30.786 [info] > git rev-parse --show-toplevel [1ms]
2024-03-10 19:53:30.786 [info] fatal: not a git repository (or any of the parent directories): .git
2024-03-10 19:53:38.628 [info] > git rev-parse --show-toplevel [2ms]
2024-03-10 19:53:38.628 [info] fatal: not a git repository (or any of the parent directories): .git
2024-03-10 19:53:43.822 [info] > git rev-parse --show-toplevel [1ms]
2024-03-10 19:53:43.822 [info] fatal: not a git repository (or any of the parent directories): .git
2024-03-10 19:53:49.461 [info] > git rev-parse --show-toplevel [2ms]
2024-03-10 19:53:49.461 [info] fatal: not a git repository (or any of the parent directories): .git
2024-03-10 19:53:52.932 [info] > git rev-parse --show-toplevel [1ms]
2024-03-10 19:53:52.932 [info] fatal: not a git repository (or any of the parent directories): .git
2024-03-10 19:57:58.520 [info] > git rev-parse --show-toplevel [1ms]
2024-03-10 19:57:58.520 [info] fatal: not a git repository (or any of the parent directories): .git
2024-03-10 19:58:03.713 [info] > git rev-parse --show-toplevel [2ms]
2024-03-10 19:58:03.713 [info] fatal: not a git repository (or any of the parent directories): .git
2024-03-10 19:58:10.506 [info] > git rev-parse --show-toplevel [2ms]
2024-03-10 19:58:10.506 [info] fatal: not a git repository (or any of the parent directories): .git
2024-03-10 19:58:10.924 [info] > git rev-parse --show-toplevel [4ms]
2024-03-10 19:58:10.924 [info] fatal: not a git repository (or any of the parent directories): .git
2024-03-10 19:58:11.813 [info] > git rev-parse --show-toplevel [2ms]
2024-03-10 19:58:11.813 [info] fatal: not a git repository (or any of the parent directories): .git
2024-03-10 19:58:20.078 [info] > git rev-parse --show-toplevel [1ms]
2024-03-10 19:58:20.078 [info] fatal: not a git repository (or any of the parent directories): .git
2024-03-10 19:58:25.605 [info] > git rev-parse --show-toplevel [2ms]
2024-03-10 19:58:25.605 [info] fatal: not a git repository (or any of the parent directories): .git
2024-03-10 19:58:35.031 [info] > git rev-parse --show-toplevel [1ms]
2024-03-10 19:58:35.031 [info] fatal: not a git repository (or any of the parent directories): .git
2024-03-10 19:58:40.488 [info] > git rev-parse --show-toplevel [1ms]
2024-03-10 19:58:40.488 [info] fatal: not a git repository (or any of the parent directories): .git
2024-03-10 19:58:43.295 [info] > git rev-parse --show-toplevel [2ms]
2024-03-10 19:58:43.295 [info] fatal: not a git repository (or any of the parent directories): .git
2024-03-10 19:58:46.734 [info] > git rev-parse --show-toplevel [3ms]
2024-03-10 19:58:46.734 [info] fatal: not a git repository (or any of the parent directories): .git
2024-03-10 19:59:01.838 [info] > git rev-parse --show-toplevel [2ms]
2024-03-10 19:59:01.838 [info] fatal: not a git repository (or any of the parent directories): .git
2024-03-10 19:59:05.174 [info] > git rev-parse --show-toplevel [1ms]
2024-03-10 19:59:05.174 [info] fatal: not a git repository (or any of the parent directories): .git
2024-03-10 19:59:07.377 [info] > git rev-parse --show-toplevel [1ms]
2024-03-10 19:59:07.377 [info] fatal: not a git repository (or any of the parent directories): .git
2024-03-10 19:59:09.103 [info] > git rev-parse --show-toplevel [1ms]
2024-03-10 19:59:09.104 [info] fatal: not a git repository (or any of the parent directories): .git
2024-03-10 19:59:15.311 [info] > git rev-parse --show-toplevel [1ms]
2024-03-10 19:59:15.311 [info] fatal: not a git repository (or any of the parent directories): .git
2024-03-10 19:59:17.349 [info] > git rev-parse --show-toplevel [3ms]
2024-03-10 19:59:17.349 [info] fatal: not a git repository (or any of the parent directories): .git
2024-03-10 19:59:33.240 [info] > git rev-parse --show-toplevel [2ms]
2024-03-10 19:59:33.240 [info] fatal: not a git repository (or any of the parent directories): .git
2024-03-10 19:59:36.012 [info] > git rev-parse --show-toplevel [1ms]
2024-03-10 19:59:36.012 [info] fatal: not a git repository (or any of the parent directories): .git
2024-03-10 19:59:51.047 [info] > git rev-parse --show-toplevel [1ms]
2024-03-10 19:59:51.047 [info] fatal: not a git repository (or any of the parent directories): .git
2024-03-10 19:59:53.444 [info] > git rev-parse --show-toplevel [1ms]
2024-03-10 19:59:53.444 [info] fatal: not a git repository (or any of the parent directories): .git
2024-03-10 19:59:55.102 [info] > git rev-parse --show-toplevel [1ms]
2024-03-10 19:59:55.102 [info] fatal: not a git repository (or any of the parent directories): .git
2024-03-10 19:59:57.018 [info] > git rev-parse --show-toplevel [1ms]
2024-03-10 19:59:57.018 [info] fatal: not a git repository (or any of the parent directories): .git
2024-03-10 19:59:58.849 [info] > git rev-parse --show-toplevel [1ms]
2024-03-10 19:59:58.849 [info] fatal: not a git repository (or any of the parent directories): .git
2024-03-10 20:00:00.248 [info] > git rev-parse --show-toplevel [2ms]
2024-03-10 20:00:00.248 [info] fatal: not a git repository (or any of the parent directories): .git
2024-03-10 20:00:02.875 [info] > git rev-parse --show-toplevel [1ms]
2024-03-10 20:00:02.876 [info] fatal: not a git repository (or any of the parent directories): .git
2024-03-10 20:00:04.888 [info] > git rev-parse --show-toplevel [2ms]
2024-03-10 20:00:04.888 [info] fatal: not a git repository (or any of the parent directories): .git
2024-03-10 20:00:06.795 [info] > git rev-parse --show-toplevel [2ms]
2024-03-10 20:00:06.795 [info] fatal: not a git repository (or any of the parent directories): .git
2024-03-10 20:00:12.643 [info] > git rev-parse --show-toplevel [1ms]
2024-03-10 20:00:12.643 [info] fatal: not a git repository (or any of the parent directories): .git
2024-03-10 20:01:42.168 [info] > git rev-parse --show-toplevel [1ms]
2024-03-10 20:01:42.168 [info] fatal: not a git repository (or any of the parent directories): .git
2024-03-10 20:01:51.526 [info] > git rev-parse --show-toplevel [1ms]
2024-03-10 20:01:51.526 [info] fatal: not a git repository (or any of the parent directories): .git
2024-03-10 20:02:26.200 [info] > git rev-parse --show-toplevel [2ms]
2024-03-10 20:02:26.200 [info] fatal: not a git repository (or any of the parent directories): .git
2024-03-10 20:02:31.650 [info] > git rev-parse --show-toplevel [2ms]
2024-03-10 20:02:31.650 [info] fatal: not a git repository (or any of the parent directories): .git
2024-03-10 20:02:33.613 [info] > git rev-parse --show-toplevel [1ms]
2024-03-10 20:02:33.613 [info] fatal: not a git repository (or any of the parent directories): .git
2024-03-10 20:02:36.901 [info] > git rev-parse --show-toplevel [1ms]
2024-03-10 20:02:36.902 [info] fatal: not a git repository (or any of the parent directories): .git
2024-03-10 20:02:38.667 [info] > git rev-parse --show-toplevel [2ms]
2024-03-10 20:02:38.667 [info] fatal: not a git repository (or any of the parent directories): .git
2024-03-10 20:02:39.853 [info] > git rev-parse --show-toplevel [2ms]
2024-03-10 20:02:39.853 [info] fatal: not a git repository (or any of the parent directories): .git
2024-03-10 20:02:41.397 [info] > git rev-parse --show-toplevel [2ms]
2024-03-10 20:02:41.397 [info] fatal: not a git repository (or any of the parent directories): .git
2024-03-10 20:02:42.507 [info] > git rev-parse --show-toplevel [2ms]
2024-03-10 20:02:42.507 [info] fatal: not a git repository (or any of the parent directories): .git
2024-03-10 20:02:52.777 [info] > git rev-parse --show-toplevel [1ms]
2024-03-10 20:02:52.777 [info] fatal: not a git repository (or any of the parent directories): .git
2024-03-10 20:02:54.589 [info] > git rev-parse --show-toplevel [3ms]
2024-03-10 20:02:54.589 [info] fatal: not a git repository (or any of the parent directories): .git
2024-03-10 20:02:57.891 [info] > git rev-parse --show-toplevel [1ms]
2024-03-10 20:02:57.891 [info] fatal: not a git repository (or any of the parent directories): .git
2024-03-10 20:03:00.798 [info] > git rev-parse --show-toplevel [1ms]
2024-03-10 20:03:00.799 [info] fatal: not a git repository (or any of the parent directories): .git
2024-03-10 20:03:01.671 [info] > git rev-parse --show-toplevel [1ms]
2024-03-10 20:03:01.671 [info] fatal: not a git repository (or any of the parent directories): .git
2024-03-10 20:03:02.765 [info] > git rev-parse --show-toplevel [2ms]
2024-03-10 20:03:02.765 [info] fatal: not a git repository (or any of the parent directories): .git
2024-03-10 20:03:03.767 [info] > git rev-parse --show-toplevel [1ms]
2024-03-10 20:03:03.767 [info] fatal: not a git repository (or any of the parent directories): .git
2024-03-10 20:03:07.160 [info] > git rev-parse --show-toplevel [1ms]
2024-03-10 20:03:07.161 [info] fatal: not a git repository (or any of the parent directories): .git
2024-03-10 20:03:34.388 [info] > git rev-parse --show-toplevel [2ms]
2024-03-10 20:03:34.388 [info] fatal: not a git repository (or any of the parent directories): .git
2024-03-10 20:03:37.349 [info] > git rev-parse --show-toplevel [2ms]
2024-03-10 20:03:37.349 [info] fatal: not a git repository (or any of the parent directories): .git
2024-03-10 20:03:44.338 [info] > git rev-parse --show-toplevel [1ms]
2024-03-10 20:03:44.338 [info] fatal: not a git repository (or any of the parent directories): .git
2024-03-10 20:03:59.699 [info] > git rev-parse --show-toplevel [2ms]
2024-03-10 20:03:59.699 [info] fatal: not a git repository (or any of the parent directories): .git
2024-03-10 20:04:08.646 [info] > git rev-parse --show-toplevel [1ms]
2024-03-10 20:04:08.646 [info] fatal: not a git repository (or any of the parent directories): .git
2024-03-10 20:04:47.332 [info] > git rev-parse --show-toplevel [2ms]
2024-03-10 20:04:47.332 [info] fatal: not a git repository (or any of the parent directories): .git
2024-03-10 20:04:51.150 [info] > git rev-parse --show-toplevel [2ms]
2024-03-10 20:04:51.150 [info] fatal: not a git repository (or any of the parent directories): .git
2024-03-10 20:05:08.339 [info] > git rev-parse --show-toplevel [1ms]
2024-03-10 20:05:08.339 [info] fatal: not a git repository (or any of the parent directories): .git
2024-03-10 20:05:15.497 [info] > git rev-parse --show-toplevel [1ms]
2024-03-10 20:05:15.497 [info] fatal: not a git repository (or any of the parent directories): .git
2024-03-10 20:05:26.576 [info] > git rev-parse --show-toplevel [1ms]
2024-03-10 20:05:26.576 [info] fatal: not a git repository (or any of the parent directories): .git
2024-03-10 20:05:29.726 [info] > git rev-parse --show-toplevel [1ms]
2024-03-10 20:05:29.726 [info] fatal: not a git repository (or any of the parent directories): .git
2024-03-10 20:05:35.009 [info] > git rev-parse --show-toplevel [2ms]
2024-03-10 20:05:35.009 [info] fatal: not a git repository (or any of the parent directories): .git
2024-03-10 20:05:39.215 [info] > git rev-parse --show-toplevel [1ms]
2024-03-10 20:05:39.215 [info] fatal: not a git repository (or any of the parent directories): .git
2024-03-10 20:05:41.504 [info] > git rev-parse --show-toplevel [2ms]
2024-03-10 20:05:41.504 [info] fatal: not a git repository (or any of the parent directories): .git
2024-03-10 20:05:44.060 [info] > git rev-parse --show-toplevel [1ms]
2024-03-10 20:05:44.060 [info] fatal: not a git repository (or any of the parent directories): .git
2024-03-10 20:05:45.804 [info] > git rev-parse --show-toplevel [1ms]
2024-03-10 20:05:45.804 [info] fatal: not a git repository (or any of the parent directories): .git
2024-03-10 20:05:48.008 [info] > git rev-parse --show-toplevel [2ms]
2024-03-10 20:05:48.008 [info] fatal: not a git repository (or any of the parent directories): .git
2024-03-10 20:05:50.398 [info] > git rev-parse --show-toplevel [2ms]
2024-03-10 20:05:50.398 [info] fatal: not a git repository (or any of the parent directories): .git
2024-03-10 20:05:53.047 [info] > git rev-parse --show-toplevel [2ms]
2024-03-10 20:05:53.047 [info] fatal: not a git repository (or any of the parent directories): .git
2024-03-10 20:05:54.863 [info] > git rev-parse --show-toplevel [1ms]
2024-03-10 20:05:54.863 [info] fatal: not a git repository (or any of the parent directories): .git
2024-03-10 20:06:02.554 [info] > git rev-parse --show-toplevel [1ms]
2024-03-10 20:06:02.554 [info] fatal: not a git repository (or any of the parent directories): .git
2024-03-10 20:06:47.278 [info] > git rev-parse --show-toplevel [2ms]
2024-03-10 20:06:47.278 [info] fatal: not a git repository (or any of the parent directories): .git
2024-03-10 20:06:49.060 [info] > git rev-parse --show-toplevel [1ms]
2024-03-10 20:06:49.060 [info] fatal: not a git repository (or any of the parent directories): .git
2024-03-10 20:06:50.744 [info] > git rev-parse --show-toplevel [1ms]
2024-03-10 20:06:50.745 [info] fatal: not a git repository (or any of the parent directories): .git
2024-03-10 20:06:55.923 [info] > git rev-parse --show-toplevel [1ms]
2024-03-10 20:06:55.923 [info] fatal: not a git repository (or any of the parent directories): .git
2024-03-10 20:07:00.535 [info] > git rev-parse --show-toplevel [2ms]
2024-03-10 20:07:00.535 [info] fatal: not a git repository (or any of the parent directories): .git
2024-03-10 20:07:08.560 [info] > git rev-parse --show-toplevel [2ms]
2024-03-10 20:07:08.560 [info] fatal: not a git repository (or any of the parent directories): .git
2024-03-10 20:07:09.219 [info] > git rev-parse --show-toplevel [1ms]
2024-03-10 20:07:09.219 [info] fatal: not a git repository (or any of the parent directories): .git
2024-03-10 20:07:14.499 [info] > git rev-parse --show-toplevel [2ms]
2024-03-10 20:07:14.499 [info] fatal: not a git repository (or any of the parent directories): .git
2024-03-10 20:07:16.242 [info] > git rev-parse --show-toplevel [1ms]
2024-03-10 20:07:16.242 [info] fatal: not a git repository (or any of the parent directories): .git
2024-03-10 20:07:27.247 [info] > git rev-parse --show-toplevel [1ms]
2024-03-10 20:07:27.247 [info] fatal: not a git repository (or any of the parent directories): .git
2024-03-10 20:09:08.194 [info] > git rev-parse --show-toplevel [1ms]
2024-03-10 20:09:08.194 [info] fatal: not a git repository (or any of the parent directories): .git
2024-03-10 20:09:16.804 [info] > git rev-parse --show-toplevel [1ms]
2024-03-10 20:09:16.804 [info] fatal: not a git repository (or any of the parent directories): .git
2024-03-10 20:09:17.923 [info] > git rev-parse --show-toplevel [2ms]
2024-03-10 20:09:17.923 [info] fatal: not a git repository (or any of the parent directories): .git
2024-03-10 20:09:20.449 [info] > git rev-parse --show-toplevel [3ms]
2024-03-10 20:09:20.449 [info] fatal: not a git repository (or any of the parent directories): .git
2024-03-10 20:11:47.028 [info] > git rev-parse --show-toplevel [1ms]
2024-03-10 20:11:47.028 [info] fatal: not a git repository (or any of the parent directories): .git
2024-03-10 20:12:26.314 [info] > git rev-parse --show-toplevel [2ms]
2024-03-10 20:12:26.314 [info] fatal: not a git repository (or any of the parent directories): .git
2024-03-10 20:12:30.898 [info] > git rev-parse --show-toplevel [2ms]
2024-03-10 20:12:30.898 [info] fatal: not a git repository (or any of the parent directories): .git
2024-03-10 20:12:32.850 [info] > git rev-parse --show-toplevel [1ms]
2024-03-10 20:12:32.850 [info] fatal: not a git repository (or any of the parent directories): .git
2024-03-10 20:12:34.328 [info] > git rev-parse --show-toplevel [1ms]
2024-03-10 20:12:34.329 [info] fatal: not a git repository (or any of the parent directories): .git
2024-03-10 20:12:35.891 [info] > git rev-parse --show-toplevel [1ms]
2024-03-10 20:12:35.891 [info] fatal: not a git repository (or any of the parent directories): .git
2024-03-10 20:12:42.440 [info] > git rev-parse --show-toplevel [1ms]
2024-03-10 20:12:42.440 [info] fatal: not a git repository (or any of the parent directories): .git
2024-03-10 20:12:50.185 [info] > git rev-parse --show-toplevel [1ms]
2024-03-10 20:12:50.185 [info] fatal: not a git repository (or any of the parent directories): .git
2024-03-10 20:13:03.986 [info] > git rev-parse --show-toplevel [3ms]
2024-03-10 20:13:03.986 [info] fatal: not a git repository (or any of the parent directories): .git
2024-03-10 20:15:27.862 [info] > git rev-parse --show-toplevel [2ms]
2024-03-10 20:15:27.862 [info] fatal: not a git repository (or any of the parent directories): .git
2024-03-10 20:16:26.205 [info] > git rev-parse --show-toplevel [1ms]
2024-03-10 20:16:26.205 [info] fatal: not a git repository (or any of the parent directories): .git
2024-03-10 20:16:26.572 [info] > git rev-parse --show-toplevel [1ms]
2024-03-10 20:16:26.573 [info] fatal: not a git repository (or any of the parent directories): .git
2024-03-10 20:16:48.206 [info] > git rev-parse --show-toplevel [1ms]
2024-03-10 20:16:48.206 [info] fatal: not a git repository (or any of the parent directories): .git
2024-03-10 20:16:50.659 [info] > git rev-parse --show-toplevel [2ms]
2024-03-10 20:16:50.659 [info] fatal: not a git repository (or any of the parent directories): .git
2024-03-10 20:16:52.518 [info] > git rev-parse --show-toplevel [1ms]
2024-03-10 20:16:52.518 [info] fatal: not a git repository (or any of the parent directories): .git
2024-03-10 20:21:29.327 [info] > git rev-parse --show-toplevel [1ms]
2024-03-10 20:21:29.327 [info] fatal: not a git repository (or any of the parent directories): .git
2024-03-10 20:35:21.319 [info] > git rev-parse --show-toplevel [1ms]
2024-03-10 20:35:21.319 [info] fatal: not a git repository (or any of the parent directories): .git
2024-03-10 20:35:51.010 [info] > git rev-parse --show-toplevel [1ms]
2024-03-10 20:35:51.010 [info] fatal: not a git repository (or any of the parent directories): .git
