2024-03-03 23:43:11.128 [info] 로그 수준: Info
2024-03-03 23:43:11.128 [info] "git"에서 찾은 git 유효성을 검사하는 중
2024-03-03 23:43:11.128 [info] "2.25.1"에서 git "git"을(를) 사용하는 중
2024-03-03 23:43:11.128 [info] > git rev-parse --show-toplevel [3ms]
2024-03-03 23:43:11.128 [info] fatal: not a git repository (or any of the parent directories): .git
2024-03-03 23:43:11.128 [info] > git rev-parse --show-toplevel [1ms]
2024-03-03 23:43:11.128 [info] fatal: not a git repository (or any of the parent directories): .git
2024-03-03 23:43:11.128 [info] > git rev-parse --show-toplevel [1ms]
2024-03-03 23:43:11.128 [info] fatal: not a git repository (or any of the parent directories): .git
2024-03-03 23:43:11.128 [info] > git rev-parse --show-toplevel [0ms]
2024-03-03 23:43:11.128 [info] fatal: not a git repository (or any of the parent directories): .git
2024-03-03 23:59:24.675 [info] > git rev-parse --show-toplevel [2ms]
2024-03-03 23:59:24.675 [info] fatal: not a git repository (or any of the parent directories): .git
2024-03-03 23:59:25.019 [info] > git rev-parse --show-toplevel [0ms]
2024-03-03 23:59:25.019 [info] fatal: not a git repository (or any of the parent directories): .git
2024-03-03 23:59:26.352 [info] > git rev-parse --show-toplevel [2ms]
2024-03-03 23:59:26.352 [info] fatal: not a git repository (or any of the parent directories): .git
2024-03-04 00:05:38.166 [info] > git rev-parse --show-toplevel [1ms]
2024-03-04 00:05:38.166 [info] fatal: not a git repository (or any of the parent directories): .git
2024-03-04 00:06:04.369 [info] > git rev-parse --show-toplevel [2ms]
2024-03-04 00:06:04.369 [info] fatal: not a git repository (or any of the parent directories): .git
2024-03-04 00:18:42.261 [info] > git rev-parse --show-toplevel [1ms]
2024-03-04 00:18:42.261 [info] fatal: not a git repository (or any of the parent directories): .git
2024-03-04 00:18:46.565 [info] > git rev-parse --show-toplevel [2ms]
2024-03-04 00:18:46.565 [info] fatal: not a git repository (or any of the parent directories): .git
2024-03-04 00:19:18.124 [info] > git rev-parse --show-toplevel [2ms]
2024-03-04 00:19:18.124 [info] fatal: not a git repository (or any of the parent directories): .git
2024-03-04 00:19:27.698 [info] > git rev-parse --show-toplevel [1ms]
2024-03-04 00:19:27.698 [info] fatal: not a git repository (or any of the parent directories): .git
2024-03-04 00:19:29.390 [info] > git rev-parse --show-toplevel [1ms]
2024-03-04 00:19:29.390 [info] fatal: not a git repository (or any of the parent directories): .git
2024-03-04 00:19:33.387 [info] > git rev-parse --show-toplevel [3ms]
2024-03-04 00:19:33.387 [info] fatal: not a git repository (or any of the parent directories): .git
2024-03-04 00:19:45.770 [info] > git rev-parse --show-toplevel [2ms]
2024-03-04 00:19:45.770 [info] fatal: not a git repository (or any of the parent directories): .git
2024-03-04 00:19:58.378 [info] > git rev-parse --show-toplevel [1ms]
2024-03-04 00:19:58.378 [info] fatal: not a git repository (or any of the parent directories): .git
2024-03-04 00:30:32.888 [info] > git rev-parse --show-toplevel [1ms]
2024-03-04 00:30:32.888 [info] fatal: not a git repository (or any of the parent directories): .git
2024-03-04 00:30:33.830 [info] > git rev-parse --show-toplevel [2ms]
2024-03-04 00:30:33.830 [info] fatal: not a git repository (or any of the parent directories): .git
2024-03-04 00:33:05.647 [info] > git rev-parse --show-toplevel [1ms]
2024-03-04 00:33:05.647 [info] fatal: not a git repository (or any of the parent directories): .git
2024-03-04 00:33:06.357 [info] > git rev-parse --show-toplevel [1ms]
2024-03-04 00:33:06.357 [info] fatal: not a git repository (or any of the parent directories): .git
2024-03-04 00:50:51.084 [info] > git rev-parse --show-toplevel [2ms]
2024-03-04 00:50:51.084 [info] fatal: not a git repository (or any of the parent directories): .git
2024-03-04 00:50:52.311 [info] > git rev-parse --show-toplevel [1ms]
2024-03-04 00:50:52.311 [info] fatal: not a git repository (or any of the parent directories): .git
2024-03-04 00:50:57.267 [info] > git rev-parse --show-toplevel [1ms]
2024-03-04 00:50:57.267 [info] fatal: not a git repository (or any of the parent directories): .git
2024-03-04 00:52:49.942 [info] > git rev-parse --show-toplevel [3ms]
2024-03-04 00:52:49.942 [info] fatal: not a git repository (or any of the parent directories): .git
2024-03-04 00:59:51.835 [info] > git rev-parse --show-toplevel [2ms]
2024-03-04 00:59:51.835 [info] fatal: not a git repository (or any of the parent directories): .git
2024-03-04 00:59:52.436 [info] > git rev-parse --show-toplevel [1ms]
2024-03-04 00:59:52.436 [info] fatal: not a git repository (or any of the parent directories): .git
2024-03-04 00:59:54.323 [info] > git rev-parse --show-toplevel [2ms]
2024-03-04 00:59:54.323 [info] fatal: not a git repository (or any of the parent directories): .git
2024-03-04 00:59:55.355 [info] > git rev-parse --show-toplevel [2ms]
2024-03-04 00:59:55.355 [info] fatal: not a git repository (or any of the parent directories): .git
2024-03-04 00:59:55.984 [info] > git rev-parse --show-toplevel [1ms]
2024-03-04 00:59:55.984 [info] fatal: not a git repository (or any of the parent directories): .git
2024-03-04 00:59:57.230 [info] > git rev-parse --show-toplevel [2ms]
2024-03-04 00:59:57.230 [info] fatal: not a git repository (or any of the parent directories): .git
2024-03-04 00:59:59.649 [info] > git rev-parse --show-toplevel [1ms]
2024-03-04 00:59:59.649 [info] fatal: not a git repository (or any of the parent directories): .git
2024-03-04 01:26:31.284 [info] > git rev-parse --show-toplevel [1ms]
2024-03-04 01:26:31.284 [info] fatal: not a git repository (or any of the parent directories): .git
2024-03-04 01:27:29.474 [info] > git rev-parse --show-toplevel [3ms]
2024-03-04 01:27:29.474 [info] fatal: not a git repository (or any of the parent directories): .git
2024-03-04 01:27:36.863 [info] > git rev-parse --show-toplevel [1ms]
2024-03-04 01:27:36.863 [info] fatal: not a git repository (or any of the parent directories): .git
2024-03-04 01:27:42.555 [info] > git rev-parse --show-toplevel [1ms]
2024-03-04 01:27:42.555 [info] fatal: not a git repository (or any of the parent directories): .git
2024-03-04 01:27:43.102 [info] > git rev-parse --show-toplevel [1ms]
2024-03-04 01:27:43.102 [info] fatal: not a git repository (or any of the parent directories): .git
2024-03-04 01:27:43.739 [info] > git rev-parse --show-toplevel [2ms]
2024-03-04 01:27:43.739 [info] fatal: not a git repository (or any of the parent directories): .git
2024-03-04 01:28:13.344 [info] > git rev-parse --show-toplevel [2ms]
2024-03-04 01:28:13.344 [info] fatal: not a git repository (or any of the parent directories): .git
2024-03-04 01:46:09.060 [info] > git rev-parse --show-toplevel [3ms]
2024-03-04 01:46:09.060 [info] fatal: not a git repository (or any of the parent directories): .git
2024-03-04 01:47:22.681 [info] > git rev-parse --show-toplevel [2ms]
2024-03-04 01:47:22.681 [info] fatal: not a git repository (or any of the parent directories): .git
2024-03-04 01:51:49.156 [info] > git rev-parse --show-toplevel [1ms]
2024-03-04 01:51:49.156 [info] fatal: not a git repository (or any of the parent directories): .git
2024-03-04 01:51:55.707 [info] > git rev-parse --show-toplevel [1ms]
2024-03-04 01:51:55.707 [info] fatal: not a git repository (or any of the parent directories): .git
2024-03-04 01:51:57.050 [info] > git rev-parse --show-toplevel [3ms]
2024-03-04 01:51:57.050 [info] fatal: not a git repository (or any of the parent directories): .git
2024-03-04 01:52:19.254 [info] > git rev-parse --show-toplevel [2ms]
2024-03-04 01:52:19.254 [info] fatal: not a git repository (or any of the parent directories): .git
2024-03-04 01:53:03.839 [info] > git rev-parse --show-toplevel [1ms]
2024-03-04 01:53:03.839 [info] fatal: not a git repository (or any of the parent directories): .git
2024-03-04 01:53:44.240 [info] > git rev-parse --show-toplevel [1ms]
2024-03-04 01:53:44.240 [info] fatal: not a git repository (or any of the parent directories): .git
2024-03-04 01:53:46.395 [info] > git rev-parse --show-toplevel [1ms]
2024-03-04 01:53:46.395 [info] fatal: not a git repository (or any of the parent directories): .git
2024-03-04 01:53:49.893 [info] > git rev-parse --show-toplevel [2ms]
2024-03-04 01:53:49.893 [info] fatal: not a git repository (or any of the parent directories): .git
2024-03-04 01:54:06.459 [info] > git rev-parse --show-toplevel [3ms]
2024-03-04 01:54:06.459 [info] fatal: not a git repository (or any of the parent directories): .git
2024-03-04 01:59:07.906 [info] > git rev-parse --show-toplevel [1ms]
2024-03-04 01:59:07.906 [info] fatal: not a git repository (or any of the parent directories): .git
2024-03-04 02:00:06.577 [info] > git rev-parse --show-toplevel [2ms]
2024-03-04 02:00:06.577 [info] fatal: not a git repository (or any of the parent directories): .git
2024-03-04 02:01:32.557 [info] > git rev-parse --show-toplevel [2ms]
2024-03-04 02:01:32.557 [info] fatal: not a git repository (or any of the parent directories): .git
2024-03-04 02:01:33.575 [info] > git rev-parse --show-toplevel [1ms]
2024-03-04 02:01:33.575 [info] fatal: not a git repository (or any of the parent directories): .git
2024-03-04 02:01:38.645 [info] > git rev-parse --show-toplevel [1ms]
2024-03-04 02:01:38.645 [info] fatal: not a git repository (or any of the parent directories): .git
2024-03-04 02:02:24.194 [info] > git rev-parse --show-toplevel [1ms]
2024-03-04 02:02:24.194 [info] fatal: not a git repository (or any of the parent directories): .git
2024-03-04 02:03:22.531 [info] > git rev-parse --show-toplevel [1ms]
2024-03-04 02:03:22.531 [info] fatal: not a git repository (or any of the parent directories): .git
2024-03-04 02:05:30.214 [info] > git rev-parse --show-toplevel [1ms]
2024-03-04 02:05:30.214 [info] fatal: not a git repository (or any of the parent directories): .git
2024-03-04 02:06:12.505 [info] > git rev-parse --show-toplevel [1ms]
2024-03-04 02:06:12.505 [info] fatal: not a git repository (or any of the parent directories): .git
2024-03-04 02:06:43.336 [info] > git rev-parse --show-toplevel [1ms]
2024-03-04 02:06:43.336 [info] fatal: not a git repository (or any of the parent directories): .git
2024-03-04 02:07:18.888 [info] > git rev-parse --show-toplevel [1ms]
2024-03-04 02:07:18.888 [info] fatal: not a git repository (or any of the parent directories): .git
2024-03-04 02:07:24.132 [info] > git rev-parse --show-toplevel [1ms]
2024-03-04 02:07:24.133 [info] fatal: not a git repository (or any of the parent directories): .git
2024-03-04 02:07:46.722 [info] > git rev-parse --show-toplevel [1ms]
2024-03-04 02:07:46.722 [info] fatal: not a git repository (or any of the parent directories): .git
2024-03-04 02:08:07.246 [info] > git rev-parse --show-toplevel [2ms]
2024-03-04 02:08:07.246 [info] fatal: not a git repository (or any of the parent directories): .git
2024-03-04 02:08:09.807 [info] > git rev-parse --show-toplevel [1ms]
2024-03-04 02:08:09.807 [info] fatal: not a git repository (or any of the parent directories): .git
2024-03-04 02:08:10.679 [info] > git rev-parse --show-toplevel [1ms]
2024-03-04 02:08:10.679 [info] fatal: not a git repository (or any of the parent directories): .git
2024-03-04 02:08:26.152 [info] > git rev-parse --show-toplevel [2ms]
2024-03-04 02:08:26.152 [info] fatal: not a git repository (or any of the parent directories): .git
2024-03-04 02:08:30.383 [info] > git rev-parse --show-toplevel [1ms]
2024-03-04 02:08:30.383 [info] fatal: not a git repository (or any of the parent directories): .git
2024-03-04 02:08:52.389 [info] > git rev-parse --show-toplevel [2ms]
2024-03-04 02:08:52.389 [info] fatal: not a git repository (or any of the parent directories): .git
2024-03-04 02:08:53.284 [info] > git rev-parse --show-toplevel [1ms]
2024-03-04 02:08:53.284 [info] fatal: not a git repository (or any of the parent directories): .git
