["INFO" - 7:13:32 PM] Extension Name: esbenp.prettier-vscode.
["INFO" - 7:13:32 PM] Extension Version: 10.1.0.
["INFO" - 7:17:09 PM] Formatting file:///home/khj415/frontend/src/container/pages/MainForm.js
["INFO" - 7:17:09 PM] PrettierInstance:
{
  "modulePath": "/home/khj415/frontend/node_modules/prettier/index.cjs",
  "importResolver": {},
  "callMethodResolvers": {},
  "currentCallMethodId": 5,
  "version": "3.2.5"
}
["INFO" - 7:17:09 PM] Using ignore file (if present) at /home/khj415/frontend/.prettierignore
["INFO" - 7:17:09 PM] File Info:
{
  "ignored": false,
  "inferredParser": "babel"
}
["INFO" - 7:17:09 PM] No local configuration (i.e. .prettierrc or .editorconfig) detected, falling back to VS Code configuration
["INFO" - 7:17:09 PM] Prettier Options:
{
  "arrowParens": "always",
  "bracketSpacing": true,
  "endOfLine": "lf",
  "htmlWhitespaceSensitivity": "css",
  "insertPragma": false,
  "singleAttributePerLine": false,
  "bracketSameLine": false,
  "jsxBracketSameLine": false,
  "jsxSingleQuote": false,
  "printWidth": 80,
  "proseWrap": "preserve",
  "quoteProps": "as-needed",
  "requirePragma": false,
  "semi": true,
  "singleQuote": false,
  "tabWidth": 2,
  "trailingComma": "es5",
  "useTabs": false,
  "embeddedLanguageFormatting": "auto",
  "vueIndentScriptAndStyle": false,
  "filepath": "/home/khj415/frontend/src/container/pages/MainForm.js",
  "parser": "babel"
}
["INFO" - 7:17:09 PM] Formatting completed in 81ms.
["INFO" - 7:17:15 PM] Formatting file:///home/khj415/frontend/src/container/pages/MainForm.js
["INFO" - 7:17:15 PM] PrettierInstance:
{
  "modulePath": "/home/khj415/frontend/node_modules/prettier/index.cjs",
  "importResolver": {},
  "callMethodResolvers": {},
  "currentCallMethodId": 9,
  "version": "3.2.5"
}
["INFO" - 7:17:15 PM] Using ignore file (if present) at /home/khj415/frontend/.prettierignore
["INFO" - 7:17:15 PM] File Info:
{
  "ignored": false,
  "inferredParser": "babel"
}
["INFO" - 7:17:15 PM] No local configuration (i.e. .prettierrc or .editorconfig) detected, falling back to VS Code configuration
["INFO" - 7:17:15 PM] Prettier Options:
{
  "arrowParens": "always",
  "bracketSpacing": true,
  "endOfLine": "lf",
  "htmlWhitespaceSensitivity": "css",
  "insertPragma": false,
  "singleAttributePerLine": false,
  "bracketSameLine": false,
  "jsxBracketSameLine": false,
  "jsxSingleQuote": false,
  "printWidth": 80,
  "proseWrap": "preserve",
  "quoteProps": "as-needed",
  "requirePragma": false,
  "semi": true,
  "singleQuote": false,
  "tabWidth": 2,
  "trailingComma": "es5",
  "useTabs": false,
  "embeddedLanguageFormatting": "auto",
  "vueIndentScriptAndStyle": false,
  "filepath": "/home/khj415/frontend/src/container/pages/MainForm.js",
  "parser": "babel"
}
["INFO" - 7:17:15 PM] Formatting completed in 29ms.
["INFO" - 7:18:23 PM] Formatting file:///home/khj415/frontend/src/container/pages/MainForm.js
["INFO" - 7:18:23 PM] PrettierInstance:
{
  "modulePath": "/home/khj415/frontend/node_modules/prettier/index.cjs",
  "importResolver": {},
  "callMethodResolvers": {},
  "currentCallMethodId": 13,
  "version": "3.2.5"
}
["INFO" - 7:18:23 PM] Using ignore file (if present) at /home/khj415/frontend/.prettierignore
["INFO" - 7:18:23 PM] File Info:
{
  "ignored": false,
  "inferredParser": "babel"
}
["INFO" - 7:18:23 PM] No local configuration (i.e. .prettierrc or .editorconfig) detected, falling back to VS Code configuration
["INFO" - 7:18:23 PM] Prettier Options:
{
  "arrowParens": "always",
  "bracketSpacing": true,
  "endOfLine": "lf",
  "htmlWhitespaceSensitivity": "css",
  "insertPragma": false,
  "singleAttributePerLine": false,
  "bracketSameLine": false,
  "jsxBracketSameLine": false,
  "jsxSingleQuote": false,
  "printWidth": 80,
  "proseWrap": "preserve",
  "quoteProps": "as-needed",
  "requirePragma": false,
  "semi": true,
  "singleQuote": false,
  "tabWidth": 2,
  "trailingComma": "es5",
  "useTabs": false,
  "embeddedLanguageFormatting": "auto",
  "vueIndentScriptAndStyle": false,
  "filepath": "/home/khj415/frontend/src/container/pages/MainForm.js",
  "parser": "babel"
}
["INFO" - 7:18:23 PM] Formatting completed in 31ms.
["INFO" - 7:18:51 PM] Formatting file:///home/khj415/frontend/src/container/pages/MainForm.js
["INFO" - 7:18:51 PM] PrettierInstance:
{
  "modulePath": "/home/khj415/frontend/node_modules/prettier/index.cjs",
  "importResolver": {},
  "callMethodResolvers": {},
  "currentCallMethodId": 17,
  "version": "3.2.5"
}
["INFO" - 7:18:51 PM] Using ignore file (if present) at /home/khj415/frontend/.prettierignore
["INFO" - 7:18:51 PM] File Info:
{
  "ignored": false,
  "inferredParser": "babel"
}
["INFO" - 7:18:51 PM] No local configuration (i.e. .prettierrc or .editorconfig) detected, falling back to VS Code configuration
["INFO" - 7:18:51 PM] Prettier Options:
{
  "arrowParens": "always",
  "bracketSpacing": true,
  "endOfLine": "lf",
  "htmlWhitespaceSensitivity": "css",
  "insertPragma": false,
  "singleAttributePerLine": false,
  "bracketSameLine": false,
  "jsxBracketSameLine": false,
  "jsxSingleQuote": false,
  "printWidth": 80,
  "proseWrap": "preserve",
  "quoteProps": "as-needed",
  "requirePragma": false,
  "semi": true,
  "singleQuote": false,
  "tabWidth": 2,
  "trailingComma": "es5",
  "useTabs": false,
  "embeddedLanguageFormatting": "auto",
  "vueIndentScriptAndStyle": false,
  "filepath": "/home/khj415/frontend/src/container/pages/MainForm.js",
  "parser": "babel"
}
["INFO" - 7:18:51 PM] Formatting completed in 28ms.
["INFO" - 7:19:04 PM] Formatting file:///home/khj415/frontend/src/container/pages/MainForm.js
["INFO" - 7:19:04 PM] PrettierInstance:
{
  "modulePath": "/home/khj415/frontend/node_modules/prettier/index.cjs",
  "importResolver": {},
  "callMethodResolvers": {},
  "currentCallMethodId": 21,
  "version": "3.2.5"
}
["INFO" - 7:19:04 PM] Using ignore file (if present) at /home/khj415/frontend/.prettierignore
["INFO" - 7:19:04 PM] File Info:
{
  "ignored": false,
  "inferredParser": "babel"
}
["INFO" - 7:19:04 PM] No local configuration (i.e. .prettierrc or .editorconfig) detected, falling back to VS Code configuration
["INFO" - 7:19:04 PM] Prettier Options:
{
  "arrowParens": "always",
  "bracketSpacing": true,
  "endOfLine": "lf",
  "htmlWhitespaceSensitivity": "css",
  "insertPragma": false,
  "singleAttributePerLine": false,
  "bracketSameLine": false,
  "jsxBracketSameLine": false,
  "jsxSingleQuote": false,
  "printWidth": 80,
  "proseWrap": "preserve",
  "quoteProps": "as-needed",
  "requirePragma": false,
  "semi": true,
  "singleQuote": false,
  "tabWidth": 2,
  "trailingComma": "es5",
  "useTabs": false,
  "embeddedLanguageFormatting": "auto",
  "vueIndentScriptAndStyle": false,
  "filepath": "/home/khj415/frontend/src/container/pages/MainForm.js",
  "parser": "babel"
}
["INFO" - 7:19:04 PM] Formatting completed in 27ms.
["INFO" - 7:21:27 PM] Formatting file:///home/khj415/frontend/src/container/pages/MainForm.js
["INFO" - 7:21:27 PM] PrettierInstance:
{
  "modulePath": "/home/khj415/frontend/node_modules/prettier/index.cjs",
  "importResolver": {},
  "callMethodResolvers": {},
  "currentCallMethodId": 28,
  "version": "3.2.5"
}
["INFO" - 7:21:27 PM] Using ignore file (if present) at /home/khj415/frontend/.prettierignore
["INFO" - 7:21:27 PM] File Info:
{
  "ignored": false,
  "inferredParser": "babel"
}
["INFO" - 7:21:27 PM] No local configuration (i.e. .prettierrc or .editorconfig) detected, falling back to VS Code configuration
["INFO" - 7:21:27 PM] Prettier Options:
{
  "arrowParens": "always",
  "bracketSpacing": true,
  "endOfLine": "lf",
  "htmlWhitespaceSensitivity": "css",
  "insertPragma": false,
  "singleAttributePerLine": false,
  "bracketSameLine": false,
  "jsxBracketSameLine": false,
  "jsxSingleQuote": false,
  "printWidth": 80,
  "proseWrap": "preserve",
  "quoteProps": "as-needed",
  "requirePragma": false,
  "semi": true,
  "singleQuote": false,
  "tabWidth": 2,
  "trailingComma": "es5",
  "useTabs": false,
  "embeddedLanguageFormatting": "auto",
  "vueIndentScriptAndStyle": false,
  "filepath": "/home/khj415/frontend/src/container/pages/MainForm.js",
  "parser": "babel"
}
["INFO" - 7:21:27 PM] Formatting completed in 24ms.
["INFO" - 7:21:36 PM] Formatting file:///home/khj415/frontend/src/container/pages/MainForm.js
["INFO" - 7:21:36 PM] PrettierInstance:
{
  "modulePath": "/home/khj415/frontend/node_modules/prettier/index.cjs",
  "importResolver": {},
  "callMethodResolvers": {},
  "currentCallMethodId": 32,
  "version": "3.2.5"
}
["INFO" - 7:21:36 PM] Using ignore file (if present) at /home/khj415/frontend/.prettierignore
["INFO" - 7:21:36 PM] File Info:
{
  "ignored": false,
  "inferredParser": "babel"
}
["INFO" - 7:21:36 PM] No local configuration (i.e. .prettierrc or .editorconfig) detected, falling back to VS Code configuration
["INFO" - 7:21:36 PM] Prettier Options:
{
  "arrowParens": "always",
  "bracketSpacing": true,
  "endOfLine": "lf",
  "htmlWhitespaceSensitivity": "css",
  "insertPragma": false,
  "singleAttributePerLine": false,
  "bracketSameLine": false,
  "jsxBracketSameLine": false,
  "jsxSingleQuote": false,
  "printWidth": 80,
  "proseWrap": "preserve",
  "quoteProps": "as-needed",
  "requirePragma": false,
  "semi": true,
  "singleQuote": false,
  "tabWidth": 2,
  "trailingComma": "es5",
  "useTabs": false,
  "embeddedLanguageFormatting": "auto",
  "vueIndentScriptAndStyle": false,
  "filepath": "/home/khj415/frontend/src/container/pages/MainForm.js",
  "parser": "babel"
}
["INFO" - 7:21:37 PM] Formatting completed in 20ms.
["INFO" - 7:21:53 PM] Formatting file:///home/khj415/frontend/src/container/pages/MainForm.js
["INFO" - 7:21:53 PM] PrettierInstance:
{
  "modulePath": "/home/khj415/frontend/node_modules/prettier/index.cjs",
  "importResolver": {},
  "callMethodResolvers": {},
  "currentCallMethodId": 36,
  "version": "3.2.5"
}
["INFO" - 7:21:53 PM] Using ignore file (if present) at /home/khj415/frontend/.prettierignore
["INFO" - 7:21:53 PM] File Info:
{
  "ignored": false,
  "inferredParser": "babel"
}
["INFO" - 7:21:53 PM] No local configuration (i.e. .prettierrc or .editorconfig) detected, falling back to VS Code configuration
["INFO" - 7:21:53 PM] Prettier Options:
{
  "arrowParens": "always",
  "bracketSpacing": true,
  "endOfLine": "lf",
  "htmlWhitespaceSensitivity": "css",
  "insertPragma": false,
  "singleAttributePerLine": false,
  "bracketSameLine": false,
  "jsxBracketSameLine": false,
  "jsxSingleQuote": false,
  "printWidth": 80,
  "proseWrap": "preserve",
  "quoteProps": "as-needed",
  "requirePragma": false,
  "semi": true,
  "singleQuote": false,
  "tabWidth": 2,
  "trailingComma": "es5",
  "useTabs": false,
  "embeddedLanguageFormatting": "auto",
  "vueIndentScriptAndStyle": false,
  "filepath": "/home/khj415/frontend/src/container/pages/MainForm.js",
  "parser": "babel"
}
["INFO" - 7:21:53 PM] Formatting completed in 19ms.
["INFO" - 7:21:57 PM] Formatting file:///home/khj415/frontend/src/container/pages/MainForm.js
["INFO" - 7:21:57 PM] PrettierInstance:
{
  "modulePath": "/home/khj415/frontend/node_modules/prettier/index.cjs",
  "importResolver": {},
  "callMethodResolvers": {},
  "currentCallMethodId": 40,
  "version": "3.2.5"
}
["INFO" - 7:21:57 PM] Using ignore file (if present) at /home/khj415/frontend/.prettierignore
["INFO" - 7:21:57 PM] File Info:
{
  "ignored": false,
  "inferredParser": "babel"
}
["INFO" - 7:21:57 PM] No local configuration (i.e. .prettierrc or .editorconfig) detected, falling back to VS Code configuration
["INFO" - 7:21:57 PM] Prettier Options:
{
  "arrowParens": "always",
  "bracketSpacing": true,
  "endOfLine": "lf",
  "htmlWhitespaceSensitivity": "css",
  "insertPragma": false,
  "singleAttributePerLine": false,
  "bracketSameLine": false,
  "jsxBracketSameLine": false,
  "jsxSingleQuote": false,
  "printWidth": 80,
  "proseWrap": "preserve",
  "quoteProps": "as-needed",
  "requirePragma": false,
  "semi": true,
  "singleQuote": false,
  "tabWidth": 2,
  "trailingComma": "es5",
  "useTabs": false,
  "embeddedLanguageFormatting": "auto",
  "vueIndentScriptAndStyle": false,
  "filepath": "/home/khj415/frontend/src/container/pages/MainForm.js",
  "parser": "babel"
}
["INFO" - 7:21:57 PM] Formatting completed in 21ms.
["INFO" - 7:23:27 PM] Formatting file:///home/khj415/frontend/src/container/pages/MainForm.js
["INFO" - 7:23:27 PM] PrettierInstance:
{
  "modulePath": "/home/khj415/frontend/node_modules/prettier/index.cjs",
  "importResolver": {},
  "callMethodResolvers": {},
  "currentCallMethodId": 56,
  "version": "3.2.5"
}
["INFO" - 7:23:27 PM] Using ignore file (if present) at /home/khj415/frontend/.prettierignore
["INFO" - 7:23:27 PM] File Info:
{
  "ignored": false,
  "inferredParser": "babel"
}
["INFO" - 7:23:27 PM] No local configuration (i.e. .prettierrc or .editorconfig) detected, falling back to VS Code configuration
["INFO" - 7:23:27 PM] Prettier Options:
{
  "arrowParens": "always",
  "bracketSpacing": true,
  "endOfLine": "lf",
  "htmlWhitespaceSensitivity": "css",
  "insertPragma": false,
  "singleAttributePerLine": false,
  "bracketSameLine": false,
  "jsxBracketSameLine": false,
  "jsxSingleQuote": false,
  "printWidth": 80,
  "proseWrap": "preserve",
  "quoteProps": "as-needed",
  "requirePragma": false,
  "semi": true,
  "singleQuote": false,
  "tabWidth": 2,
  "trailingComma": "es5",
  "useTabs": false,
  "embeddedLanguageFormatting": "auto",
  "vueIndentScriptAndStyle": false,
  "filepath": "/home/khj415/frontend/src/container/pages/MainForm.js",
  "parser": "babel"
}
["INFO" - 7:23:27 PM] Formatting completed in 19ms.
["INFO" - 7:23:38 PM] Formatting file:///home/khj415/frontend/src/container/pages/MainForm.js
["INFO" - 7:23:38 PM] PrettierInstance:
{
  "modulePath": "/home/khj415/frontend/node_modules/prettier/index.cjs",
  "importResolver": {},
  "callMethodResolvers": {},
  "currentCallMethodId": 60,
  "version": "3.2.5"
}
["INFO" - 7:23:38 PM] Using ignore file (if present) at /home/khj415/frontend/.prettierignore
["INFO" - 7:23:38 PM] File Info:
{
  "ignored": false,
  "inferredParser": "babel"
}
["INFO" - 7:23:38 PM] No local configuration (i.e. .prettierrc or .editorconfig) detected, falling back to VS Code configuration
["INFO" - 7:23:38 PM] Prettier Options:
{
  "arrowParens": "always",
  "bracketSpacing": true,
  "endOfLine": "lf",
  "htmlWhitespaceSensitivity": "css",
  "insertPragma": false,
  "singleAttributePerLine": false,
  "bracketSameLine": false,
  "jsxBracketSameLine": false,
  "jsxSingleQuote": false,
  "printWidth": 80,
  "proseWrap": "preserve",
  "quoteProps": "as-needed",
  "requirePragma": false,
  "semi": true,
  "singleQuote": false,
  "tabWidth": 2,
  "trailingComma": "es5",
  "useTabs": false,
  "embeddedLanguageFormatting": "auto",
  "vueIndentScriptAndStyle": false,
  "filepath": "/home/khj415/frontend/src/container/pages/MainForm.js",
  "parser": "babel"
}
["INFO" - 7:23:38 PM] Formatting completed in 20ms.
["INFO" - 7:24:01 PM] Formatting file:///home/khj415/frontend/src/container/pages/MainForm.js
["INFO" - 7:24:01 PM] PrettierInstance:
{
  "modulePath": "/home/khj415/frontend/node_modules/prettier/index.cjs",
  "importResolver": {},
  "callMethodResolvers": {},
  "currentCallMethodId": 64,
  "version": "3.2.5"
}
["INFO" - 7:24:01 PM] Using ignore file (if present) at /home/khj415/frontend/.prettierignore
["INFO" - 7:24:01 PM] File Info:
{
  "ignored": false,
  "inferredParser": "babel"
}
["INFO" - 7:24:01 PM] No local configuration (i.e. .prettierrc or .editorconfig) detected, falling back to VS Code configuration
["INFO" - 7:24:01 PM] Prettier Options:
{
  "arrowParens": "always",
  "bracketSpacing": true,
  "endOfLine": "lf",
  "htmlWhitespaceSensitivity": "css",
  "insertPragma": false,
  "singleAttributePerLine": false,
  "bracketSameLine": false,
  "jsxBracketSameLine": false,
  "jsxSingleQuote": false,
  "printWidth": 80,
  "proseWrap": "preserve",
  "quoteProps": "as-needed",
  "requirePragma": false,
  "semi": true,
  "singleQuote": false,
  "tabWidth": 2,
  "trailingComma": "es5",
  "useTabs": false,
  "embeddedLanguageFormatting": "auto",
  "vueIndentScriptAndStyle": false,
  "filepath": "/home/khj415/frontend/src/container/pages/MainForm.js",
  "parser": "babel"
}
["INFO" - 7:24:01 PM] Formatting completed in 19ms.
["INFO" - 7:24:12 PM] Formatting file:///home/khj415/frontend/src/container/pages/MainForm.js
["INFO" - 7:24:12 PM] PrettierInstance:
{
  "modulePath": "/home/khj415/frontend/node_modules/prettier/index.cjs",
  "importResolver": {},
  "callMethodResolvers": {},
  "currentCallMethodId": 68,
  "version": "3.2.5"
}
["INFO" - 7:24:12 PM] Using ignore file (if present) at /home/khj415/frontend/.prettierignore
["INFO" - 7:24:12 PM] File Info:
{
  "ignored": false,
  "inferredParser": "babel"
}
["INFO" - 7:24:12 PM] No local configuration (i.e. .prettierrc or .editorconfig) detected, falling back to VS Code configuration
["INFO" - 7:24:12 PM] Prettier Options:
{
  "arrowParens": "always",
  "bracketSpacing": true,
  "endOfLine": "lf",
  "htmlWhitespaceSensitivity": "css",
  "insertPragma": false,
  "singleAttributePerLine": false,
  "bracketSameLine": false,
  "jsxBracketSameLine": false,
  "jsxSingleQuote": false,
  "printWidth": 80,
  "proseWrap": "preserve",
  "quoteProps": "as-needed",
  "requirePragma": false,
  "semi": true,
  "singleQuote": false,
  "tabWidth": 2,
  "trailingComma": "es5",
  "useTabs": false,
  "embeddedLanguageFormatting": "auto",
  "vueIndentScriptAndStyle": false,
  "filepath": "/home/khj415/frontend/src/container/pages/MainForm.js",
  "parser": "babel"
}
["INFO" - 7:24:12 PM] Formatting completed in 20ms.
["INFO" - 7:25:17 PM] Formatting file:///home/khj415/frontend/src/container/pages/MainForm.js
["INFO" - 7:25:17 PM] PrettierInstance:
{
  "modulePath": "/home/khj415/frontend/node_modules/prettier/index.cjs",
  "importResolver": {},
  "callMethodResolvers": {},
  "currentCallMethodId": 72,
  "version": "3.2.5"
}
["INFO" - 7:25:17 PM] Using ignore file (if present) at /home/khj415/frontend/.prettierignore
["INFO" - 7:25:17 PM] File Info:
{
  "ignored": false,
  "inferredParser": "babel"
}
["INFO" - 7:25:17 PM] No local configuration (i.e. .prettierrc or .editorconfig) detected, falling back to VS Code configuration
["INFO" - 7:25:17 PM] Prettier Options:
{
  "arrowParens": "always",
  "bracketSpacing": true,
  "endOfLine": "lf",
  "htmlWhitespaceSensitivity": "css",
  "insertPragma": false,
  "singleAttributePerLine": false,
  "bracketSameLine": false,
  "jsxBracketSameLine": false,
  "jsxSingleQuote": false,
  "printWidth": 80,
  "proseWrap": "preserve",
  "quoteProps": "as-needed",
  "requirePragma": false,
  "semi": true,
  "singleQuote": false,
  "tabWidth": 2,
  "trailingComma": "es5",
  "useTabs": false,
  "embeddedLanguageFormatting": "auto",
  "vueIndentScriptAndStyle": false,
  "filepath": "/home/khj415/frontend/src/container/pages/MainForm.js",
  "parser": "babel"
}
["INFO" - 7:25:17 PM] Formatting completed in 17ms.
["INFO" - 7:25:51 PM] Formatting file:///home/khj415/frontend/src/container/pages/MainForm.js
["INFO" - 7:25:51 PM] PrettierInstance:
{
  "modulePath": "/home/khj415/frontend/node_modules/prettier/index.cjs",
  "importResolver": {},
  "callMethodResolvers": {},
  "currentCallMethodId": 76,
  "version": "3.2.5"
}
["INFO" - 7:25:51 PM] Using ignore file (if present) at /home/khj415/frontend/.prettierignore
["INFO" - 7:25:51 PM] File Info:
{
  "ignored": false,
  "inferredParser": "babel"
}
["INFO" - 7:25:51 PM] No local configuration (i.e. .prettierrc or .editorconfig) detected, falling back to VS Code configuration
["INFO" - 7:25:51 PM] Prettier Options:
{
  "arrowParens": "always",
  "bracketSpacing": true,
  "endOfLine": "lf",
  "htmlWhitespaceSensitivity": "css",
  "insertPragma": false,
  "singleAttributePerLine": false,
  "bracketSameLine": false,
  "jsxBracketSameLine": false,
  "jsxSingleQuote": false,
  "printWidth": 80,
  "proseWrap": "preserve",
  "quoteProps": "as-needed",
  "requirePragma": false,
  "semi": true,
  "singleQuote": false,
  "tabWidth": 2,
  "trailingComma": "es5",
  "useTabs": false,
  "embeddedLanguageFormatting": "auto",
  "vueIndentScriptAndStyle": false,
  "filepath": "/home/khj415/frontend/src/container/pages/MainForm.js",
  "parser": "babel"
}
["INFO" - 7:25:51 PM] Formatting completed in 14ms.
["INFO" - 7:27:10 PM] Formatting file:///home/khj415/frontend/src/container/pages/MainForm.js
["INFO" - 7:27:10 PM] PrettierInstance:
{
  "modulePath": "/home/khj415/frontend/node_modules/prettier/index.cjs",
  "importResolver": {},
  "callMethodResolvers": {},
  "currentCallMethodId": 80,
  "version": "3.2.5"
}
["INFO" - 7:27:10 PM] Using ignore file (if present) at /home/khj415/frontend/.prettierignore
["INFO" - 7:27:10 PM] File Info:
{
  "ignored": false,
  "inferredParser": "babel"
}
["INFO" - 7:27:10 PM] No local configuration (i.e. .prettierrc or .editorconfig) detected, falling back to VS Code configuration
["INFO" - 7:27:10 PM] Prettier Options:
{
  "arrowParens": "always",
  "bracketSpacing": true,
  "endOfLine": "lf",
  "htmlWhitespaceSensitivity": "css",
  "insertPragma": false,
  "singleAttributePerLine": false,
  "bracketSameLine": false,
  "jsxBracketSameLine": false,
  "jsxSingleQuote": false,
  "printWidth": 80,
  "proseWrap": "preserve",
  "quoteProps": "as-needed",
  "requirePragma": false,
  "semi": true,
  "singleQuote": false,
  "tabWidth": 2,
  "trailingComma": "es5",
  "useTabs": false,
  "embeddedLanguageFormatting": "auto",
  "vueIndentScriptAndStyle": false,
  "filepath": "/home/khj415/frontend/src/container/pages/MainForm.js",
  "parser": "babel"
}
["INFO" - 7:27:10 PM] Formatting completed in 15ms.
["INFO" - 7:27:49 PM] Formatting file:///home/khj415/frontend/src/container/pages/MainForm.js
["INFO" - 7:27:49 PM] PrettierInstance:
{
  "modulePath": "/home/khj415/frontend/node_modules/prettier/index.cjs",
  "importResolver": {},
  "callMethodResolvers": {},
  "currentCallMethodId": 84,
  "version": "3.2.5"
}
["INFO" - 7:27:49 PM] Using ignore file (if present) at /home/khj415/frontend/.prettierignore
["INFO" - 7:27:49 PM] File Info:
{
  "ignored": false,
  "inferredParser": "babel"
}
["INFO" - 7:27:49 PM] No local configuration (i.e. .prettierrc or .editorconfig) detected, falling back to VS Code configuration
["INFO" - 7:27:49 PM] Prettier Options:
{
  "arrowParens": "always",
  "bracketSpacing": true,
  "endOfLine": "lf",
  "htmlWhitespaceSensitivity": "css",
  "insertPragma": false,
  "singleAttributePerLine": false,
  "bracketSameLine": false,
  "jsxBracketSameLine": false,
  "jsxSingleQuote": false,
  "printWidth": 80,
  "proseWrap": "preserve",
  "quoteProps": "as-needed",
  "requirePragma": false,
  "semi": true,
  "singleQuote": false,
  "tabWidth": 2,
  "trailingComma": "es5",
  "useTabs": false,
  "embeddedLanguageFormatting": "auto",
  "vueIndentScriptAndStyle": false,
  "filepath": "/home/khj415/frontend/src/container/pages/MainForm.js",
  "parser": "babel"
}
["INFO" - 7:27:49 PM] Formatting completed in 17ms.
["INFO" - 7:28:35 PM] Formatting file:///home/khj415/frontend/src/container/pages/MainForm.js
["INFO" - 7:28:35 PM] PrettierInstance:
{
  "modulePath": "/home/khj415/frontend/node_modules/prettier/index.cjs",
  "importResolver": {},
  "callMethodResolvers": {},
  "currentCallMethodId": 88,
  "version": "3.2.5"
}
["INFO" - 7:28:35 PM] Using ignore file (if present) at /home/khj415/frontend/.prettierignore
["INFO" - 7:28:35 PM] File Info:
{
  "ignored": false,
  "inferredParser": "babel"
}
["INFO" - 7:28:35 PM] No local configuration (i.e. .prettierrc or .editorconfig) detected, falling back to VS Code configuration
["INFO" - 7:28:35 PM] Prettier Options:
{
  "arrowParens": "always",
  "bracketSpacing": true,
  "endOfLine": "lf",
  "htmlWhitespaceSensitivity": "css",
  "insertPragma": false,
  "singleAttributePerLine": false,
  "bracketSameLine": false,
  "jsxBracketSameLine": false,
  "jsxSingleQuote": false,
  "printWidth": 80,
  "proseWrap": "preserve",
  "quoteProps": "as-needed",
  "requirePragma": false,
  "semi": true,
  "singleQuote": false,
  "tabWidth": 2,
  "trailingComma": "es5",
  "useTabs": false,
  "embeddedLanguageFormatting": "auto",
  "vueIndentScriptAndStyle": false,
  "filepath": "/home/khj415/frontend/src/container/pages/MainForm.js",
  "parser": "babel"
}
["INFO" - 7:28:35 PM] Formatting completed in 24ms.
["INFO" - 7:28:51 PM] Formatting file:///home/khj415/frontend/src/container/pages/MainForm.js
["INFO" - 7:28:51 PM] PrettierInstance:
{
  "modulePath": "/home/khj415/frontend/node_modules/prettier/index.cjs",
  "importResolver": {},
  "callMethodResolvers": {},
  "currentCallMethodId": 92,
  "version": "3.2.5"
}
["INFO" - 7:28:51 PM] Using ignore file (if present) at /home/khj415/frontend/.prettierignore
["INFO" - 7:28:51 PM] File Info:
{
  "ignored": false,
  "inferredParser": "babel"
}
["INFO" - 7:28:51 PM] No local configuration (i.e. .prettierrc or .editorconfig) detected, falling back to VS Code configuration
["INFO" - 7:28:51 PM] Prettier Options:
{
  "arrowParens": "always",
  "bracketSpacing": true,
  "endOfLine": "lf",
  "htmlWhitespaceSensitivity": "css",
  "insertPragma": false,
  "singleAttributePerLine": false,
  "bracketSameLine": false,
  "jsxBracketSameLine": false,
  "jsxSingleQuote": false,
  "printWidth": 80,
  "proseWrap": "preserve",
  "quoteProps": "as-needed",
  "requirePragma": false,
  "semi": true,
  "singleQuote": false,
  "tabWidth": 2,
  "trailingComma": "es5",
  "useTabs": false,
  "embeddedLanguageFormatting": "auto",
  "vueIndentScriptAndStyle": false,
  "filepath": "/home/khj415/frontend/src/container/pages/MainForm.js",
  "parser": "babel"
}
["INFO" - 7:28:51 PM] Formatting completed in 21ms.
["INFO" - 7:53:38 PM] Formatting file:///home/khj415/frontend/src/container/pages/MainForm.js
["INFO" - 7:53:38 PM] PrettierInstance:
{
  "modulePath": "/home/khj415/frontend/node_modules/prettier/index.cjs",
  "importResolver": {},
  "callMethodResolvers": {},
  "currentCallMethodId": 108,
  "version": "3.2.5"
}
["INFO" - 7:53:38 PM] Using ignore file (if present) at /home/khj415/frontend/.prettierignore
["INFO" - 7:53:38 PM] File Info:
{
  "ignored": false,
  "inferredParser": "babel"
}
["INFO" - 7:53:38 PM] No local configuration (i.e. .prettierrc or .editorconfig) detected, falling back to VS Code configuration
["INFO" - 7:53:38 PM] Prettier Options:
{
  "arrowParens": "always",
  "bracketSpacing": true,
  "endOfLine": "lf",
  "htmlWhitespaceSensitivity": "css",
  "insertPragma": false,
  "singleAttributePerLine": false,
  "bracketSameLine": false,
  "jsxBracketSameLine": false,
  "jsxSingleQuote": false,
  "printWidth": 80,
  "proseWrap": "preserve",
  "quoteProps": "as-needed",
  "requirePragma": false,
  "semi": true,
  "singleQuote": false,
  "tabWidth": 2,
  "trailingComma": "es5",
  "useTabs": false,
  "embeddedLanguageFormatting": "auto",
  "vueIndentScriptAndStyle": false,
  "filepath": "/home/khj415/frontend/src/container/pages/MainForm.js",
  "parser": "babel"
}
["INFO" - 7:53:38 PM] Formatting completed in 23ms.
