0 info it worked if it ends with ok
1 verbose cli [ '/usr/bin/node', '/usr/bin/npm', 'audit', 'fix' ]
2 info using npm@6.14.18
3 info using node@v14.21.3
4 verbose npm-session 1b044ca98b616f97
5 verbose stack Error: Errors were found in your package-lock.json, run  npm install  to fix them.
5 verbose stack     Missing: axios@^1.6.7
5 verbose stack     Missing: react-hook-form@^7.50.1
5 verbose stack     Missing: react-icons@^5.0.1
5 verbose stack     Missing: react-js-pagination@^3.0.3
5 verbose stack     Missing: react-native-vision-camera@^3.9.0
5 verbose stack     Missing: react-quill@^2.0.0
5 verbose stack     Missing: react-redux@^9.1.0
5 verbose stack     Missing: react-router-dom@^6.22.1
5 verbose stack     Missing: styled@^1.0.0
5 verbose stack     at /usr/lib/node_modules/npm/lib/audit.js:184:19
6 verbose cwd /home/khj415/frontend
7 verbose Linux 5.10.16.3-microsoft-standard-WSL2
8 verbose argv "/usr/bin/node" "/usr/bin/npm" "audit" "fix"
9 verbose node v14.21.3
10 verbose npm  v6.14.18
11 error code ELOCKVERIFY
12 error Errors were found in your package-lock.json, run  npm install  to fix them.
12 error     Missing: axios@^1.6.7
12 error     Missing: react-hook-form@^7.50.1
12 error     Missing: react-icons@^5.0.1
12 error     Missing: react-js-pagination@^3.0.3
12 error     Missing: react-native-vision-camera@^3.9.0
12 error     Missing: react-quill@^2.0.0
12 error     Missing: react-redux@^9.1.0
12 error     Missing: react-router-dom@^6.22.1
12 error     Missing: styled@^1.0.0
13 verbose exit [ 1, true ]
