0 info it worked if it ends with ok
1 verbose cli [ '/usr/bin/node',
1 verbose cli   '/usr/bin/npm',
1 verbose cli   'install',
1 verbose cli   '-g',
1 verbose cli   'create-react-app' ]
2 info using npm@6.14.4
3 info using node@v10.19.0
4 verbose npm-session 54b1e9f2c773cb86
5 silly install loadCurrentTree
6 silly install readGlobalPackageData
7 http fetch GET 200 https://registry.npmjs.org/create-react-app 521ms
8 http fetch GET 200 https://registry.npmjs.org/create-react-app/-/create-react-app-5.0.1.tgz 35ms
9 silly pacote tag manifest for create-react-app@latest fetched in 563ms
10 timing stage:loadCurrentTree Completed in 571ms
11 silly install loadIdealTree
12 silly install cloneCurrentTreeToIdealTree
13 timing stage:loadIdealTree:cloneCurrentTree Completed in 0ms
14 silly install loadShrinkwrap
15 timing stage:loadIdealTree:loadShrinkwrap Completed in 1ms
16 silly install loadAllDepsIntoIdealTree
17 silly resolveWithNewModule create-react-app@5.0.1 checking installable status
18 http fetch GET 200 https://registry.npmjs.org/chalk 41ms
19 http fetch GET 200 https://registry.npmjs.org/tmp 59ms
20 http fetch GET 200 https://registry.npmjs.org/envinfo 70ms
21 http fetch GET 200 https://registry.npmjs.org/prompts 73ms
22 http fetch GET 200 https://registry.npmjs.org/chalk/-/chalk-4.1.2.tgz 37ms
23 http fetch GET 200 https://registry.npmjs.org/fs-extra 80ms
24 http fetch GET 200 https://registry.npmjs.org/semver 81ms
25 http fetch GET 200 https://registry.npmjs.org/cross-spawn 84ms
26 silly pacote range manifest for chalk@^4.1.2 fetched in 92ms
27 silly resolveWithNewModule chalk@4.1.2 checking installable status
28 http fetch GET 200 https://registry.npmjs.org/commander 93ms
29 http fetch GET 200 https://registry.npmjs.org/tmp/-/tmp-0.2.2.tgz 30ms
30 silly pacote range manifest for tmp@^0.2.1 fetched in 105ms
31 silly resolveWithNewModule tmp@0.2.2 checking installable status
32 http fetch GET 200 https://registry.npmjs.org/envinfo/-/envinfo-7.11.1.tgz 37ms
33 http fetch GET 200 https://registry.npmjs.org/prompts/-/prompts-2.4.2.tgz 34ms
34 silly pacote range manifest for envinfo@^7.8.1 fetched in 117ms
35 silly resolveWithNewModule envinfo@7.11.1 checking installable status
36 silly pacote range manifest for prompts@^2.4.2 fetched in 122ms
37 silly resolveWithNewModule prompts@2.4.2 checking installable status
38 http fetch GET 200 https://registry.npmjs.org/validate-npm-package-name 37ms
39 http fetch GET 200 https://registry.npmjs.org/semver/-/semver-7.6.0.tgz 42ms
40 http fetch GET 200 https://registry.npmjs.org/cross-spawn/-/cross-spawn-7.0.3.tgz 42ms
41 http fetch GET 200 https://registry.npmjs.org/commander/-/commander-4.1.1.tgz 34ms
42 http fetch GET 200 https://registry.npmjs.org/fs-extra/-/fs-extra-10.1.0.tgz 44ms
43 silly pacote range manifest for commander@^4.1.1 fetched in 133ms
44 silly resolveWithNewModule commander@4.1.1 checking installable status
45 silly pacote range manifest for semver@^7.3.5 fetched in 131ms
46 silly resolveWithNewModule semver@7.6.0 checking installable status
47 silly pacote range manifest for cross-spawn@^7.0.3 fetched in 133ms
48 silly resolveWithNewModule cross-spawn@7.0.3 checking installable status
49 silly pacote range manifest for fs-extra@^10.0.0 fetched in 133ms
50 silly resolveWithNewModule fs-extra@10.1.0 checking installable status
51 http fetch GET 200 https://registry.npmjs.org/validate-npm-package-name/-/validate-npm-package-name-3.0.0.tgz 24ms
52 silly pacote range manifest for validate-npm-package-name@^3.0.0 fetched in 64ms
53 silly resolveWithNewModule validate-npm-package-name@3.0.0 checking installable status
54 http fetch GET 200 https://registry.npmjs.org/hyperquest 456ms
55 http fetch GET 200 https://registry.npmjs.org/tar-pack 463ms
56 http fetch GET 200 https://registry.npmjs.org/hyperquest/-/hyperquest-2.1.3.tgz 23ms
57 silly pacote range manifest for hyperquest@^2.1.3 fetched in 481ms
58 silly resolveWithNewModule hyperquest@2.1.3 checking installable status
59 http fetch GET 200 https://registry.npmjs.org/tar-pack/-/tar-pack-3.4.1.tgz 30ms
60 silly pacote range manifest for tar-pack@^3.4.1 fetched in 496ms
61 silly resolveWithNewModule tar-pack@3.4.1 checking installable status
62 http fetch GET 200 https://registry.npmjs.org/ansi-styles 25ms
63 http fetch GET 200 https://registry.npmjs.org/supports-color 29ms
64 http fetch GET 200 https://registry.npmjs.org/supports-color/-/supports-color-7.2.0.tgz 30ms
65 http fetch GET 200 https://registry.npmjs.org/ansi-styles/-/ansi-styles-4.3.0.tgz 34ms
66 silly pacote range manifest for supports-color@^7.1.0 fetched in 61ms
67 silly resolveWithNewModule supports-color@7.2.0 checking installable status
68 silly pacote range manifest for ansi-styles@^4.1.0 fetched in 62ms
69 silly resolveWithNewModule ansi-styles@4.3.0 checking installable status
70 http fetch GET 200 https://registry.npmjs.org/color-convert 24ms
71 http fetch GET 200 https://registry.npmjs.org/color-convert/-/color-convert-2.0.1.tgz 22ms
72 silly pacote range manifest for color-convert@^2.0.1 fetched in 48ms
73 silly resolveWithNewModule color-convert@2.0.1 checking installable status
74 http fetch GET 200 https://registry.npmjs.org/color-name 24ms
75 http fetch GET 200 https://registry.npmjs.org/color-name/-/color-name-1.1.4.tgz 29ms
76 silly pacote range manifest for color-name@~1.1.4 fetched in 54ms
77 silly resolveWithNewModule color-name@1.1.4 checking installable status
78 http fetch GET 200 https://registry.npmjs.org/has-flag 25ms
79 http fetch GET 200 https://registry.npmjs.org/has-flag/-/has-flag-4.0.0.tgz 25ms
80 silly pacote range manifest for has-flag@^4.0.0 fetched in 51ms
81 silly resolveWithNewModule has-flag@4.0.0 checking installable status
82 http fetch GET 200 https://registry.npmjs.org/path-key 25ms
83 http fetch GET 200 https://registry.npmjs.org/shebang-command 28ms
84 http fetch GET 200 https://registry.npmjs.org/which 32ms
85 http fetch GET 200 https://registry.npmjs.org/path-key/-/path-key-3.1.1.tgz 27ms
86 http fetch GET 200 https://registry.npmjs.org/shebang-command/-/shebang-command-2.0.0.tgz 27ms
87 silly pacote range manifest for path-key@^3.1.0 fetched in 55ms
88 silly resolveWithNewModule path-key@3.1.1 checking installable status
89 silly pacote range manifest for shebang-command@^2.0.0 fetched in 61ms
90 silly resolveWithNewModule shebang-command@2.0.0 checking installable status
91 http fetch GET 200 https://registry.npmjs.org/which/-/which-2.0.2.tgz 34ms
92 silly pacote range manifest for which@^2.0.1 fetched in 69ms
93 silly resolveWithNewModule which@2.0.2 checking installable status
94 http fetch GET 200 https://registry.npmjs.org/shebang-regex 24ms
95 http fetch GET 200 https://registry.npmjs.org/shebang-regex/-/shebang-regex-3.0.0.tgz 28ms
96 silly pacote range manifest for shebang-regex@^3.0.0 fetched in 53ms
97 silly resolveWithNewModule shebang-regex@3.0.0 checking installable status
98 http fetch GET 200 https://registry.npmjs.org/isexe 23ms
99 http fetch GET 200 https://registry.npmjs.org/isexe/-/isexe-2.0.0.tgz 22ms
100 silly pacote range manifest for isexe@^2.0.0 fetched in 48ms
101 silly resolveWithNewModule isexe@2.0.0 checking installable status
102 http fetch GET 200 https://registry.npmjs.org/universalify 27ms
103 http fetch GET 200 https://registry.npmjs.org/jsonfile 29ms
104 http fetch GET 200 https://registry.npmjs.org/graceful-fs 33ms
105 http fetch GET 200 https://registry.npmjs.org/universalify/-/universalify-2.0.1.tgz 28ms
106 silly pacote range manifest for universalify@^2.0.0 fetched in 58ms
107 silly resolveWithNewModule universalify@2.0.1 checking installable status
108 http fetch GET 200 https://registry.npmjs.org/jsonfile/-/jsonfile-6.1.0.tgz 29ms
109 silly pacote range manifest for jsonfile@^6.0.1 fetched in 60ms
110 silly resolveWithNewModule jsonfile@6.1.0 checking installable status
111 http fetch GET 200 https://registry.npmjs.org/graceful-fs/-/graceful-fs-4.2.11.tgz 30ms
112 silly pacote range manifest for graceful-fs@^4.2.0 fetched in 65ms
113 silly resolveWithNewModule graceful-fs@4.2.11 checking installable status
114 http fetch GET 200 https://registry.npmjs.org/buffer-from 27ms
115 http fetch GET 200 https://registry.npmjs.org/through2 29ms
116 http fetch GET 200 https://registry.npmjs.org/duplexer2 33ms
117 http fetch GET 200 https://registry.npmjs.org/through2/-/through2-0.6.5.tgz 23ms
118 silly pacote range manifest for through2@~0.6.3 fetched in 54ms
119 silly resolveWithNewModule through2@0.6.5 checking installable status
120 http fetch GET 200 https://registry.npmjs.org/duplexer2/-/duplexer2-0.0.2.tgz 26ms
121 silly pacote range manifest for duplexer2@~0.0.2 fetched in 60ms
122 silly resolveWithNewModule duplexer2@0.0.2 checking installable status
123 http fetch GET 200 https://registry.npmjs.org/buffer-from/-/buffer-from-0.1.2.tgz 38ms
124 silly pacote range manifest for buffer-from@^0.1.1 fetched in 66ms
125 silly resolveWithNewModule buffer-from@0.1.2 checking installable status
126 http fetch GET 200 https://registry.npmjs.org/readable-stream 25ms
127 http fetch GET 200 https://registry.npmjs.org/readable-stream/-/readable-stream-1.1.14.tgz 28ms
128 silly pacote range manifest for readable-stream@~1.1.9 fetched in 57ms
129 silly resolveWithNewModule readable-stream@1.1.14 checking installable status
130 http fetch GET 200 https://registry.npmjs.org/core-util-is 29ms
131 http fetch GET 200 https://registry.npmjs.org/isarray 30ms
132 http fetch GET 200 https://registry.npmjs.org/string_decoder 29ms
133 http fetch GET 200 https://registry.npmjs.org/inherits 31ms
134 http fetch GET 200 https://registry.npmjs.org/core-util-is/-/core-util-is-1.0.3.tgz 29ms
135 http fetch GET 200 https://registry.npmjs.org/isarray/-/isarray-0.0.1.tgz 29ms
136 http fetch GET 200 https://registry.npmjs.org/inherits/-/inherits-2.0.4.tgz 28ms
137 http fetch GET 200 https://registry.npmjs.org/string_decoder/-/string_decoder-0.10.31.tgz 30ms
138 silly pacote range manifest for core-util-is@~1.0.0 fetched in 62ms
139 silly resolveWithNewModule core-util-is@1.0.3 checking installable status
140 silly pacote version manifest for isarray@0.0.1 fetched in 64ms
141 silly resolveWithNewModule isarray@0.0.1 checking installable status
142 silly pacote range manifest for inherits@~2.0.1 fetched in 63ms
143 silly resolveWithNewModule inherits@2.0.4 checking installable status
144 silly pacote range manifest for string_decoder@~0.10.x fetched in 63ms
145 silly resolveWithNewModule string_decoder@0.10.31 checking installable status
146 http fetch GET 200 https://registry.npmjs.org/readable-stream/-/readable-stream-1.0.34.tgz 27ms
147 silly pacote range manifest for readable-stream@>=1.0.33-1 <1.1.0-0 fetched in 30ms
148 silly resolveWithNewModule readable-stream@1.0.34 checking installable status
149 http fetch GET 200 https://registry.npmjs.org/xtend 69ms
150 http fetch GET 200 https://registry.npmjs.org/xtend/-/xtend-4.0.2.tgz 25ms
151 silly pacote range manifest for xtend@>=4.0.0 <4.1.0-0 fetched in 96ms
152 silly resolveWithNewModule xtend@4.0.2 checking installable status
153 http fetch GET 200 https://registry.npmjs.org/sisteransi 28ms
154 http fetch GET 200 https://registry.npmjs.org/kleur 35ms
155 http fetch GET 200 https://registry.npmjs.org/sisteransi/-/sisteransi-1.0.5.tgz 26ms
156 silly pacote range manifest for sisteransi@^1.0.5 fetched in 56ms
157 silly resolveWithNewModule sisteransi@1.0.5 checking installable status
158 http fetch GET 200 https://registry.npmjs.org/kleur/-/kleur-3.0.3.tgz 27ms
159 silly pacote range manifest for kleur@^3.0.3 fetched in 66ms
160 silly resolveWithNewModule kleur@3.0.3 checking installable status
161 http fetch GET 200 https://registry.npmjs.org/lru-cache 39ms
162 http fetch GET 200 https://registry.npmjs.org/lru-cache/-/lru-cache-6.0.0.tgz 25ms
163 silly pacote range manifest for lru-cache@^6.0.0 fetched in 67ms
164 silly resolveWithNewModule lru-cache@6.0.0 checking installable status
165 http fetch GET 200 https://registry.npmjs.org/yallist 28ms
166 http fetch GET 200 https://registry.npmjs.org/yallist/-/yallist-4.0.0.tgz 29ms
167 silly pacote range manifest for yallist@^4.0.0 fetched in 59ms
168 silly resolveWithNewModule yallist@4.0.0 checking installable status
169 http fetch GET 200 https://registry.npmjs.org/readable-stream/-/readable-stream-2.3.8.tgz 35ms
170 http fetch GET 200 https://registry.npmjs.org/fstream 39ms
171 http fetch GET 200 https://registry.npmjs.org/once 38ms
172 http fetch GET 200 https://registry.npmjs.org/debug 41ms
173 http fetch GET 200 https://registry.npmjs.org/rimraf 43ms
174 silly pacote range manifest for readable-stream@^2.1.4 fetched in 47ms
175 silly resolveWithNewModule readable-stream@2.3.8 checking installable status
176 http fetch GET 200 https://registry.npmjs.org/tar 50ms
177 http fetch GET 200 https://registry.npmjs.org/once/-/once-1.4.0.tgz 25ms
178 silly pacote range manifest for once@^1.3.3 fetched in 67ms
179 silly resolveWithNewModule once@1.4.0 checking installable status
180 http fetch GET 200 https://registry.npmjs.org/fstream/-/fstream-1.0.12.tgz 29ms
181 silly pacote range manifest for fstream@^1.0.10 fetched in 70ms
182 silly resolveWithNewModule fstream@1.0.12 checking installable status
183 http fetch GET 200 https://registry.npmjs.org/debug/-/debug-2.6.9.tgz 41ms
184 http fetch GET 200 https://registry.npmjs.org/rimraf/-/rimraf-2.7.1.tgz 38ms
185 silly pacote range manifest for debug@^2.2.0 fetched in 87ms
186 silly resolveWithNewModule debug@2.6.9 checking installable status
187 silly pacote range manifest for rimraf@^2.5.1 fetched in 86ms
188 silly resolveWithNewModule rimraf@2.7.1 checking installable status
189 http fetch GET 200 https://registry.npmjs.org/tar/-/tar-2.2.2.tgz 35ms
190 silly pacote range manifest for tar@^2.2.1 fetched in 88ms
191 warn deprecated tar@2.2.2: This version of tar is no longer supported, and will not receive security updates. Please upgrade asap.
192 silly resolveWithNewModule tar@2.2.2 checking installable status
193 http fetch GET 200 https://registry.npmjs.org/uid-number 442ms
194 http fetch GET 200 https://registry.npmjs.org/fstream-ignore 445ms
195 http fetch GET 200 https://registry.npmjs.org/uid-number/-/uid-number-0.0.6.tgz 27ms
196 http fetch GET 200 https://registry.npmjs.org/fstream-ignore/-/fstream-ignore-1.0.5.tgz 26ms
197 silly pacote range manifest for uid-number@^0.0.6 fetched in 471ms
198 silly resolveWithNewModule uid-number@0.0.6 checking installable status
199 silly pacote range manifest for fstream-ignore@^1.0.5 fetched in 472ms
200 silly resolveWithNewModule fstream-ignore@1.0.5 checking installable status
201 http fetch GET 200 https://registry.npmjs.org/ms 34ms
202 http fetch GET 200 https://registry.npmjs.org/ms/-/ms-2.0.0.tgz 26ms
203 silly pacote version manifest for ms@2.0.0 fetched in 61ms
204 silly resolveWithNewModule ms@2.0.0 checking installable status
205 http fetch GET 200 https://registry.npmjs.org/mkdirp 71ms
206 http fetch GET 200 https://registry.npmjs.org/mkdirp/-/mkdirp-0.5.6.tgz 27ms
207 silly pacote range manifest for mkdirp@>=0.5 0 fetched in 100ms
208 silly resolveWithNewModule mkdirp@0.5.6 checking installable status
209 http fetch GET 200 https://registry.npmjs.org/minimist 29ms
210 http fetch GET 200 https://registry.npmjs.org/minimist/-/minimist-1.2.8.tgz 24ms
211 silly pacote range manifest for minimist@^1.2.6 fetched in 54ms
212 silly resolveWithNewModule minimist@1.2.8 checking installable status
213 http fetch GET 200 https://registry.npmjs.org/glob 27ms
214 http fetch GET 200 https://registry.npmjs.org/glob/-/glob-7.2.3.tgz 26ms
215 silly pacote range manifest for glob@^7.1.3 fetched in 56ms
216 silly resolveWithNewModule glob@7.2.3 checking installable status
217 http fetch GET 200 https://registry.npmjs.org/inflight 28ms
218 http fetch GET 200 https://registry.npmjs.org/fs.realpath 32ms
219 http fetch GET 200 https://registry.npmjs.org/path-is-absolute 32ms
220 http fetch GET 200 https://registry.npmjs.org/minimatch 37ms
221 http fetch GET 200 https://registry.npmjs.org/fs.realpath/-/fs.realpath-1.0.0.tgz 24ms
222 silly pacote range manifest for fs.realpath@^1.0.0 fetched in 57ms
223 silly resolveWithNewModule fs.realpath@1.0.0 checking installable status
224 http fetch GET 200 https://registry.npmjs.org/inflight/-/inflight-1.0.6.tgz 32ms
225 http fetch GET 200 https://registry.npmjs.org/minimatch/-/minimatch-3.1.2.tgz 24ms
226 silly pacote range manifest for inflight@^1.0.4 fetched in 63ms
227 silly resolveWithNewModule inflight@1.0.6 checking installable status
228 silly pacote range manifest for minimatch@^3.1.1 fetched in 65ms
229 silly resolveWithNewModule minimatch@3.1.2 checking installable status
230 http fetch GET 200 https://registry.npmjs.org/path-is-absolute/-/path-is-absolute-1.0.1.tgz 33ms
231 silly pacote range manifest for path-is-absolute@^1.0.0 fetched in 67ms
232 silly resolveWithNewModule path-is-absolute@1.0.1 checking installable status
233 http fetch GET 200 https://registry.npmjs.org/wrappy 28ms
234 http fetch GET 200 https://registry.npmjs.org/wrappy/-/wrappy-1.0.2.tgz 25ms
235 silly pacote range manifest for wrappy@1 fetched in 54ms
236 silly resolveWithNewModule wrappy@1.0.2 checking installable status
237 http fetch GET 200 https://registry.npmjs.org/brace-expansion 24ms
238 http fetch GET 200 https://registry.npmjs.org/brace-expansion/-/brace-expansion-1.1.11.tgz 28ms
239 silly pacote range manifest for brace-expansion@^1.1.7 fetched in 54ms
240 silly resolveWithNewModule brace-expansion@1.1.11 checking installable status
241 http fetch GET 200 https://registry.npmjs.org/concat-map 26ms
242 http fetch GET 200 https://registry.npmjs.org/balanced-match 29ms
243 http fetch GET 200 https://registry.npmjs.org/concat-map/-/concat-map-0.0.1.tgz 25ms
244 silly pacote version manifest for concat-map@0.0.1 fetched in 53ms
245 silly resolveWithNewModule concat-map@0.0.1 checking installable status
246 http fetch GET 200 https://registry.npmjs.org/balanced-match/-/balanced-match-1.0.2.tgz 26ms
247 silly pacote range manifest for balanced-match@^1.0.0 fetched in 56ms
248 silly resolveWithNewModule balanced-match@1.0.2 checking installable status
249 http fetch GET 200 https://registry.npmjs.org/safe-buffer 30ms
250 http fetch GET 200 https://registry.npmjs.org/process-nextick-args 31ms
251 http fetch GET 200 https://registry.npmjs.org/string_decoder/-/string_decoder-1.1.1.tgz 30ms
252 silly pacote range manifest for string_decoder@~1.1.1 fetched in 35ms
253 silly resolveWithNewModule string_decoder@1.1.1 checking installable status
254 http fetch GET 200 https://registry.npmjs.org/util-deprecate 35ms
255 http fetch GET 200 https://registry.npmjs.org/isarray/-/isarray-1.0.0.tgz 36ms
256 silly pacote range manifest for isarray@~1.0.0 fetched in 38ms
257 silly resolveWithNewModule isarray@1.0.0 checking installable status
258 http fetch GET 200 https://registry.npmjs.org/process-nextick-args/-/process-nextick-args-2.0.1.tgz 26ms
259 silly pacote range manifest for process-nextick-args@~2.0.0 fetched in 59ms
260 silly resolveWithNewModule process-nextick-args@2.0.1 checking installable status
261 http fetch GET 200 https://registry.npmjs.org/util-deprecate/-/util-deprecate-1.0.2.tgz 26ms
262 silly pacote range manifest for util-deprecate@~1.0.1 fetched in 64ms
263 silly resolveWithNewModule util-deprecate@1.0.2 checking installable status
264 http fetch GET 200 https://registry.npmjs.org/safe-buffer/-/safe-buffer-5.1.2.tgz 47ms
265 silly pacote range manifest for safe-buffer@~5.1.1 fetched in 79ms
266 silly resolveWithNewModule safe-buffer@5.1.2 checking installable status
267 http fetch GET 200 https://registry.npmjs.org/block-stream 66ms
268 http fetch GET 200 https://registry.npmjs.org/block-stream/-/block-stream-0.0.9.tgz 26ms
269 silly pacote range manifest for block-stream@* fetched in 94ms
270 silly resolveWithNewModule block-stream@0.0.9 checking installable status
271 http fetch GET 200 https://registry.npmjs.org/rimraf/-/rimraf-5.0.5.tgz 30ms
272 silly pacote range manifest for rimraf@^5.0.5 fetched in 32ms
273 silly resolveWithNewModule rimraf@5.0.5 checking installable status
274 http fetch GET 200 https://registry.npmjs.org/glob/-/glob-10.3.10.tgz 30ms
275 silly pacote range manifest for glob@^10.3.7 fetched in 32ms
276 silly resolveWithNewModule glob@10.3.10 checking installable status
277 http fetch GET 200 https://registry.npmjs.org/minimatch/-/minimatch-9.0.3.tgz 30ms
278 silly pacote range manifest for minimatch@^9.0.1 fetched in 33ms
279 silly resolveWithNewModule minimatch@9.0.3 checking installable status
280 http fetch GET 200 https://registry.npmjs.org/path-scurry 39ms
281 http fetch GET 200 https://registry.npmjs.org/foreground-child 41ms
282 http fetch GET 200 https://registry.npmjs.org/minipass 48ms
283 http fetch GET 200 https://registry.npmjs.org/jackspeak 57ms
284 http fetch GET 200 https://registry.npmjs.org/foreground-child/-/foreground-child-3.1.1.tgz 25ms
285 http fetch GET 200 https://registry.npmjs.org/path-scurry/-/path-scurry-1.10.1.tgz 27ms
286 silly pacote range manifest for foreground-child@^3.1.0 fetched in 68ms
287 silly resolveWithNewModule foreground-child@3.1.1 checking installable status
288 silly pacote range manifest for path-scurry@^1.10.1 fetched in 69ms
289 silly resolveWithNewModule path-scurry@1.10.1 checking installable status
290 http fetch GET 200 https://registry.npmjs.org/minipass/-/minipass-7.0.4.tgz 28ms
291 silly pacote range manifest for minipass@^5.0.0 || ^6.0.2 || ^7.0.0 fetched in 79ms
292 silly resolveWithNewModule minipass@7.0.4 checking installable status
293 http fetch GET 200 https://registry.npmjs.org/jackspeak/-/jackspeak-2.3.6.tgz 26ms
294 silly pacote range manifest for jackspeak@^2.3.5 fetched in 84ms
295 silly resolveWithNewModule jackspeak@2.3.6 checking installable status
296 http fetch GET 200 https://registry.npmjs.org/signal-exit 30ms
297 http fetch GET 200 https://registry.npmjs.org/signal-exit/-/signal-exit-4.1.0.tgz 26ms
298 silly pacote range manifest for signal-exit@^4.0.1 fetched in 57ms
299 silly resolveWithNewModule signal-exit@4.1.0 checking installable status
300 http fetch GET 200 https://registry.npmjs.org/@pkgjs%2fparseargs 41ms
301 http fetch GET 200 https://registry.npmjs.org/@isaacs%2fcliui 49ms
302 http fetch GET 200 https://registry.npmjs.org/@pkgjs/parseargs/-/parseargs-0.11.0.tgz 53ms
303 http fetch GET 200 https://registry.npmjs.org/@isaacs/cliui/-/cliui-8.0.2.tgz 46ms
304 silly pacote range manifest for @isaacs/cliui@^8.0.2 fetched in 98ms
305 silly resolveWithNewModule @isaacs/cliui@8.0.2 checking installable status
306 silly pacote range manifest for @pkgjs/parseargs@^0.11.0 fetched in 97ms
307 silly resolveWithNewModule @pkgjs/parseargs@0.11.0 checking installable status
308 http fetch GET 200 https://registry.npmjs.org/strip-ansi 30ms
309 http fetch GET 200 https://registry.npmjs.org/string-width 32ms
310 http fetch GET 200 https://registry.npmjs.org/strip-ansi 32ms
311 http fetch GET 200 https://registry.npmjs.org/wrap-ansi 33ms
312 http fetch GET 200 https://registry.npmjs.org/string-width 34ms
313 http fetch GET 200 https://registry.npmjs.org/wrap-ansi 37ms
314 http fetch GET 200 https://registry.npmjs.org/strip-ansi/-/strip-ansi-6.0.1.tgz 29ms
315 http fetch GET 200 https://registry.npmjs.org/wrap-ansi/-/wrap-ansi-7.0.0.tgz 22ms
316 http fetch GET 200 https://registry.npmjs.org/strip-ansi/-/strip-ansi-7.1.0.tgz 27ms
317 silly pacote alias manifest for strip-ansi-cjs@null fetched in 62ms
318 silly resolveWithNewModule strip-ansi@6.0.1 checking installable status
319 silly pacote alias manifest for wrap-ansi-cjs@null fetched in 63ms
320 silly resolveWithNewModule wrap-ansi@7.0.0 checking installable status
321 http fetch GET 200 https://registry.npmjs.org/string-width/-/string-width-5.1.2.tgz 27ms
322 silly pacote range manifest for strip-ansi@^7.0.1 fetched in 63ms
323 silly resolveWithNewModule strip-ansi@7.1.0 checking installable status
324 silly pacote range manifest for string-width@^5.1.2 fetched in 66ms
325 silly resolveWithNewModule string-width@5.1.2 checking installable status
326 http fetch GET 200 https://registry.npmjs.org/wrap-ansi/-/wrap-ansi-8.1.0.tgz 32ms
327 silly pacote range manifest for wrap-ansi@^8.1.0 fetched in 68ms
328 silly resolveWithNewModule wrap-ansi@8.1.0 checking installable status
329 http fetch GET 200 https://registry.npmjs.org/string-width/-/string-width-4.2.3.tgz 35ms
330 silly pacote alias manifest for string-width-cjs@null fetched in 70ms
331 silly resolveWithNewModule string-width@4.2.3 checking installable status
332 http fetch GET 200 https://registry.npmjs.org/eastasianwidth 24ms
333 http fetch GET 200 https://registry.npmjs.org/emoji-regex 34ms
334 http fetch GET 200 https://registry.npmjs.org/eastasianwidth/-/eastasianwidth-0.2.0.tgz 26ms
335 silly pacote range manifest for eastasianwidth@^0.2.0 fetched in 51ms
336 silly resolveWithNewModule eastasianwidth@0.2.0 checking installable status
337 http fetch GET 200 https://registry.npmjs.org/emoji-regex/-/emoji-regex-9.2.2.tgz 29ms
338 silly pacote range manifest for emoji-regex@^9.2.2 fetched in 65ms
339 silly resolveWithNewModule emoji-regex@9.2.2 checking installable status
340 http fetch GET 200 https://registry.npmjs.org/ansi-regex 29ms
341 http fetch GET 200 https://registry.npmjs.org/ansi-regex/-/ansi-regex-6.0.1.tgz 23ms
342 silly pacote range manifest for ansi-regex@^6.0.1 fetched in 54ms
343 silly resolveWithNewModule ansi-regex@6.0.1 checking installable status
344 http fetch GET 200 https://registry.npmjs.org/strip-ansi/-/strip-ansi-6.0.1.tgz 4ms (from cache)
345 silly pacote range manifest for strip-ansi@^6.0.1 fetched in 6ms
346 silly resolveWithNewModule strip-ansi@6.0.1 checking installable status
347 http fetch GET 200 https://registry.npmjs.org/emoji-regex/-/emoji-regex-8.0.0.tgz 24ms
348 http fetch GET 200 https://registry.npmjs.org/is-fullwidth-code-point 24ms
349 silly pacote range manifest for emoji-regex@^8.0.0 fetched in 26ms
350 silly resolveWithNewModule emoji-regex@8.0.0 checking installable status
351 http fetch GET 200 https://registry.npmjs.org/is-fullwidth-code-point/-/is-fullwidth-code-point-3.0.0.tgz 27ms
352 silly pacote range manifest for is-fullwidth-code-point@^3.0.0 fetched in 53ms
353 silly resolveWithNewModule is-fullwidth-code-point@3.0.0 checking installable status
354 http fetch GET 200 https://registry.npmjs.org/ansi-regex/-/ansi-regex-5.0.1.tgz 21ms
355 silly pacote range manifest for ansi-regex@^5.0.1 fetched in 22ms
356 silly resolveWithNewModule ansi-regex@5.0.1 checking installable status
357 silly pacote range manifest for ansi-regex@^5.0.1 fetched in 1ms
358 silly resolveWithNewModule ansi-regex@5.0.1 checking installable status
359 http fetch GET 200 https://registry.npmjs.org/ansi-styles/-/ansi-styles-6.2.1.tgz 29ms
360 silly pacote range manifest for ansi-styles@^6.1.0 fetched in 30ms
361 silly resolveWithNewModule ansi-styles@6.2.1 checking installable status
362 silly pacote range manifest for strip-ansi@^6.0.0 fetched in 1ms
363 silly resolveWithNewModule strip-ansi@6.0.1 checking installable status
364 http fetch GET 200 https://registry.npmjs.org/string-width/-/string-width-4.2.3.tgz 1ms (from cache)
365 silly pacote range manifest for string-width@^4.1.0 fetched in 3ms
366 silly resolveWithNewModule string-width@4.2.3 checking installable status
367 silly pacote range manifest for emoji-regex@^8.0.0 fetched in 0ms
368 silly resolveWithNewModule emoji-regex@8.0.0 checking installable status
369 silly pacote range manifest for ansi-regex@^5.0.1 fetched in 1ms
370 silly resolveWithNewModule ansi-regex@5.0.1 checking installable status
371 http fetch GET 200 https://registry.npmjs.org/brace-expansion/-/brace-expansion-2.0.1.tgz 30ms
372 silly pacote range manifest for brace-expansion@^2.0.1 fetched in 31ms
373 silly resolveWithNewModule brace-expansion@2.0.1 checking installable status
374 http fetch GET 200 https://registry.npmjs.org/lru-cache/-/lru-cache-10.2.0.tgz 27ms
375 silly pacote range manifest for lru-cache@^9.1.1 || ^10.0.0 fetched in 28ms
376 silly resolveWithNewModule lru-cache@10.2.0 checking installable status
377 http fetch GET 200 https://registry.npmjs.org/builtins 24ms
378 http fetch GET 200 https://registry.npmjs.org/builtins/-/builtins-1.0.3.tgz 23ms
379 silly pacote range manifest for builtins@^1.0.3 fetched in 47ms
380 silly resolveWithNewModule builtins@1.0.3 checking installable status
381 timing stage:loadIdealTree:loadAllDepsIntoIdealTree Completed in 3329ms
382 timing stage:loadIdealTree Completed in 3341ms
383 silly currentTree lib
384 silly idealTree lib
384 silly idealTree └─┬ create-react-app@5.0.1
384 silly idealTree   ├── @isaacs/cliui@8.0.2
384 silly idealTree   ├── @pkgjs/parseargs@0.11.0
384 silly idealTree   ├── ansi-regex@6.0.1
384 silly idealTree   ├── ansi-styles@4.3.0
384 silly idealTree   ├── balanced-match@1.0.2
384 silly idealTree   ├── block-stream@0.0.9
384 silly idealTree   ├── brace-expansion@1.1.11
384 silly idealTree   ├── buffer-from@0.1.2
384 silly idealTree   ├── builtins@1.0.3
384 silly idealTree   ├── chalk@4.1.2
384 silly idealTree   ├── color-convert@2.0.1
384 silly idealTree   ├── color-name@1.1.4
384 silly idealTree   ├── commander@4.1.1
384 silly idealTree   ├── concat-map@0.0.1
384 silly idealTree   ├── core-util-is@1.0.3
384 silly idealTree   ├── cross-spawn@7.0.3
384 silly idealTree   ├── debug@2.6.9
384 silly idealTree   ├── duplexer2@0.0.2
384 silly idealTree   ├── eastasianwidth@0.2.0
384 silly idealTree   ├── emoji-regex@9.2.2
384 silly idealTree   ├── envinfo@7.11.1
384 silly idealTree   ├── foreground-child@3.1.1
384 silly idealTree   ├── fs-extra@10.1.0
384 silly idealTree   ├── fs.realpath@1.0.0
384 silly idealTree   ├── fstream-ignore@1.0.5
384 silly idealTree   ├── fstream@1.0.12
384 silly idealTree   ├── glob@7.2.3
384 silly idealTree   ├── graceful-fs@4.2.11
384 silly idealTree   ├── has-flag@4.0.0
384 silly idealTree   ├── hyperquest@2.1.3
384 silly idealTree   ├── inflight@1.0.6
384 silly idealTree   ├── inherits@2.0.4
384 silly idealTree   ├── is-fullwidth-code-point@3.0.0
384 silly idealTree   ├── isarray@0.0.1
384 silly idealTree   ├── isexe@2.0.0
384 silly idealTree   ├── jackspeak@2.3.6
384 silly idealTree   ├── jsonfile@6.1.0
384 silly idealTree   ├── kleur@3.0.3
384 silly idealTree   ├── lru-cache@6.0.0
384 silly idealTree   ├── minimatch@3.1.2
384 silly idealTree   ├── minimist@1.2.8
384 silly idealTree   ├── minipass@7.0.4
384 silly idealTree   ├── mkdirp@0.5.6
384 silly idealTree   ├── ms@2.0.0
384 silly idealTree   ├── once@1.4.0
384 silly idealTree   ├── path-is-absolute@1.0.1
384 silly idealTree   ├── path-key@3.1.1
384 silly idealTree   ├─┬ path-scurry@1.10.1
384 silly idealTree   │ └── lru-cache@10.2.0
384 silly idealTree   ├── process-nextick-args@2.0.1
384 silly idealTree   ├── prompts@2.4.2
384 silly idealTree   ├── readable-stream@1.1.14
384 silly idealTree   ├── rimraf@2.7.1
384 silly idealTree   ├── safe-buffer@5.1.2
384 silly idealTree   ├── semver@7.6.0
384 silly idealTree   ├── shebang-command@2.0.0
384 silly idealTree   ├── shebang-regex@3.0.0
384 silly idealTree   ├── signal-exit@4.1.0
384 silly idealTree   ├── sisteransi@1.0.5
384 silly idealTree   ├── string_decoder@0.10.31
384 silly idealTree   ├─┬ string-width@4.2.3
384 silly idealTree   │ ├── ansi-regex@5.0.1
384 silly idealTree   │ ├── emoji-regex@8.0.0
384 silly idealTree   │ └── strip-ansi@6.0.1
384 silly idealTree   ├── string-width@5.1.2
384 silly idealTree   ├─┬ strip-ansi@6.0.1
384 silly idealTree   │ └── ansi-regex@5.0.1
384 silly idealTree   ├── strip-ansi@7.1.0
384 silly idealTree   ├── supports-color@7.2.0
384 silly idealTree   ├─┬ tar-pack@3.4.1
384 silly idealTree   │ ├── isarray@1.0.0
384 silly idealTree   │ ├── readable-stream@2.3.8
384 silly idealTree   │ └── string_decoder@1.1.1
384 silly idealTree   ├── tar@2.2.2
384 silly idealTree   ├─┬ through2@0.6.5
384 silly idealTree   │ └── readable-stream@1.0.34
384 silly idealTree   ├─┬ tmp@0.2.2
384 silly idealTree   │ ├── brace-expansion@2.0.1
384 silly idealTree   │ ├── glob@10.3.10
384 silly idealTree   │ ├── minimatch@9.0.3
384 silly idealTree   │ └── rimraf@5.0.5
384 silly idealTree   ├── uid-number@0.0.6
384 silly idealTree   ├── universalify@2.0.1
384 silly idealTree   ├── util-deprecate@1.0.2
384 silly idealTree   ├── validate-npm-package-name@3.0.0
384 silly idealTree   ├── which@2.0.2
384 silly idealTree   ├─┬ wrap-ansi@7.0.0
384 silly idealTree   │ ├── ansi-regex@5.0.1
384 silly idealTree   │ ├── emoji-regex@8.0.0
384 silly idealTree   │ ├── string-width@4.2.3
384 silly idealTree   │ └── strip-ansi@6.0.1
384 silly idealTree   ├─┬ wrap-ansi@8.1.0
384 silly idealTree   │ └── ansi-styles@6.2.1
384 silly idealTree   ├── wrappy@1.0.2
384 silly idealTree   ├── xtend@4.0.2
384 silly idealTree   └── yallist@4.0.0
385 silly install generateActionsToTake
386 warn checkPermissions Missing write access to /usr/local/lib
387 timing stage:rollbackFailedOptional Completed in 1ms
388 timing stage:runTopLevelLifecycles Completed in 3925ms
389 warn notsup Unsupported engine for create-react-app@5.0.1: wanted: {"node":">=14"} (current: {"node":"10.19.0","npm":"6.14.4"})
390 warn notsup Not compatible with your version of node/npm: create-react-app@5.0.1
391 verbose notsup Not compatible with your version of node/npm: create-react-app@5.0.1
391 verbose notsup Required: {"node":">=14"}
391 verbose notsup Actual:   {"npm":"6.14.4","node":"10.19.0"}
392 warn notsup Unsupported engine for tmp@0.2.2: wanted: {"node":">=14"} (current: {"node":"10.19.0","npm":"6.14.4"})
393 warn notsup Not compatible with your version of node/npm: tmp@0.2.2
394 verbose notsup Not compatible with your version of node/npm: tmp@0.2.2
394 verbose notsup Required: {"node":">=14"}
394 verbose notsup Actual:   {"npm":"6.14.4","node":"10.19.0"}
395 warn notsup Unsupported engine for fs-extra@10.1.0: wanted: {"node":">=12"} (current: {"node":"10.19.0","npm":"6.14.4"})
396 warn notsup Not compatible with your version of node/npm: fs-extra@10.1.0
397 verbose notsup Not compatible with your version of node/npm: fs-extra@10.1.0
397 verbose notsup Required: {"node":">=12"}
397 verbose notsup Actual:   {"npm":"6.14.4","node":"10.19.0"}
398 warn notsup Unsupported engine for rimraf@5.0.5: wanted: {"node":">=14"} (current: {"node":"10.19.0","npm":"6.14.4"})
399 warn notsup Not compatible with your version of node/npm: rimraf@5.0.5
400 verbose notsup Not compatible with your version of node/npm: rimraf@5.0.5
400 verbose notsup Required: {"node":">=14"}
400 verbose notsup Actual:   {"npm":"6.14.4","node":"10.19.0"}
401 warn notsup Unsupported engine for glob@10.3.10: wanted: {"node":">=16 || 14 >=14.17"} (current: {"node":"10.19.0","npm":"6.14.4"})
402 warn notsup Not compatible with your version of node/npm: glob@10.3.10
403 verbose notsup Not compatible with your version of node/npm: glob@10.3.10
403 verbose notsup Required: {"node":">=16 || 14 >=14.17"}
403 verbose notsup Actual:   {"npm":"6.14.4","node":"10.19.0"}
404 warn notsup Unsupported engine for minimatch@9.0.3: wanted: {"node":">=16 || 14 >=14.17"} (current: {"node":"10.19.0","npm":"6.14.4"})
405 warn notsup Not compatible with your version of node/npm: minimatch@9.0.3
406 verbose notsup Not compatible with your version of node/npm: minimatch@9.0.3
406 verbose notsup Required: {"node":">=16 || 14 >=14.17"}
406 verbose notsup Actual:   {"npm":"6.14.4","node":"10.19.0"}
407 warn notsup Unsupported engine for foreground-child@3.1.1: wanted: {"node":">=14"} (current: {"node":"10.19.0","npm":"6.14.4"})
408 warn notsup Not compatible with your version of node/npm: foreground-child@3.1.1
409 verbose notsup Not compatible with your version of node/npm: foreground-child@3.1.1
409 verbose notsup Required: {"node":">=14"}
409 verbose notsup Actual:   {"npm":"6.14.4","node":"10.19.0"}
410 warn notsup Unsupported engine for path-scurry@1.10.1: wanted: {"node":">=16 || 14 >=14.17"} (current: {"node":"10.19.0","npm":"6.14.4"})
411 warn notsup Not compatible with your version of node/npm: path-scurry@1.10.1
412 verbose notsup Not compatible with your version of node/npm: path-scurry@1.10.1
412 verbose notsup Required: {"node":">=16 || 14 >=14.17"}
412 verbose notsup Actual:   {"npm":"6.14.4","node":"10.19.0"}
413 warn notsup Unsupported engine for minipass@7.0.4: wanted: {"node":">=16 || 14 >=14.17"} (current: {"node":"10.19.0","npm":"6.14.4"})
414 warn notsup Not compatible with your version of node/npm: minipass@7.0.4
415 verbose notsup Not compatible with your version of node/npm: minipass@7.0.4
415 verbose notsup Required: {"node":">=16 || 14 >=14.17"}
415 verbose notsup Actual:   {"npm":"6.14.4","node":"10.19.0"}
416 warn notsup Unsupported engine for jackspeak@2.3.6: wanted: {"node":">=14"} (current: {"node":"10.19.0","npm":"6.14.4"})
417 warn notsup Not compatible with your version of node/npm: jackspeak@2.3.6
418 verbose notsup Not compatible with your version of node/npm: jackspeak@2.3.6
418 verbose notsup Required: {"node":">=14"}
418 verbose notsup Actual:   {"npm":"6.14.4","node":"10.19.0"}
419 warn notsup Unsupported engine for signal-exit@4.1.0: wanted: {"node":">=14"} (current: {"node":"10.19.0","npm":"6.14.4"})
420 warn notsup Not compatible with your version of node/npm: signal-exit@4.1.0
421 verbose notsup Not compatible with your version of node/npm: signal-exit@4.1.0
421 verbose notsup Required: {"node":">=14"}
421 verbose notsup Actual:   {"npm":"6.14.4","node":"10.19.0"}
422 warn notsup Unsupported engine for @isaacs/cliui@8.0.2: wanted: {"node":">=12"} (current: {"node":"10.19.0","npm":"6.14.4"})
423 warn notsup Not compatible with your version of node/npm: @isaacs/cliui@8.0.2
424 verbose notsup Not compatible with your version of node/npm: @isaacs/cliui@8.0.2
424 verbose notsup Required: {"node":">=12"}
424 verbose notsup Actual:   {"npm":"6.14.4","node":"10.19.0"}
425 warn notsup Unsupported engine for @pkgjs/parseargs@0.11.0: wanted: {"node":">=14"} (current: {"node":"10.19.0","npm":"6.14.4"})
426 warn notsup Not compatible with your version of node/npm: @pkgjs/parseargs@0.11.0
427 verbose notsup Not compatible with your version of node/npm: @pkgjs/parseargs@0.11.0
427 verbose notsup Required: {"node":">=14"}
427 verbose notsup Actual:   {"npm":"6.14.4","node":"10.19.0"}
428 warn notsup Unsupported engine for strip-ansi@7.1.0: wanted: {"node":">=12"} (current: {"node":"10.19.0","npm":"6.14.4"})
429 warn notsup Not compatible with your version of node/npm: strip-ansi@7.1.0
430 verbose notsup Not compatible with your version of node/npm: strip-ansi@7.1.0
430 verbose notsup Required: {"node":">=12"}
430 verbose notsup Actual:   {"npm":"6.14.4","node":"10.19.0"}
431 warn notsup Unsupported engine for string-width@5.1.2: wanted: {"node":">=12"} (current: {"node":"10.19.0","npm":"6.14.4"})
432 warn notsup Not compatible with your version of node/npm: string-width@5.1.2
433 verbose notsup Not compatible with your version of node/npm: string-width@5.1.2
433 verbose notsup Required: {"node":">=12"}
433 verbose notsup Actual:   {"npm":"6.14.4","node":"10.19.0"}
434 warn notsup Unsupported engine for wrap-ansi@8.1.0: wanted: {"node":">=12"} (current: {"node":"10.19.0","npm":"6.14.4"})
435 warn notsup Not compatible with your version of node/npm: wrap-ansi@8.1.0
436 verbose notsup Not compatible with your version of node/npm: wrap-ansi@8.1.0
436 verbose notsup Required: {"node":">=12"}
436 verbose notsup Actual:   {"npm":"6.14.4","node":"10.19.0"}
437 warn notsup Unsupported engine for ansi-regex@6.0.1: wanted: {"node":">=12"} (current: {"node":"10.19.0","npm":"6.14.4"})
438 warn notsup Not compatible with your version of node/npm: ansi-regex@6.0.1
439 verbose notsup Not compatible with your version of node/npm: ansi-regex@6.0.1
439 verbose notsup Required: {"node":">=12"}
439 verbose notsup Actual:   {"npm":"6.14.4","node":"10.19.0"}
440 warn notsup Unsupported engine for ansi-styles@6.2.1: wanted: {"node":">=12"} (current: {"node":"10.19.0","npm":"6.14.4"})
441 warn notsup Not compatible with your version of node/npm: ansi-styles@6.2.1
442 verbose notsup Not compatible with your version of node/npm: ansi-styles@6.2.1
442 verbose notsup Required: {"node":">=12"}
442 verbose notsup Actual:   {"npm":"6.14.4","node":"10.19.0"}
443 warn notsup Unsupported engine for lru-cache@10.2.0: wanted: {"node":"14 || >=16.14"} (current: {"node":"10.19.0","npm":"6.14.4"})
444 warn notsup Not compatible with your version of node/npm: lru-cache@10.2.0
445 verbose notsup Not compatible with your version of node/npm: lru-cache@10.2.0
445 verbose notsup Required: {"node":"14 || >=16.14"}
445 verbose notsup Actual:   {"npm":"6.14.4","node":"10.19.0"}
446 verbose stack Error: EACCES: permission denied, access '/usr/local/lib'
447 verbose cwd /home/khj415
448 verbose Linux 5.10.16.3-microsoft-standard-WSL2
449 verbose argv "/usr/bin/node" "/usr/bin/npm" "install" "-g" "create-react-app"
450 verbose node v10.19.0
451 verbose npm  v6.14.4
452 error code EACCES
453 error syscall access
454 error path /usr/local/lib
455 error errno -13
456 error Error: EACCES: permission denied, access '/usr/local/lib'
456 error  { [Error: EACCES: permission denied, access '/usr/local/lib']
456 error   stack:
456 error    'Error: EACCES: permission denied, access \'/usr/local/lib\'',
456 error   errno: -13,
456 error   code: 'EACCES',
456 error   syscall: 'access',
456 error   path: '/usr/local/lib' }
457 error The operation was rejected by your operating system.
457 error It is likely you do not have the permissions to access this file as the current user
457 error
457 error If you believe this might be a permissions issue, please double-check the
457 error permissions of the file and its containing directories, or try running
457 error the command again as root/Administrator.
458 verbose exit [ -13, true ]
