["INFO" - 9:44:05 PM] Extension Name: esbenp.prettier-vscode.
["INFO" - 9:44:05 PM] Extension Version: 10.1.0.
["INFO" - 9:48:51 PM] Formatting file:///home/khj415/frontend/src/container/pages/Community/CommunityList.js
["INFO" - 9:48:51 PM] PrettierInstance:
{
  "modulePath": "/home/khj415/frontend/node_modules/prettier/index.cjs",
  "importResolver": {},
  "callMethodResolvers": {},
  "currentCallMethodId": 26,
  "version": "3.2.5"
}
["INFO" - 9:48:51 PM] Using ignore file (if present) at /home/khj415/frontend/.prettierignore
["INFO" - 9:48:51 PM] File Info:
{
  "ignored": false,
  "inferredParser": "babel"
}
["INFO" - 9:48:51 PM] No local configuration (i.e. .prettierrc or .editorconfig) detected, falling back to VS Code configuration
["INFO" - 9:48:51 PM] Prettier Options:
{
  "arrowParens": "always",
  "bracketSpacing": true,
  "endOfLine": "lf",
  "htmlWhitespaceSensitivity": "css",
  "insertPragma": false,
  "singleAttributePerLine": false,
  "bracketSameLine": false,
  "jsxBracketSameLine": false,
  "jsxSingleQuote": false,
  "printWidth": 80,
  "proseWrap": "preserve",
  "quoteProps": "as-needed",
  "requirePragma": false,
  "semi": true,
  "singleQuote": false,
  "tabWidth": 2,
  "trailingComma": "es5",
  "useTabs": false,
  "embeddedLanguageFormatting": "auto",
  "vueIndentScriptAndStyle": false,
  "filepath": "/home/khj415/frontend/src/container/pages/Community/CommunityList.js",
  "parser": "babel"
}
["INFO" - 9:48:51 PM] Formatting completed in 77ms.
["INFO" - 9:50:07 PM] Formatting file:///home/khj415/frontend/src/container/pages/Community/CommunityList.js
["INFO" - 9:50:07 PM] PrettierInstance:
{
  "modulePath": "/home/khj415/frontend/node_modules/prettier/index.cjs",
  "importResolver": {},
  "callMethodResolvers": {},
  "currentCallMethodId": 54,
  "version": "3.2.5"
}
["INFO" - 9:50:07 PM] Using ignore file (if present) at /home/khj415/frontend/.prettierignore
["INFO" - 9:50:07 PM] File Info:
{
  "ignored": false,
  "inferredParser": "babel"
}
["INFO" - 9:50:07 PM] No local configuration (i.e. .prettierrc or .editorconfig) detected, falling back to VS Code configuration
["INFO" - 9:50:07 PM] Prettier Options:
{
  "arrowParens": "always",
  "bracketSpacing": true,
  "endOfLine": "lf",
  "htmlWhitespaceSensitivity": "css",
  "insertPragma": false,
  "singleAttributePerLine": false,
  "bracketSameLine": false,
  "jsxBracketSameLine": false,
  "jsxSingleQuote": false,
  "printWidth": 80,
  "proseWrap": "preserve",
  "quoteProps": "as-needed",
  "requirePragma": false,
  "semi": true,
  "singleQuote": false,
  "tabWidth": 2,
  "trailingComma": "es5",
  "useTabs": false,
  "embeddedLanguageFormatting": "auto",
  "vueIndentScriptAndStyle": false,
  "filepath": "/home/khj415/frontend/src/container/pages/Community/CommunityList.js",
  "parser": "babel"
}
["INFO" - 9:50:07 PM] Formatting completed in 30ms.
