2024-03-06 13:27:48.651 [info] 로그 수준: Info
2024-03-06 13:27:48.651 [info] "git"에서 찾은 git 유효성을 검사하는 중
2024-03-06 13:27:48.651 [info] "2.25.1"에서 git "git"을(를) 사용하는 중
2024-03-06 13:27:48.651 [info] > git rev-parse --show-toplevel [9ms]
2024-03-06 13:27:48.651 [info] fatal: not a git repository (or any of the parent directories): .git
2024-03-06 13:27:48.652 [info] > git rev-parse --show-toplevel [4ms]
2024-03-06 13:27:48.652 [info] fatal: not a git repository (or any of the parent directories): .git
2024-03-06 13:27:48.658 [info] > git rev-parse --show-toplevel [4ms]
2024-03-06 13:27:48.658 [info] fatal: not a git repository (or any of the parent directories): .git
2024-03-06 13:27:48.732 [info] > git rev-parse --show-toplevel [71ms]
2024-03-06 13:27:48.732 [info] fatal: not a git repository (or any of the parent directories): .git
2024-03-06 13:41:49.705 [info] > git rev-parse --show-toplevel [2ms]
2024-03-06 13:41:49.705 [info] fatal: not a git repository (or any of the parent directories): .git
2024-03-06 13:42:09.362 [info] > git rev-parse --show-toplevel [1ms]
2024-03-06 13:42:09.362 [info] fatal: not a git repository (or any of the parent directories): .git
2024-03-06 13:45:43.903 [info] > git rev-parse --show-toplevel [1ms]
2024-03-06 13:45:43.903 [info] fatal: not a git repository (or any of the parent directories): .git
2024-03-06 13:45:48.467 [info] > git rev-parse --show-toplevel [2ms]
2024-03-06 13:45:48.467 [info] fatal: not a git repository (or any of the parent directories): .git
2024-03-06 13:46:13.152 [info] > git rev-parse --show-toplevel [1ms]
2024-03-06 13:46:13.152 [info] fatal: not a git repository (or any of the parent directories): .git
2024-03-06 13:51:14.164 [info] > git rev-parse --show-toplevel [1ms]
2024-03-06 13:51:14.164 [info] fatal: not a git repository (or any of the parent directories): .git
2024-03-06 13:51:45.157 [info] > git rev-parse --show-toplevel [2ms]
2024-03-06 13:51:45.157 [info] fatal: not a git repository (or any of the parent directories): .git
2024-03-06 13:51:54.973 [info] > git rev-parse --show-toplevel [1ms]
2024-03-06 13:51:54.973 [info] fatal: not a git repository (or any of the parent directories): .git
2024-03-06 13:54:10.864 [info] > git rev-parse --show-toplevel [3ms]
2024-03-06 13:54:10.864 [info] fatal: not a git repository (or any of the parent directories): .git
2024-03-06 13:54:29.276 [info] > git rev-parse --show-toplevel [1ms]
2024-03-06 13:54:29.276 [info] fatal: not a git repository (or any of the parent directories): .git
2024-03-06 13:55:20.032 [info] > git rev-parse --show-toplevel [2ms]
2024-03-06 13:55:20.032 [info] fatal: not a git repository (or any of the parent directories): .git
2024-03-06 13:56:16.480 [info] > git rev-parse --show-toplevel [1ms]
2024-03-06 13:56:16.480 [info] fatal: not a git repository (or any of the parent directories): .git
2024-03-06 13:57:53.683 [info] > git rev-parse --show-toplevel [1ms]
2024-03-06 13:57:53.683 [info] fatal: not a git repository (or any of the parent directories): .git
2024-03-06 13:58:44.152 [info] > git rev-parse --show-toplevel [1ms]
2024-03-06 13:58:44.153 [info] fatal: not a git repository (or any of the parent directories): .git
2024-03-06 13:59:36.477 [info] > git rev-parse --show-toplevel [1ms]
2024-03-06 13:59:36.477 [info] fatal: not a git repository (or any of the parent directories): .git
2024-03-06 14:08:51.069 [info] > git rev-parse --show-toplevel [2ms]
2024-03-06 14:08:51.069 [info] fatal: not a git repository (or any of the parent directories): .git
2024-03-06 14:25:31.253 [info] > git rev-parse --show-toplevel [2ms]
2024-03-06 14:25:31.253 [info] fatal: not a git repository (or any of the parent directories): .git
2024-03-06 14:38:01.145 [info] > git rev-parse --show-toplevel [2ms]
2024-03-06 14:38:01.145 [info] fatal: not a git repository (or any of the parent directories): .git
2024-03-06 14:38:16.670 [info] > git rev-parse --show-toplevel [1ms]
2024-03-06 14:38:16.670 [info] fatal: not a git repository (or any of the parent directories): .git
2024-03-06 14:38:22.743 [info] > git rev-parse --show-toplevel [1ms]
2024-03-06 14:38:22.743 [info] fatal: not a git repository (or any of the parent directories): .git
2024-03-06 14:38:44.135 [info] > git rev-parse --show-toplevel [2ms]
2024-03-06 14:38:44.135 [info] fatal: not a git repository (or any of the parent directories): .git
2024-03-06 15:58:19.037 [info] > git rev-parse --show-toplevel [3ms]
2024-03-06 15:58:19.037 [info] fatal: not a git repository (or any of the parent directories): .git
2024-03-06 15:58:22.348 [info] > git rev-parse --show-toplevel [1ms]
2024-03-06 15:58:22.348 [info] fatal: not a git repository (or any of the parent directories): .git
2024-03-06 15:58:30.029 [info] > git rev-parse --show-toplevel [2ms]
2024-03-06 15:58:30.029 [info] fatal: not a git repository (or any of the parent directories): .git
2024-03-06 15:58:32.751 [info] > git rev-parse --show-toplevel [1ms]
2024-03-06 15:58:32.752 [info] fatal: not a git repository (or any of the parent directories): .git
2024-03-06 15:58:36.176 [info] > git rev-parse --show-toplevel [1ms]
2024-03-06 15:58:36.176 [info] fatal: not a git repository (or any of the parent directories): .git
2024-03-06 15:58:38.856 [info] > git rev-parse --show-toplevel [1ms]
2024-03-06 15:58:38.856 [info] fatal: not a git repository (or any of the parent directories): .git
2024-03-06 15:59:30.640 [info] > git rev-parse --show-toplevel [1ms]
2024-03-06 15:59:30.640 [info] fatal: not a git repository (or any of the parent directories): .git
2024-03-06 16:03:30.200 [info] > git rev-parse --show-toplevel [1ms]
2024-03-06 16:03:30.200 [info] fatal: not a git repository (or any of the parent directories): .git
2024-03-06 16:03:32.148 [info] > git rev-parse --show-toplevel [1ms]
2024-03-06 16:03:32.148 [info] fatal: not a git repository (or any of the parent directories): .git
2024-03-06 16:07:18.605 [info] > git rev-parse --show-toplevel [1ms]
2024-03-06 16:07:18.605 [info] fatal: not a git repository (or any of the parent directories): .git
2024-03-06 16:50:17.825 [info] > git rev-parse --show-toplevel [2ms]
2024-03-06 16:50:17.825 [info] fatal: not a git repository (or any of the parent directories): .git
2024-03-06 17:04:33.831 [info] > git rev-parse --show-toplevel [1ms]
2024-03-06 17:04:33.831 [info] fatal: not a git repository (or any of the parent directories): .git
2024-03-06 17:04:45.555 [info] > git rev-parse --show-toplevel [1ms]
2024-03-06 17:04:45.555 [info] fatal: not a git repository (or any of the parent directories): .git
2024-03-06 17:05:21.836 [info] > git rev-parse --show-toplevel [1ms]
2024-03-06 17:05:21.836 [info] fatal: not a git repository (or any of the parent directories): .git
2024-03-06 17:05:29.385 [info] > git rev-parse --show-toplevel [1ms]
2024-03-06 17:05:29.386 [info] fatal: not a git repository (or any of the parent directories): .git
2024-03-06 17:05:53.688 [info] > git rev-parse --show-toplevel [1ms]
2024-03-06 17:05:53.688 [info] fatal: not a git repository (or any of the parent directories): .git
2024-03-06 17:07:18.945 [info] > git rev-parse --show-toplevel [1ms]
2024-03-06 17:07:18.945 [info] fatal: not a git repository (or any of the parent directories): .git
2024-03-06 17:16:14.837 [info] > git rev-parse --show-toplevel [2ms]
2024-03-06 17:16:14.837 [info] fatal: not a git repository (or any of the parent directories): .git
2024-03-06 17:16:18.019 [info] > git rev-parse --show-toplevel [1ms]
2024-03-06 17:16:18.019 [info] fatal: not a git repository (or any of the parent directories): .git
2024-03-06 17:24:52.718 [info] > git rev-parse --show-toplevel [1ms]
2024-03-06 17:24:52.718 [info] fatal: not a git repository (or any of the parent directories): .git
2024-03-06 17:25:17.926 [info] > git rev-parse --show-toplevel [1ms]
2024-03-06 17:25:17.926 [info] fatal: not a git repository (or any of the parent directories): .git
2024-03-06 17:38:48.617 [info] > git rev-parse --show-toplevel [1ms]
2024-03-06 17:38:48.617 [info] fatal: not a git repository (or any of the parent directories): .git
2024-03-06 17:39:38.813 [info] > git rev-parse --show-toplevel [1ms]
2024-03-06 17:39:38.813 [info] fatal: not a git repository (or any of the parent directories): .git
2024-03-06 17:40:13.330 [info] > git rev-parse --show-toplevel [1ms]
2024-03-06 17:40:13.330 [info] fatal: not a git repository (or any of the parent directories): .git
2024-03-06 17:40:18.966 [info] > git rev-parse --show-toplevel [2ms]
2024-03-06 17:40:18.966 [info] fatal: not a git repository (or any of the parent directories): .git
2024-03-06 17:40:23.083 [info] > git rev-parse --show-toplevel [2ms]
2024-03-06 17:40:23.083 [info] fatal: not a git repository (or any of the parent directories): .git
2024-03-06 17:40:35.629 [info] > git rev-parse --show-toplevel [1ms]
2024-03-06 17:40:35.629 [info] fatal: not a git repository (or any of the parent directories): .git
2024-03-06 17:40:40.092 [info] > git rev-parse --show-toplevel [2ms]
2024-03-06 17:40:40.092 [info] fatal: not a git repository (or any of the parent directories): .git
2024-03-06 17:40:47.173 [info] > git rev-parse --show-toplevel [3ms]
2024-03-06 17:40:47.173 [info] fatal: not a git repository (or any of the parent directories): .git
2024-03-06 17:40:48.131 [info] > git rev-parse --show-toplevel [2ms]
2024-03-06 17:40:48.131 [info] fatal: not a git repository (or any of the parent directories): .git
2024-03-06 17:40:54.711 [info] > git rev-parse --show-toplevel [1ms]
2024-03-06 17:40:54.711 [info] fatal: not a git repository (or any of the parent directories): .git
2024-03-06 17:40:58.034 [info] > git rev-parse --show-toplevel [1ms]
2024-03-06 17:40:58.034 [info] fatal: not a git repository (or any of the parent directories): .git
2024-03-06 17:41:10.477 [info] > git rev-parse --show-toplevel [1ms]
2024-03-06 17:41:10.477 [info] fatal: not a git repository (or any of the parent directories): .git
2024-03-06 17:41:13.232 [info] > git rev-parse --show-toplevel [2ms]
2024-03-06 17:41:13.232 [info] fatal: not a git repository (or any of the parent directories): .git
2024-03-06 17:41:18.934 [info] > git rev-parse --show-toplevel [1ms]
2024-03-06 17:41:18.934 [info] fatal: not a git repository (or any of the parent directories): .git
2024-03-06 17:41:34.794 [info] > git rev-parse --show-toplevel [1ms]
2024-03-06 17:41:34.794 [info] fatal: not a git repository (or any of the parent directories): .git
2024-03-06 17:41:38.247 [info] > git rev-parse --show-toplevel [1ms]
2024-03-06 17:41:38.247 [info] fatal: not a git repository (or any of the parent directories): .git
2024-03-06 17:41:47.092 [info] > git rev-parse --show-toplevel [1ms]
2024-03-06 17:41:47.092 [info] fatal: not a git repository (or any of the parent directories): .git
2024-03-06 17:42:04.950 [info] > git rev-parse --show-toplevel [2ms]
2024-03-06 17:42:04.950 [info] fatal: not a git repository (or any of the parent directories): .git
2024-03-06 17:42:07.886 [info] > git rev-parse --show-toplevel [1ms]
2024-03-06 17:42:07.886 [info] fatal: not a git repository (or any of the parent directories): .git
2024-03-06 17:42:09.672 [info] > git rev-parse --show-toplevel [1ms]
2024-03-06 17:42:09.672 [info] fatal: not a git repository (or any of the parent directories): .git
2024-03-06 17:42:14.250 [info] > git rev-parse --show-toplevel [1ms]
2024-03-06 17:42:14.250 [info] fatal: not a git repository (or any of the parent directories): .git
2024-03-06 17:42:14.844 [info] > git rev-parse --show-toplevel [3ms]
2024-03-06 17:42:14.844 [info] fatal: not a git repository (or any of the parent directories): .git
2024-03-06 17:42:22.330 [info] > git rev-parse --show-toplevel [1ms]
2024-03-06 17:42:22.330 [info] fatal: not a git repository (or any of the parent directories): .git
2024-03-06 17:42:23.670 [info] > git rev-parse --show-toplevel [1ms]
2024-03-06 17:42:23.670 [info] fatal: not a git repository (or any of the parent directories): .git
2024-03-06 17:42:28.236 [info] > git rev-parse --show-toplevel [2ms]
2024-03-06 17:42:28.236 [info] fatal: not a git repository (or any of the parent directories): .git
2024-03-06 17:42:33.150 [info] > git rev-parse --show-toplevel [1ms]
2024-03-06 17:42:33.150 [info] fatal: not a git repository (or any of the parent directories): .git
2024-03-06 17:42:34.167 [info] > git rev-parse --show-toplevel [2ms]
2024-03-06 17:42:34.167 [info] fatal: not a git repository (or any of the parent directories): .git
2024-03-06 17:42:42.215 [info] > git rev-parse --show-toplevel [1ms]
2024-03-06 17:42:42.215 [info] fatal: not a git repository (or any of the parent directories): .git
2024-03-06 17:43:48.807 [info] > git rev-parse --show-toplevel [2ms]
2024-03-06 17:43:48.807 [info] fatal: not a git repository (or any of the parent directories): .git
2024-03-06 17:43:54.010 [info] > git rev-parse --show-toplevel [1ms]
2024-03-06 17:43:54.010 [info] fatal: not a git repository (or any of the parent directories): .git
2024-03-06 17:43:54.880 [info] > git rev-parse --show-toplevel [2ms]
2024-03-06 17:43:54.880 [info] fatal: not a git repository (or any of the parent directories): .git
2024-03-06 17:43:56.135 [info] > git rev-parse --show-toplevel [2ms]
2024-03-06 17:43:56.135 [info] fatal: not a git repository (or any of the parent directories): .git
2024-03-06 17:43:57.371 [info] > git rev-parse --show-toplevel [2ms]
2024-03-06 17:43:57.371 [info] fatal: not a git repository (or any of the parent directories): .git
2024-03-06 17:44:29.340 [info] > git rev-parse --show-toplevel [1ms]
2024-03-06 17:44:29.340 [info] fatal: not a git repository (or any of the parent directories): .git
2024-03-06 17:44:38.225 [info] > git rev-parse --show-toplevel [1ms]
2024-03-06 17:44:38.225 [info] fatal: not a git repository (or any of the parent directories): .git
2024-03-06 17:44:49.820 [info] > git rev-parse --show-toplevel [1ms]
2024-03-06 17:44:49.821 [info] fatal: not a git repository (or any of the parent directories): .git
2024-03-06 17:44:55.595 [info] > git rev-parse --show-toplevel [1ms]
2024-03-06 17:44:55.595 [info] fatal: not a git repository (or any of the parent directories): .git
2024-03-06 17:45:22.512 [info] > git rev-parse --show-toplevel [1ms]
2024-03-06 17:45:22.512 [info] fatal: not a git repository (or any of the parent directories): .git
2024-03-06 17:45:30.331 [info] > git rev-parse --show-toplevel [1ms]
2024-03-06 17:45:30.331 [info] fatal: not a git repository (or any of the parent directories): .git
2024-03-06 17:45:51.245 [info] > git rev-parse --show-toplevel [2ms]
2024-03-06 17:45:51.245 [info] fatal: not a git repository (or any of the parent directories): .git
2024-03-06 17:46:03.484 [info] > git rev-parse --show-toplevel [0ms]
2024-03-06 17:46:03.484 [info] fatal: not a git repository (or any of the parent directories): .git
2024-03-06 17:46:10.046 [info] > git rev-parse --show-toplevel [2ms]
2024-03-06 17:46:10.046 [info] fatal: not a git repository (or any of the parent directories): .git
2024-03-06 17:46:13.943 [info] > git rev-parse --show-toplevel [1ms]
2024-03-06 17:46:13.943 [info] fatal: not a git repository (or any of the parent directories): .git
2024-03-06 17:46:15.493 [info] > git rev-parse --show-toplevel [1ms]
2024-03-06 17:46:15.493 [info] fatal: not a git repository (or any of the parent directories): .git
2024-03-06 17:46:28.739 [info] > git rev-parse --show-toplevel [1ms]
2024-03-06 17:46:28.739 [info] fatal: not a git repository (or any of the parent directories): .git
2024-03-06 17:46:44.341 [info] > git rev-parse --show-toplevel [2ms]
2024-03-06 17:46:44.341 [info] fatal: not a git repository (or any of the parent directories): .git
2024-03-06 17:48:00.905 [info] > git rev-parse --show-toplevel [1ms]
2024-03-06 17:48:00.905 [info] fatal: not a git repository (or any of the parent directories): .git
2024-03-06 17:48:14.347 [info] > git rev-parse --show-toplevel [1ms]
2024-03-06 17:48:14.347 [info] fatal: not a git repository (or any of the parent directories): .git
2024-03-06 17:48:15.346 [info] > git rev-parse --show-toplevel [1ms]
2024-03-06 17:48:15.346 [info] fatal: not a git repository (or any of the parent directories): .git
2024-03-06 17:48:18.217 [info] > git rev-parse --show-toplevel [1ms]
2024-03-06 17:48:18.217 [info] fatal: not a git repository (or any of the parent directories): .git
2024-03-06 17:48:23.073 [info] > git rev-parse --show-toplevel [1ms]
2024-03-06 17:48:23.073 [info] fatal: not a git repository (or any of the parent directories): .git
2024-03-06 17:48:30.627 [info] > git rev-parse --show-toplevel [1ms]
2024-03-06 17:48:30.627 [info] fatal: not a git repository (or any of the parent directories): .git
2024-03-06 17:48:38.791 [info] > git rev-parse --show-toplevel [1ms]
2024-03-06 17:48:38.791 [info] fatal: not a git repository (or any of the parent directories): .git
2024-03-06 17:48:48.035 [info] > git rev-parse --show-toplevel [1ms]
2024-03-06 17:48:48.035 [info] fatal: not a git repository (or any of the parent directories): .git
2024-03-06 17:49:04.028 [info] > git rev-parse --show-toplevel [1ms]
2024-03-06 17:49:04.028 [info] fatal: not a git repository (or any of the parent directories): .git
2024-03-06 17:49:10.996 [info] > git rev-parse --show-toplevel [1ms]
2024-03-06 17:49:10.996 [info] fatal: not a git repository (or any of the parent directories): .git
2024-03-06 17:49:32.324 [info] > git rev-parse --show-toplevel [1ms]
2024-03-06 17:49:32.324 [info] fatal: not a git repository (or any of the parent directories): .git
2024-03-06 17:49:33.546 [info] > git rev-parse --show-toplevel [1ms]
2024-03-06 17:49:33.546 [info] fatal: not a git repository (or any of the parent directories): .git
2024-03-06 17:49:33.946 [info] > git rev-parse --show-toplevel [1ms]
2024-03-06 17:49:33.946 [info] fatal: not a git repository (or any of the parent directories): .git
2024-03-06 17:49:37.889 [info] > git rev-parse --show-toplevel [1ms]
2024-03-06 17:49:37.889 [info] fatal: not a git repository (or any of the parent directories): .git
2024-03-06 17:49:39.142 [info] > git rev-parse --show-toplevel [1ms]
2024-03-06 17:49:39.142 [info] fatal: not a git repository (or any of the parent directories): .git
2024-03-06 17:49:39.851 [info] > git rev-parse --show-toplevel [1ms]
2024-03-06 17:49:39.852 [info] fatal: not a git repository (or any of the parent directories): .git
2024-03-06 17:49:53.765 [info] > git rev-parse --show-toplevel [2ms]
2024-03-06 17:49:53.765 [info] fatal: not a git repository (or any of the parent directories): .git
2024-03-06 17:49:55.468 [info] > git rev-parse --show-toplevel [2ms]
2024-03-06 17:49:55.468 [info] fatal: not a git repository (or any of the parent directories): .git
2024-03-06 17:50:03.263 [info] > git rev-parse --show-toplevel [2ms]
2024-03-06 17:50:03.263 [info] fatal: not a git repository (or any of the parent directories): .git
2024-03-06 17:50:04.150 [info] > git rev-parse --show-toplevel [2ms]
2024-03-06 17:50:04.150 [info] fatal: not a git repository (or any of the parent directories): .git
2024-03-06 17:50:07.366 [info] > git rev-parse --show-toplevel [1ms]
2024-03-06 17:50:07.366 [info] fatal: not a git repository (or any of the parent directories): .git
2024-03-06 17:50:08.252 [info] > git rev-parse --show-toplevel [2ms]
2024-03-06 17:50:08.252 [info] fatal: not a git repository (or any of the parent directories): .git
2024-03-06 17:50:17.771 [info] > git rev-parse --show-toplevel [1ms]
2024-03-06 17:50:17.771 [info] fatal: not a git repository (or any of the parent directories): .git
2024-03-06 17:50:20.026 [info] > git rev-parse --show-toplevel [1ms]
2024-03-06 17:50:20.026 [info] fatal: not a git repository (or any of the parent directories): .git
2024-03-06 17:50:22.507 [info] > git rev-parse --show-toplevel [1ms]
2024-03-06 17:50:22.507 [info] fatal: not a git repository (or any of the parent directories): .git
2024-03-06 17:50:25.814 [info] > git rev-parse --show-toplevel [2ms]
2024-03-06 17:50:25.814 [info] fatal: not a git repository (or any of the parent directories): .git
2024-03-06 17:50:26.912 [info] > git rev-parse --show-toplevel [2ms]
2024-03-06 17:50:26.912 [info] fatal: not a git repository (or any of the parent directories): .git
2024-03-06 17:50:30.172 [info] > git rev-parse --show-toplevel [2ms]
2024-03-06 17:50:30.172 [info] fatal: not a git repository (or any of the parent directories): .git
2024-03-06 17:50:31.267 [info] > git rev-parse --show-toplevel [2ms]
2024-03-06 17:50:31.267 [info] fatal: not a git repository (or any of the parent directories): .git
2024-03-06 17:50:32.533 [info] > git rev-parse --show-toplevel [1ms]
2024-03-06 17:50:32.533 [info] fatal: not a git repository (or any of the parent directories): .git
2024-03-06 17:50:33.213 [info] > git rev-parse --show-toplevel [1ms]
2024-03-06 17:50:33.213 [info] fatal: not a git repository (or any of the parent directories): .git
2024-03-06 17:50:34.119 [info] > git rev-parse --show-toplevel [2ms]
2024-03-06 17:50:34.119 [info] fatal: not a git repository (or any of the parent directories): .git
2024-03-06 17:50:34.865 [info] > git rev-parse --show-toplevel [1ms]
2024-03-06 17:50:34.865 [info] fatal: not a git repository (or any of the parent directories): .git
2024-03-06 17:50:43.552 [info] > git rev-parse --show-toplevel [2ms]
2024-03-06 17:50:43.552 [info] fatal: not a git repository (or any of the parent directories): .git
2024-03-06 17:50:44.807 [info] > git rev-parse --show-toplevel [2ms]
2024-03-06 17:50:44.807 [info] fatal: not a git repository (or any of the parent directories): .git
2024-03-06 17:50:46.444 [info] > git rev-parse --show-toplevel [2ms]
2024-03-06 17:50:46.445 [info] fatal: not a git repository (or any of the parent directories): .git
2024-03-06 17:50:47.794 [info] > git rev-parse --show-toplevel [2ms]
2024-03-06 17:50:47.794 [info] fatal: not a git repository (or any of the parent directories): .git
2024-03-06 17:50:52.891 [info] > git rev-parse --show-toplevel [1ms]
2024-03-06 17:50:52.891 [info] fatal: not a git repository (or any of the parent directories): .git
2024-03-06 17:51:31.740 [info] > git rev-parse --show-toplevel [1ms]
2024-03-06 17:51:31.740 [info] fatal: not a git repository (or any of the parent directories): .git
2024-03-06 17:51:32.633 [info] > git rev-parse --show-toplevel [1ms]
2024-03-06 17:51:32.633 [info] fatal: not a git repository (or any of the parent directories): .git
2024-03-06 17:52:41.232 [info] > git rev-parse --show-toplevel [1ms]
2024-03-06 17:52:41.232 [info] fatal: not a git repository (or any of the parent directories): .git
2024-03-06 17:53:13.833 [info] > git rev-parse --show-toplevel [1ms]
2024-03-06 17:53:13.833 [info] fatal: not a git repository (or any of the parent directories): .git
2024-03-06 17:53:34.544 [info] > git rev-parse --show-toplevel [2ms]
2024-03-06 17:53:34.544 [info] fatal: not a git repository (or any of the parent directories): .git
2024-03-06 17:53:35.570 [info] > git rev-parse --show-toplevel [1ms]
2024-03-06 17:53:35.570 [info] fatal: not a git repository (or any of the parent directories): .git
2024-03-06 17:53:35.904 [info] > git rev-parse --show-toplevel [1ms]
2024-03-06 17:53:35.904 [info] fatal: not a git repository (or any of the parent directories): .git
2024-03-06 17:53:36.839 [info] > git rev-parse --show-toplevel [1ms]
2024-03-06 17:53:36.839 [info] fatal: not a git repository (or any of the parent directories): .git
2024-03-06 17:53:41.371 [info] > git rev-parse --show-toplevel [2ms]
2024-03-06 17:53:41.371 [info] fatal: not a git repository (or any of the parent directories): .git
2024-03-06 17:53:45.399 [info] > git rev-parse --show-toplevel [1ms]
2024-03-06 17:53:45.399 [info] fatal: not a git repository (or any of the parent directories): .git
2024-03-06 17:53:59.464 [info] > git rev-parse --show-toplevel [2ms]
2024-03-06 17:53:59.464 [info] fatal: not a git repository (or any of the parent directories): .git
2024-03-06 17:55:00.792 [info] > git rev-parse --show-toplevel [1ms]
2024-03-06 17:55:00.792 [info] fatal: not a git repository (or any of the parent directories): .git
2024-03-06 17:55:07.119 [info] > git rev-parse --show-toplevel [2ms]
2024-03-06 17:55:07.119 [info] fatal: not a git repository (or any of the parent directories): .git
2024-03-06 17:55:08.539 [info] > git rev-parse --show-toplevel [1ms]
2024-03-06 17:55:08.539 [info] fatal: not a git repository (or any of the parent directories): .git
2024-03-06 17:55:28.641 [info] > git rev-parse --show-toplevel [2ms]
2024-03-06 17:55:28.641 [info] fatal: not a git repository (or any of the parent directories): .git
2024-03-06 17:55:32.171 [info] > git rev-parse --show-toplevel [1ms]
2024-03-06 17:55:32.171 [info] fatal: not a git repository (or any of the parent directories): .git
2024-03-06 17:56:35.054 [info] > git rev-parse --show-toplevel [1ms]
2024-03-06 17:56:35.054 [info] fatal: not a git repository (or any of the parent directories): .git
2024-03-06 18:18:11.953 [info] > git rev-parse --show-toplevel [3ms]
2024-03-06 18:18:11.953 [info] fatal: not a git repository (or any of the parent directories): .git
2024-03-06 18:19:56.583 [info] > git rev-parse --show-toplevel [2ms]
2024-03-06 18:19:56.583 [info] fatal: not a git repository (or any of the parent directories): .git
2024-03-06 18:20:05.360 [info] > git rev-parse --show-toplevel [1ms]
2024-03-06 18:20:05.360 [info] fatal: not a git repository (or any of the parent directories): .git
2024-03-06 18:20:13.224 [info] > git rev-parse --show-toplevel [1ms]
2024-03-06 18:20:13.225 [info] fatal: not a git repository (or any of the parent directories): .git
2024-03-06 18:20:14.420 [info] > git rev-parse --show-toplevel [0ms]
2024-03-06 18:20:14.420 [info] fatal: not a git repository (or any of the parent directories): .git
2024-03-06 18:20:57.439 [info] > git rev-parse --show-toplevel [3ms]
2024-03-06 18:20:57.439 [info] fatal: not a git repository (or any of the parent directories): .git
2024-03-06 18:21:19.252 [info] > git rev-parse --show-toplevel [3ms]
2024-03-06 18:21:19.252 [info] fatal: not a git repository (or any of the parent directories): .git
2024-03-06 18:21:22.794 [info] > git rev-parse --show-toplevel [0ms]
2024-03-06 18:21:22.794 [info] fatal: not a git repository (or any of the parent directories): .git
2024-03-06 18:21:25.354 [info] > git rev-parse --show-toplevel [1ms]
2024-03-06 18:21:25.354 [info] fatal: not a git repository (or any of the parent directories): .git
2024-03-06 18:21:50.085 [info] > git rev-parse --show-toplevel [2ms]
2024-03-06 18:21:50.085 [info] fatal: not a git repository (or any of the parent directories): .git
2024-03-06 18:21:50.553 [info] > git rev-parse --show-toplevel [1ms]
2024-03-06 18:21:50.553 [info] fatal: not a git repository (or any of the parent directories): .git
2024-03-06 18:21:51.533 [info] > git rev-parse --show-toplevel [2ms]
2024-03-06 18:21:51.533 [info] fatal: not a git repository (or any of the parent directories): .git
2024-03-06 18:23:12.657 [info] > git rev-parse --show-toplevel [1ms]
2024-03-06 18:23:12.657 [info] fatal: not a git repository (or any of the parent directories): .git
2024-03-06 18:23:14.951 [info] > git rev-parse --show-toplevel [1ms]
2024-03-06 18:23:14.951 [info] fatal: not a git repository (or any of the parent directories): .git
2024-03-06 18:29:43.732 [info] > git rev-parse --show-toplevel [1ms]
2024-03-06 18:29:43.732 [info] fatal: not a git repository (or any of the parent directories): .git
2024-03-06 18:30:33.936 [info] > git rev-parse --show-toplevel [2ms]
2024-03-06 18:30:33.936 [info] fatal: not a git repository (or any of the parent directories): .git
2024-03-06 18:30:40.859 [info] > git rev-parse --show-toplevel [2ms]
2024-03-06 18:30:40.859 [info] fatal: not a git repository (or any of the parent directories): .git
2024-03-06 18:30:44.774 [info] > git rev-parse --show-toplevel [2ms]
2024-03-06 18:30:44.774 [info] fatal: not a git repository (or any of the parent directories): .git
2024-03-06 18:30:48.088 [info] > git rev-parse --show-toplevel [2ms]
2024-03-06 18:30:48.088 [info] fatal: not a git repository (or any of the parent directories): .git
2024-03-06 18:31:07.426 [info] > git rev-parse --show-toplevel [1ms]
2024-03-06 18:31:07.426 [info] fatal: not a git repository (or any of the parent directories): .git
2024-03-06 18:31:11.365 [info] > git rev-parse --show-toplevel [1ms]
2024-03-06 18:31:11.365 [info] fatal: not a git repository (or any of the parent directories): .git
2024-03-06 18:34:01.347 [info] > git rev-parse --show-toplevel [2ms]
2024-03-06 18:34:01.347 [info] fatal: not a git repository (or any of the parent directories): .git
2024-03-06 18:34:19.441 [info] > git rev-parse --show-toplevel [2ms]
2024-03-06 18:34:19.441 [info] fatal: not a git repository (or any of the parent directories): .git
2024-03-06 18:34:37.431 [info] > git rev-parse --show-toplevel [1ms]
2024-03-06 18:34:37.431 [info] fatal: not a git repository (or any of the parent directories): .git
2024-03-06 18:34:47.506 [info] > git rev-parse --show-toplevel [2ms]
2024-03-06 18:34:47.506 [info] fatal: not a git repository (or any of the parent directories): .git
2024-03-06 18:34:52.139 [info] > git rev-parse --show-toplevel [1ms]
2024-03-06 18:34:52.139 [info] fatal: not a git repository (or any of the parent directories): .git
2024-03-06 18:34:53.781 [info] > git rev-parse --show-toplevel [0ms]
2024-03-06 18:34:53.781 [info] fatal: not a git repository (or any of the parent directories): .git
2024-03-06 18:35:17.548 [info] > git rev-parse --show-toplevel [0ms]
2024-03-06 18:35:17.549 [info] fatal: not a git repository (or any of the parent directories): .git
2024-03-06 18:35:25.208 [info] > git rev-parse --show-toplevel [2ms]
2024-03-06 18:35:25.208 [info] fatal: not a git repository (or any of the parent directories): .git
2024-03-06 18:35:28.400 [info] > git rev-parse --show-toplevel [3ms]
2024-03-06 18:35:28.400 [info] fatal: not a git repository (or any of the parent directories): .git
2024-03-06 18:35:28.776 [info] > git rev-parse --show-toplevel [1ms]
2024-03-06 18:35:28.777 [info] fatal: not a git repository (or any of the parent directories): .git
2024-03-06 18:35:35.027 [info] > git rev-parse --show-toplevel [2ms]
2024-03-06 18:35:35.027 [info] fatal: not a git repository (or any of the parent directories): .git
2024-03-06 18:35:38.677 [info] > git rev-parse --show-toplevel [3ms]
2024-03-06 18:35:38.677 [info] fatal: not a git repository (or any of the parent directories): .git
2024-03-06 18:35:39.955 [info] > git rev-parse --show-toplevel [2ms]
2024-03-06 18:35:39.955 [info] fatal: not a git repository (or any of the parent directories): .git
2024-03-06 18:36:21.309 [info] > git rev-parse --show-toplevel [1ms]
2024-03-06 18:36:21.309 [info] fatal: not a git repository (or any of the parent directories): .git
2024-03-06 18:36:26.209 [info] > git rev-parse --show-toplevel [1ms]
2024-03-06 18:36:26.209 [info] fatal: not a git repository (or any of the parent directories): .git
2024-03-06 18:36:28.878 [info] > git rev-parse --show-toplevel [1ms]
2024-03-06 18:36:28.878 [info] fatal: not a git repository (or any of the parent directories): .git
2024-03-06 18:36:33.274 [info] > git rev-parse --show-toplevel [2ms]
2024-03-06 18:36:33.274 [info] fatal: not a git repository (or any of the parent directories): .git
2024-03-06 18:36:34.026 [info] > git rev-parse --show-toplevel [1ms]
2024-03-06 18:36:34.026 [info] fatal: not a git repository (or any of the parent directories): .git
2024-03-06 18:36:46.221 [info] > git rev-parse --show-toplevel [1ms]
2024-03-06 18:36:46.221 [info] fatal: not a git repository (or any of the parent directories): .git
2024-03-06 18:36:53.066 [info] > git rev-parse --show-toplevel [1ms]
2024-03-06 18:36:53.066 [info] fatal: not a git repository (or any of the parent directories): .git
2024-03-06 18:37:57.307 [info] > git rev-parse --show-toplevel [1ms]
2024-03-06 18:37:57.307 [info] fatal: not a git repository (or any of the parent directories): .git
2024-03-06 18:37:57.782 [info] > git rev-parse --show-toplevel [1ms]
2024-03-06 18:37:57.782 [info] fatal: not a git repository (or any of the parent directories): .git
2024-03-06 18:38:02.978 [info] > git rev-parse --show-toplevel [0ms]
2024-03-06 18:38:02.978 [info] fatal: not a git repository (or any of the parent directories): .git
2024-03-06 18:38:19.280 [info] > git rev-parse --show-toplevel [1ms]
2024-03-06 18:38:19.280 [info] fatal: not a git repository (or any of the parent directories): .git
2024-03-06 18:38:40.266 [info] > git rev-parse --show-toplevel [3ms]
2024-03-06 18:38:40.266 [info] fatal: not a git repository (or any of the parent directories): .git
2024-03-06 18:38:42.709 [info] > git rev-parse --show-toplevel [2ms]
2024-03-06 18:38:42.709 [info] fatal: not a git repository (or any of the parent directories): .git
2024-03-06 18:38:47.243 [info] > git rev-parse --show-toplevel [1ms]
2024-03-06 18:38:47.243 [info] fatal: not a git repository (or any of the parent directories): .git
2024-03-06 18:38:53.818 [info] > git rev-parse --show-toplevel [1ms]
2024-03-06 18:38:53.818 [info] fatal: not a git repository (or any of the parent directories): .git
2024-03-06 18:38:59.945 [info] > git rev-parse --show-toplevel [1ms]
2024-03-06 18:38:59.945 [info] fatal: not a git repository (or any of the parent directories): .git
2024-03-06 18:39:07.876 [info] > git rev-parse --show-toplevel [2ms]
2024-03-06 18:39:07.876 [info] fatal: not a git repository (or any of the parent directories): .git
2024-03-06 18:39:10.135 [info] > git rev-parse --show-toplevel [1ms]
2024-03-06 18:39:10.135 [info] fatal: not a git repository (or any of the parent directories): .git
2024-03-06 18:40:14.905 [info] > git rev-parse --show-toplevel [1ms]
2024-03-06 18:40:14.905 [info] fatal: not a git repository (or any of the parent directories): .git
2024-03-06 18:40:16.233 [info] > git rev-parse --show-toplevel [1ms]
2024-03-06 18:40:16.233 [info] fatal: not a git repository (or any of the parent directories): .git
2024-03-06 18:40:21.571 [info] > git rev-parse --show-toplevel [3ms]
2024-03-06 18:40:21.571 [info] fatal: not a git repository (or any of the parent directories): .git
2024-03-06 18:40:34.304 [info] > git rev-parse --show-toplevel [1ms]
2024-03-06 18:40:34.304 [info] fatal: not a git repository (or any of the parent directories): .git
2024-03-06 18:40:36.144 [info] > git rev-parse --show-toplevel [1ms]
2024-03-06 18:40:36.144 [info] fatal: not a git repository (or any of the parent directories): .git
2024-03-06 18:41:51.802 [info] > git rev-parse --show-toplevel [1ms]
2024-03-06 18:41:51.802 [info] fatal: not a git repository (or any of the parent directories): .git
2024-03-06 18:41:52.336 [info] > git rev-parse --show-toplevel [1ms]
2024-03-06 18:41:52.336 [info] fatal: not a git repository (or any of the parent directories): .git
2024-03-06 18:41:53.066 [info] > git rev-parse --show-toplevel [2ms]
2024-03-06 18:41:53.066 [info] fatal: not a git repository (or any of the parent directories): .git
2024-03-06 18:42:07.039 [info] > git rev-parse --show-toplevel [2ms]
2024-03-06 18:42:07.039 [info] fatal: not a git repository (or any of the parent directories): .git
2024-03-06 18:42:10.090 [info] > git rev-parse --show-toplevel [1ms]
2024-03-06 18:42:10.090 [info] fatal: not a git repository (or any of the parent directories): .git
2024-03-06 18:42:51.323 [info] > git rev-parse --show-toplevel [1ms]
2024-03-06 18:42:51.324 [info] fatal: not a git repository (or any of the parent directories): .git
2024-03-06 18:43:24.275 [info] > git rev-parse --show-toplevel [1ms]
2024-03-06 18:43:24.275 [info] fatal: not a git repository (or any of the parent directories): .git
2024-03-06 18:47:07.696 [info] > git rev-parse --show-toplevel [1ms]
2024-03-06 18:47:07.696 [info] fatal: not a git repository (or any of the parent directories): .git
2024-03-06 18:47:09.723 [info] > git rev-parse --show-toplevel [1ms]
2024-03-06 18:47:09.723 [info] fatal: not a git repository (or any of the parent directories): .git
2024-03-06 18:47:26.734 [info] > git rev-parse --show-toplevel [0ms]
2024-03-06 18:47:26.734 [info] fatal: not a git repository (or any of the parent directories): .git
2024-03-06 18:47:28.238 [info] > git rev-parse --show-toplevel [2ms]
2024-03-06 18:47:28.238 [info] fatal: not a git repository (or any of the parent directories): .git
2024-03-06 18:47:30.113 [info] > git rev-parse --show-toplevel [1ms]
2024-03-06 18:47:30.113 [info] fatal: not a git repository (or any of the parent directories): .git
2024-03-06 18:47:33.907 [info] > git rev-parse --show-toplevel [1ms]
2024-03-06 18:47:33.907 [info] fatal: not a git repository (or any of the parent directories): .git
2024-03-06 18:47:34.991 [info] > git rev-parse --show-toplevel [1ms]
2024-03-06 18:47:34.991 [info] fatal: not a git repository (or any of the parent directories): .git
2024-03-06 18:47:35.692 [info] > git rev-parse --show-toplevel [1ms]
2024-03-06 18:47:35.692 [info] fatal: not a git repository (or any of the parent directories): .git
2024-03-06 18:48:08.418 [info] > git rev-parse --show-toplevel [1ms]
2024-03-06 18:48:08.418 [info] fatal: not a git repository (or any of the parent directories): .git
2024-03-06 18:48:10.972 [info] > git rev-parse --show-toplevel [1ms]
2024-03-06 18:48:10.972 [info] fatal: not a git repository (or any of the parent directories): .git
2024-03-06 18:48:14.558 [info] > git rev-parse --show-toplevel [1ms]
2024-03-06 18:48:14.558 [info] fatal: not a git repository (or any of the parent directories): .git
2024-03-06 18:49:13.661 [info] > git rev-parse --show-toplevel [2ms]
2024-03-06 18:49:13.661 [info] fatal: not a git repository (or any of the parent directories): .git
2024-03-06 18:49:15.312 [info] > git rev-parse --show-toplevel [1ms]
2024-03-06 18:49:15.312 [info] fatal: not a git repository (or any of the parent directories): .git
2024-03-06 18:49:16.426 [info] > git rev-parse --show-toplevel [1ms]
2024-03-06 18:49:16.426 [info] fatal: not a git repository (or any of the parent directories): .git
2024-03-06 18:49:48.562 [info] > git rev-parse --show-toplevel [1ms]
2024-03-06 18:49:48.562 [info] fatal: not a git repository (or any of the parent directories): .git
2024-03-06 18:50:03.789 [info] > git rev-parse --show-toplevel [2ms]
2024-03-06 18:50:03.789 [info] fatal: not a git repository (or any of the parent directories): .git
2024-03-06 18:50:06.447 [info] > git rev-parse --show-toplevel [1ms]
2024-03-06 18:50:06.447 [info] fatal: not a git repository (or any of the parent directories): .git
2024-03-06 18:50:07.522 [info] > git rev-parse --show-toplevel [1ms]
2024-03-06 18:50:07.522 [info] fatal: not a git repository (or any of the parent directories): .git
